{
    "data": {
        "post_stream": {
            "posts": [
                {
                    "id": 3302653,
                    "name": "Samuel Helton",
                    "username": "Bigmansam34",
                    "avatar_template": "/letter_avatar_proxy/v4/letter/b/9dc877/{size}.png",
                    "created_at": "2024-02-06T01:03:33.060Z",
                    "cooked": "Hello, i am relatively new to the language of c/++ and chief delphi and was having some difficulties when deploying specific code to our robot. Building it poses no errors, and when it is deployed, it also shows no errors. However, the driver station reports that there is no robot code, and the RioLog was only reporting:\n\nRobot Program Starting NT: could not open persistent file ‘/home/lvuser/networktables.json’: no such file or directory NT: Listening on NT3 port 1735, NT4 port 5810\n\nIm not sure if this is due to a specific code error, but whatever may have gone wrong doesnt show up on the error list.\n\nHas anyone else had this problem or was there something that i did wrong?\n\nThank you!",
                    "post_number": 1,
                    "post_type": 1,
                    "posts_count": 8,
                    "updated_at": "2024-02-06T01:04:17.228Z",
                    "reply_count": 0,
                    "reply_to_post_number": null,
                    "quote_count": 0,
                    "incoming_link_count": 105,
                    "reads": 51,
                    "readers_count": 50,
                    "score": 535.2,
                    "yours": false,
                    "topic_id": 453508,
                    "topic_slug": "invisible-errors-after-using-networktables",
                    "display_username": "Samuel Helton",
                    "primary_group_name": null,
                    "flair_name": null,
                    "flair_url": null,
                    "flair_bg_color": null,
                    "flair_color": null,
                    "flair_group_id": null,
                    "badges_granted": [],
                    "version": 1,
                    "can_edit": false,
                    "can_delete": false,
                    "can_recover": false,
                    "can_see_hidden_post": true,
                    "can_wiki": false,
                    "read": true,
                    "user_title": null,
                    "bookmarked": false,
                    "actions_summary": [],
                    "moderator": false,
                    "admin": false,
                    "staff": false,
                    "user_id": 64007,
                    "hidden": false,
                    "trust_level": 1,
                    "deleted_at": null,
                    "user_deleted": false,
                    "edit_reason": null,
                    "can_view_edit_history": true,
                    "wiki": false,
                    "user_custom_fields": {
                        "user_field_4": "Part-Time Idiot"
                    },
                    "post_url": "/t/invisible-errors-after-using-networktables/453508/1",
                    "custom_user_title": "Part-Time Idiot",
                    "reactions": [],
                    "current_user_reaction": null,
                    "reaction_users_count": 0,
                    "current_user_used_main_reaction": false,
                    "can_accept_answer": false,
                    "can_unaccept_answer": false,
                    "accepted_answer": false,
                    "topic_accepted_answer": true,
                    "can_vote": false
                },
                {
                    "id": 3302666,
                    "name": "Peter Johnson",
                    "username": "Peter_Johnson",
                    "avatar_template": "/user_avatar/www.chiefdelphi.com/peter_johnson/{size}/10417_2.png",
                    "created_at": "2024-02-06T01:16:11.153Z",
                    "cooked": "So the problem isn’t necessarily NetworkTables.  Those messages get printed out any time you start robot code.  Most likely, your code is crashing during startup.  Unfortunately, unlike Java, C++ doesn’t provide much in terms of debugging information to the console from a crash (e.g. such as a stacktrace), so you will have to use a debugger to find the problem.  One thing to try would be running your code in desktop simulation to see if it also crashes there, as it’s often easier to debug and isolate issues on desktop than doing remote debugging.\n\nIf you post a link to your code we may be able to find the problem by looking at the code, but debugging it yourself is an important skill to learn.",
                    "post_number": 2,
                    "post_type": 1,
                    "posts_count": 8,
                    "updated_at": "2024-02-06T01:16:48.665Z",
                    "reply_count": 0,
                    "reply_to_post_number": null,
                    "quote_count": 0,
                    "incoming_link_count": 0,
                    "reads": 43,
                    "readers_count": 42,
                    "score": 8.6,
                    "yours": false,
                    "topic_id": 453508,
                    "topic_slug": "invisible-errors-after-using-networktables",
                    "display_username": "Peter Johnson",
                    "primary_group_name": null,
                    "flair_name": null,
                    "flair_url": null,
                    "flair_bg_color": null,
                    "flair_color": null,
                    "flair_group_id": null,
                    "badges_granted": [],
                    "version": 1,
                    "can_edit": false,
                    "can_delete": false,
                    "can_recover": false,
                    "can_see_hidden_post": true,
                    "can_wiki": false,
                    "read": true,
                    "user_title": "",
                    "bookmarked": false,
                    "actions_summary": [],
                    "moderator": false,
                    "admin": false,
                    "staff": false,
                    "user_id": 13575,
                    "hidden": false,
                    "trust_level": 2,
                    "deleted_at": null,
                    "user_deleted": false,
                    "edit_reason": null,
                    "can_view_edit_history": true,
                    "wiki": false,
                    "user_custom_fields": {
                        "user_field_4": "Volunteer WPILib Developer, CSA"
                    },
                    "post_url": "/t/invisible-errors-after-using-networktables/453508/2",
                    "custom_user_title": "Volunteer WPILib Developer, CSA",
                    "reactions": [],
                    "current_user_reaction": null,
                    "reaction_users_count": 0,
                    "current_user_used_main_reaction": false,
                    "can_accept_answer": false,
                    "can_unaccept_answer": false,
                    "accepted_answer": false,
                    "topic_accepted_answer": true
                },
                {
                    "id": 3302708,
                    "name": "Allen Nuttle",
                    "username": "nuttle",
                    "avatar_template": "/user_avatar/www.chiefdelphi.com/nuttle/{size}/124105_2.png",
                    "created_at": "2024-02-06T02:12:40.412Z",
                    "cooked": "You can also use “WPILib: debug robot code” and then paste the error messages here.  It will also be helpful if you share your code, ideally by using GitHub.  It’s a lot to learn, but I agree that it will be helpful to get to the point where you can do this.",
                    "post_number": 3,
                    "post_type": 1,
                    "posts_count": 8,
                    "updated_at": "2024-02-06T02:12:40.412Z",
                    "reply_count": 2,
                    "reply_to_post_number": null,
                    "quote_count": 0,
                    "incoming_link_count": 0,
                    "reads": 35,
                    "readers_count": 34,
                    "score": 17.0,
                    "yours": false,
                    "topic_id": 453508,
                    "topic_slug": "invisible-errors-after-using-networktables",
                    "display_username": "Allen Nuttle",
                    "primary_group_name": null,
                    "flair_name": null,
                    "flair_url": null,
                    "flair_bg_color": null,
                    "flair_color": null,
                    "flair_group_id": null,
                    "badges_granted": [],
                    "version": 1,
                    "can_edit": false,
                    "can_delete": false,
                    "can_recover": false,
                    "can_see_hidden_post": true,
                    "can_wiki": false,
                    "read": true,
                    "user_title": "",
                    "bookmarked": false,
                    "actions_summary": [],
                    "moderator": false,
                    "admin": false,
                    "staff": false,
                    "user_id": 14283,
                    "hidden": false,
                    "trust_level": 2,
                    "deleted_at": null,
                    "user_deleted": false,
                    "edit_reason": null,
                    "can_view_edit_history": true,
                    "wiki": false,
                    "user_custom_fields": {
                        "user_field_4": ""
                    },
                    "post_url": "/t/invisible-errors-after-using-networktables/453508/3",
                    "custom_user_title": null,
                    "reactions": [],
                    "current_user_reaction": null,
                    "reaction_users_count": 0,
                    "current_user_used_main_reaction": false,
                    "can_accept_answer": false,
                    "can_unaccept_answer": false,
                    "accepted_answer": false,
                    "topic_accepted_answer": true
                },
                {
                    "id": 3303538,
                    "name": "Samuel Helton",
                    "username": "Bigmansam34",
                    "avatar_template": "/letter_avatar_proxy/v4/letter/b/9dc877/{size}.png",
                    "created_at": "2024-02-06T22:26:44.478Z",
                    "cooked": "Here are the error messages i got after running the Start Debugging, im going to post a few more parts of this as the message is apparently too long for the comment thread.\n\nTask :compileFrcUserProgramWindowsx86-64DebugExecutableFrcUserProgramCpp RobotContainer.cpp C:\\Users\\Administrator.gradle\\caches\\transforms-3\\c20f7972df60a72ca6ca8efbf082bdf2\\transformed\\wpilibNewCommands-cpp-2023.4.3-headers\\frc2/command/CommandPtr.h(10): fatal error C1083: Cannot open include file: ‘span’: No such file or directory cl : Command line warning D9002 : ignoring unknown option ‘/std:c++20’ cl : Command line warning D9002 : ignoring unknown option ‘/Zc:preprocessor’\n\nSwerveDrive.cpp string_view is only available with C++17 or later. C:\\Users\\Administrator.gradle\\caches\\transforms-3\\c0c6198fbf3c4c7410e80a60a213d569\\transformed\\wpiutil-cpp-2023.4.3-headers\\wpi/sendable/SendableRegistry.h(43): error C2039: ‘string_view’: is not a member of ‘std’ C:\\Program Files (x86)\\Microsoft Visual Studio\\2019\\Community\\ VC \\Tools\\MSVC\\14.21.27702\\include\\string(19): note: see declaration of ‘std’ C:\\Users\\Administrator.gradle\\caches\\transforms-3\\c0c6198fbf3c4c7410e80a60a213d569\\transformed\\wpiutil-cpp-2023.4.3-headers\\wpi/sendable/SendableRegistry.h(43): error C2061: syntax error: identifier ‘string_view’ C:\\Users\\Administrator.gradle\\caches\\transforms-3\\c0c6198fbf3c4c7410e80a60a213d569\\transformed\\wpiutil-cpp-2023.4.3-headers\\wpi/sendable/SendableRegistry.h(53): error C2039: ‘string_view’: is not a member of ‘std’ C:\\Program Files (x86)\\Microsoft Visual Studio\\2019\\Community\\ VC \\Tools\\MSVC\\14.21.27702\\include\\string(19): note: see declaration of ‘std’ C:\\Users\\Administrator.gradle\\caches\\transforms-3\\c0c6198fbf3c4c7410e80a60a213d569\\transformed\\wpiutil-cpp-2023.4.3-headers\\wpi/sendable/SendableRegistry.h(53): error C2061: syntax error: identifier ‘string_view’ C:\\Users\\Administrator.gradle\\caches\\transforms-3\\c0c6198fbf3c4c7410e80a60a213d569\\transformed\\wpiutil-cpp-2023.4.3-headers\\wpi/sendable/SendableRegistry.h(53): error C2535: ‘void wpi::SendableRegistry::Add(wpi::Sendable *)’: member function already defined or declared C:\\Users\\Administrator.gradle\\caches\\transforms-3\\c0c6198fbf3c4c7410e80a60a213d569\\transformed\\wpiutil-cpp-2023.4.3-headers\\wpi/sendable/SendableRegistry.h(43): note: see declaration of ‘wpi::SendableRegistry::Add’ C:\\Users\\Administrator.gradle\\caches\\transforms-3\\c0c6198fbf3c4c7410e80a60a213d569\\transformed\\wpiutil-cpp-2023.4.3-headers\\wpi/sendable/SendableRegistry.h(64): error C2039: ‘string_view’: is not a member of ‘std’ C:\\Program Files (x86)\\Microsoft Visual Studio\\2019\\Community\\ VC \\Tools\\MSVC\\14.21.27702\\include\\string(19): note: see declaration of ‘std’ C:\\Users\\Administrator.gradle\\caches\\transforms-3\\c0c6198fbf3c4c7410e80a60a213d569\\transformed\\wpiutil-cpp-2023.4.3-headers\\wpi/sendable/SendableRegistry.h(64): error C2061: syntax error: identifier ‘string_view’ C:\\Users\\Administrator.gradle\\caches\\transforms-3\\c0c6198fbf3c4c7410e80a60a213d569\\transformed\\wpiutil-cpp-2023.4.3-headers\\wpi/sendable/SendableRegistry.h(65): error C2535: ‘void wpi::SendableRegistry::Add(wpi::Sendable *)’: member function already defined or declared C:\\Users\\Administrator.gradle\\caches\\transforms-3\\c0c6198fbf3c4c7410e80a60a213d569\\transformed\\wpiutil-cpp-2023.4.3-headers\\wpi/sendable/SendableRegistry.h(43): note: see declaration of ‘wpi::SendableRegistry::Add’ C:\\Users\\Administrator.gradle\\caches\\transforms-3\\c0c6198fbf3c4c7410e80a60a213d569\\transformed\\wpiutil-cpp-2023.4.3-headers\\wpi/sendable/SendableRegistry.h(74): error C2039: ‘string_view’: is not a member of ‘std’ C:\\Program Files (x86)\\Microsoft Visual Studio\\2019\\Community\\ VC \\Tools\\MSVC\\14.21.27702\\include\\string(19): note: see declaration of ‘std’ C:\\Users\\Administrator.gradle\\caches\\transforms-3\\c0c6198fbf3c4c7410e80a60a213d569\\transformed\\wpiutil-cpp-2023.4.3-headers\\wpi/sendable/SendableRegistry.h(74): error C2061: syntax error: identifier ‘string_view’ C:\\Users\\Administrator.gradle\\caches\\transforms-3\\c0c6198fbf3c4c7410e80a60a213d569\\transformed\\wpiutil-cpp-2023.4.3-headers\\wpi/sendable/SendableRegistry.h(75): error C2535: ‘void wpi::SendableRegistry::Add(wpi::Sendable *)’: member function already defined or declared C:\\Users\\Administrator.gradle\\caches\\transforms-3\\c0c6198fbf3c4c7410e80a60a213d569\\transformed\\wpiutil-cpp-2023.4.3-headers\\wpi/sendable/SendableRegistry.h(43): note: see declaration of ‘wpi::SendableRegistry::Add’ C:\\Users\\Administrator.gradle\\caches\\transforms-3\\c0c6198fbf3c4c7410e80a60a213d569\\transformed\\wpiutil-cpp-2023.4.3-headers\\wpi/sendable/SendableRegistry.h(83): error C2039: ‘string_view’: is not a member of ‘std’ C:\\Program Files (x86)\\Microsoft Visual Studio\\2019\\Community\\ VC \\Tools\\MSVC\\14.21.27702\\include\\string(19): note: see declaration of ‘std’ C:\\Users\\Administrator.gradle\\caches\\transforms-3\\c0c6198fbf3c4c7410e80a60a213d569\\transformed\\wpiutil-cpp-2023.4.3-headers\\wpi/sendable/SendableRegistry.h(83): error C2061: syntax error: identifier ‘string_view’ C:\\Users\\Administrator.gradle\\caches\\transforms-3\\c0c6198fbf3c4c7410e80a60a213d569\\transformed\\wpiutil-cpp-2023.4.3-headers\\wpi/sendable/SendableRegistry.h(93): error C2039: ‘string_view’: is not a member of ‘std’ C:\\Program Files (x86)\\Microsoft Visual Studio\\2019\\Community\\ VC \\Tools\\MSVC\\14.21.27702\\include\\string(19): note: see declaration of ‘std’ C:\\Users\\Administrator.gradle\\caches\\transforms-3\\c0c6198fbf3c4c7410e80a60a213d569\\transformed\\wpiutil-cpp-2023.4.3-headers\\wpi/sendable/SendableRegistry.h(93): error C2061: syntax error: identifier ‘string_view’ C:\\Users\\Administrator.gradle\\caches\\transforms-3\\c0c6198fbf3c4c7410e80a60a213d569\\transformed\\wpiutil-cpp-2023.4.3-headers\\wpi/sendable/SendableRegistry.h(94): error C2535: ‘void wpi::SendableRegistry::AddLW(wpi::Sendable *)’: member function already defined or declared C:\\Users\\Administrator.gradle\\caches\\transforms-3\\c0c6198fbf3c4c7410e80a60a213d569\\transformed\\wpiutil-cpp-2023.4.3-headers\\wpi/sendable/SendableRegistry.h(83): note: see declaration of ‘wpi::SendableRegistry::AddLW’ C:\\Users\\Administrator.gradle\\caches\\transforms-3\\c0c6198fbf3c4c7410e80a60a213d569\\transformed\\wpiutil-cpp-2023.4.3-headers\\wpi/sendable/SendableRegistry.h(105): error C2039: ‘string_view’: is not a member of ‘std’ C:\\Program Files (x86)\\Microsoft Visual Studio\\2019\\Community\\ VC \\Tools\\MSVC\\14.21.27702\\include\\string(19): note: see declaration of ‘std’ C:\\Users\\Administrator.gradle\\caches\\transforms-3\\c0c6198fbf3c4c7410e80a60a213d569\\transformed\\wpiutil-cpp-2023.4.3-headers\\wpi/sendable/SendableRegistry.h(105): error C2061: syntax error: identifier ‘string_view’ C:\\Users\\Administrator.gradle\\caches\\transforms-3\\c0c6198fbf3c4c7410e80a60a213d569\\transformed\\wpiutil-cpp-2023.4.3-headers\\wpi/sendable/SendableRegistry.h(106): error C2535: ‘void wpi::SendableRegistry::AddLW(wpi::Sendable *)’: member function already defined or declared C:\\Users\\Administrator.gradle\\caches\\transforms-3\\c0c6198fbf3c4c7410e80a60a213d569\\transformed\\wpiutil-cpp-2023.4.3-headers\\wpi/sendable/SendableRegistry.h(83): note: see declaration of ‘wpi::SendableRegistry::AddLW’ C:\\Users\\Administrator.gradle\\caches\\transforms-3\\c0c6198fbf3c4c7410e80a60a213d569\\transformed\\wpiutil-cpp-2023.4.3-headers\\wpi/sendable/SendableRegistry.h(115): error C2039: ‘string_view’: is not a member of ‘std’ C:\\Program Files (x86)\\Microsoft Visual Studio\\2019\\Community\\ VC \\Tools\\MSVC\\14.21.27702\\include\\string(19): note: see declaration of ‘std’ C:\\Users\\Administrator.gradle\\caches\\transforms-3\\c0c6198fbf3c4c7410e80a60a213d569\\transformed\\wpiutil-cpp-2023.4.3-headers\\wpi/sendable/SendableRegistry.h(115): error C2061: syntax error: identifier ‘string_view’ C:\\Users\\Administrator.gradle\\caches\\transforms-3\\c0c6198fbf3c4c7410e80a60a213d569\\transformed\\wpiutil-cpp-2023.4.3-headers\\wpi/sendable/SendableRegistry.h(116): error C2535: ‘void wpi::SendableRegistry::AddLW(wpi::Sendable *)’: member function already defined or declared C:\\Users\\Administrator.gradle\\caches\\transforms-3\\c0c6198fbf3c4c7410e80a60a213d569\\transformed\\wpiutil-cpp-2023.4.3-headers\\wpi/sendable/SendableRegistry.h(83): note: see declaration of ‘wpi::SendableRegistry::AddLW’ C:\\Users\\Administrator.gradle\\caches\\transforms-3\\c0c6198fbf3c4c7410e80a60a213d569\\transformed\\wpiutil-cpp-2023.4.3-headers\\wpi/sendable/SendableRegistry.h(174): error C2039: ‘string_view’: is not a member of ‘std’ C:\\Program Files (x86)\\Microsoft Visual Studio\\2019\\Community\\ VC \\Tools\\MSVC\\14.21.27702\\include\\string(19): note: see declaration of ‘std’ C:\\Users\\Administrator.gradle\\caches\\transforms-3\\c0c6198fbf3c4c7410e80a60a213d569\\transformed\\wpiutil-cpp-2023.4.3-headers\\wpi/sendable/SendableRegistry.h(174): error C2061: syntax error: identifier ‘string_view’ C:\\Users\\Administrator.gradle\\caches\\transforms-3\\c0c6198fbf3c4c7410e80a60a213d569\\transformed\\wpiutil-cpp-2023.4.3-headers\\wpi/sendable/SendableRegistry.h(184): error C2039: ‘string_view’: is not a member of ‘std’ C:\\Program Files (x86)\\Microsoft Visual Studio\\2019\\Community\\ VC \\Tools\\MSVC\\14.21.27702\\include\\string(19): note: see declaration of ‘std’ C:\\Users\\Administrator.gradle\\caches\\transforms-3\\c0c6198fbf3c4c7410e80a60a213d569\\transformed\\wpiutil-cpp-2023.4.3-headers\\wpi/sendable/SendableRegistry.h(184): error C2061: syntax error: identifier ‘string_view’ C:\\Users\\Administrator.gradle\\caches\\transforms-3\\c0c6198fbf3c4c7410e80a60a213d569\\transformed\\wpiutil-cpp-2023.4.3-headers\\wpi/sendable/SendableRegistry.h(185): error C2535: ‘void wpi::SendableRegistry::SetName(wpi::Sendable *)’: member function already defined or declared C:\\Users\\Administrator.gradle\\caches\\transforms-3\\c0c6198fbf3c4c7410e80a60a213d569\\transformed\\wpiutil-cpp-2023.4.3-headers\\wpi/sendable/SendableRegistry.h(174): note: see declaration of ‘wpi::SendableRegistry::SetName’ C:\\Users\\Administrator.gradle\\caches\\transforms-3\\c0c6198fbf3c4c7410e80a60a213d569\\transformed\\wpiutil-cpp-2023.4.3-headers\\wpi/sendable/SendableRegistry.h(196): error C2039: ‘string_view’: is not a member of ‘std’ C:\\Program Files (x86)\\Microsoft Visual Studio\\2019\\Community\\ VC \\Tools\\MSVC\\14.21.27702\\include\\string(19): note: see declaration of ‘std’ C:\\Users\\Administrator.gradle\\caches\\transforms-3\\c0c6198fbf3c4c7410e80a60a213d569\\transformed\\wpiutil-cpp-2023.4.3-headers\\wpi/sendable/SendableRegistry.h(196): error C2061: syntax error: identifier ‘string_view’ C:\\Users\\Administrator.gradle\\caches\\transforms-3\\c0c6198fbf3c4c7410e80a60a213d569\\transformed\\wpiutil-cpp-2023.4.3-headers\\wpi/sendable/SendableRegistry.h(197): error C2535: ‘void wpi::SendableRegistry::SetName(wpi::Sendable *)’: member function already defined or declared C:\\Users\\Administrator.gradle\\caches\\transforms-3\\c0c6198fbf3c4c7410e80a60a213d569\\transformed\\wpiutil-cpp-2023.4.3-headers\\wpi/sendable/SendableRegistry.h(174): note: see declaration of ‘wpi::SendableRegistry::SetName’ C:\\Users\\Administrator.gradle\\caches\\transforms-3\\c0c6198fbf3c4c7410e80a60a213d569\\transformed\\wpiutil-cpp-2023.4.3-headers\\wpi/sendable/SendableRegistry.h(206): error C2039: ‘string_view’: is not a member of ‘std’ C:\\Program Files (x86)\\Microsoft Visual Studio\\2019\\Community\\ VC \\Tools\\MSVC\\14.21.27702\\include\\string(19): note: see declaration of ‘std’ C:\\Users\\Administrator.gradle\\caches\\transforms-3\\c0c6198fbf3c4c7410e80a60a213d569\\transformed\\wpiutil-cpp-2023.4.3-headers\\wpi/sendable/SendableRegistry.h(206): error C2061: syntax error: identifier ‘string_view’ C:\\Users\\Administrator.gradle\\caches\\transforms-3\\c0c6198fbf3c4c7410e80a60a213d569\\transformed\\wpiutil-cpp-2023.4.3-headers\\wpi/sendable/SendableRegistry.h(207): error C2535: ‘void wpi::SendableRegistry::SetName(wpi::Sendable *)’: member function already defined or declared C:\\Users\\Administrator.gradle\\caches\\transforms-3\\c0c6198fbf3c4c7410e80a60a213d569\\transformed\\wpiutil-cpp-2023.4.3-headers\\wpi/sendable/SendableRegistry.h(174): note: see declaration of ‘wpi::SendableRegistry::SetName’ C:\\Users\\Administrator.gradle\\caches\\transforms-3\\c0c6198fbf3c4c7410e80a60a213d569\\transformed\\wpiutil-cpp-2023.4.3-headers\\wpi/sendable/SendableRegistry.h(223): error C2039: ‘string_view’: is not a member of ‘std’ C:\\Program Files (x86)\\Microsoft Visual Studio\\2019\\Community\\ VC \\Tools\\MSVC\\14.21.27702\\include\\string(19): note: see declaration of ‘std’ C:\\Users\\Administrator.gradle\\caches\\transforms-3\\c0c6198fbf3c4c7410e80a60a213d569\\transformed\\wpiutil-cpp-2023.4.3-headers\\wpi/sendable/SendableRegistry.h(223): error C2061: syntax error: identifier ‘string_view’ C:\\Users\\Administrator.gradle\\caches\\transforms-3\\c0c6198fbf3c4c7410e80a60a213d569\\transformed\\wpiutil-cpp-2023.4.3-headers\\wpi/sendable/SendableRegistry.h(303): error C2039: ‘string_view’: is not a member of ‘std’ C:\\Program Files (x86)\\Microsoft Visual Studio\\2019\\Community\\ VC \\Tools\\MSVC\\14.21.27702\\include\\string(19): note: see declaration of ‘std’ C:\\Users\\Administrator.gradle\\caches\\transforms-3\\c0c6198fbf3c4c7410e80a60a213d569\\transformed\\wpiutil-cpp-2023.4.3-headers\\wpi/sendable/SendableRegistry.h(303): error C2061: syntax error: identifier ‘string_view’ C:\\Users\\Administrator.gradle\\caches\\transforms-3\\c0c6198fbf3c4c7410e80a60a213d569\\transformed\\wpiutil-cpp-2023.4.3-headers\\wpi/sendable/SendableRegistry.h(314): error C2039: ‘string_view’: is not a member of ‘std’ C:\\Program Files (x86)\\Microsoft Visual Studio\\2019\\Community\\ VC \\Tools\\MSVC\\14.21.27702\\include\\string(19): note: see declaration of ‘std’ C:\\Users\\Administrator.gradle\\caches\\transforms-3\\c0c6198fbf3c4c7410e80a60a213d569\\transformed\\wpiutil-cpp-2023.4.3-headers\\wpi/sendable/SendableRegistry.h(314): error C3646: ‘name’: unknown override specifier C:\\Users\\Administrator.gradle\\caches\\transforms-3\\c0c6198fbf3c4c7410e80a60a213d569\\transformed\\wpiutil-cpp-2023.4.3-headers\\wpi/sendable/SendableRegistry.h(314): error C4430: missing type specifier - int assumed. Note: C++ does not support default-int C:\\Users\\Administrator.gradle\\caches\\transforms-3\\c0c6198fbf3c4c7410e80a60a213d569\\transformed\\wpiutil-cpp-2023.4.3-headers\\wpi/sendable/SendableRegistry.h(315): error C2039: ‘string_view’: is not a member of ‘std’ C:\\Program Files (x86)\\Microsoft Visual Studio\\2019\\Community\\ VC \\Tools\\MSVC\\14.21.27702\\include\\string(19): note: see declaration of ‘std’ C:\\Users\\Administrator.gradle\\caches\\transforms-3\\c0c6198fbf3c4c7410e80a60a213d569\\transformed\\wpiutil-cpp-2023.4.3-headers\\wpi/sendable/SendableRegistry.h(315): error C3646: ‘subsystem’: unknown override specifier C:\\Users\\Administrator.gradle\\caches\\transforms-3\\c0c6198fbf3c4c7410e80a60a213d569\\transformed\\wpiutil-cpp-2023.4.3-headers\\wpi/sendable/SendableRegistry.h(315): error C4430: missing type specifier - int assumed. Note: C++ does not support default-int C:\\Users\\Administrator.gradle\\caches\\transforms-3\\c0c6198fbf3c4c7410e80a60a213d569\\transformed\\wpiutil-cpp-2023.4.3-headers\\wpi/sendable/SendableRegistry.h(307): error C2065: ‘name_’: undeclared identifier C:\\Users\\Administrator.gradle\\caches\\transforms-3\\c0c6198fbf3c4c7410e80a60a213d569\\transformed\\wpiutil-cpp-2023.4.3-headers\\wpi/sendable/SendableRegistry.h(308): error C2065: ‘subsystem_’: undeclared identifier C:\\Users\\Administrator.gradle\\caches\\transforms-3\\c0c6198fbf3c4c7410e80a60a213d569\\transformed\\wpiutil-cpp-2023.4.3-headers\\wpi/sendable/SendableRegistry.h(309): error C2065: ‘parent_’: undeclared identifier C:\\Users\\Administrator.gradle\\caches\\transforms-3\\c0c6198fbf3c4c7410e80a60a213d569\\transformed\\wpiutil-cpp-2023.4.3-headers\\wpi/sendable/SendableRegistry.h(310): error C2065: ‘data_’: undeclared identifier C:\\Users\\Administrator.gradle\\caches\\transforms-3\\c0c6198fbf3c4c7410e80a60a213d569\\transformed\\wpiutil-cpp-2023.4.3-headers\\wpi/sendable/SendableRegistry.h(311): error C2065: ‘builder_’: undeclared identifier C:\\Users\\Administrator.gradle\\caches\\transforms-3\\c0c6198fbf3c4c7410e80a60a213d569\\transformed\\wpiutil-cpp-2023.4.3-headers\\wpi/sendable/SendableRegistry.h(311): error C2439: ‘wpi::SendableRegistry::CallbackData::data’: member could not be initialized C:\\Users\\Administrator.gradle\\caches\\transforms-3\\c0c6198fbf3c4c7410e80a60a213d569\\transformed\\wpiutil-cpp-2023.4.3-headers\\wpi/sendable/SendableRegistry.h(317): note: see declaration of ‘wpi::SendableRegistry::CallbackData::data’ C:\\Users\\Administrator.gradle\\caches\\transforms-3\\c0c6198fbf3c4c7410e80a60a213d569\\transformed\\wpiutil-cpp-2023.4.3-headers\\wpi/sendable/SendableRegistry.h(311): error C2439: ‘wpi::SendableRegistry::CallbackData::builder’: member could not be initialized C:\\Users\\Administrator.gradle\\caches\\transforms-3\\c0c6198fbf3c4c7410e80a60a213d569\\transformed\\wpiutil-cpp-2023.4.3-headers\\wpi/sendable/SendableRegistry.h(318): note: see declaration of ‘wpi::SendableRegistry::CallbackData::builder’ C:\\Users\\Administrator.gradle\\caches\\transforms-3\\c0c6198fbf3c4c7410e80a60a213d569\\transformed\\wpiutil-cpp-2023.4.3-headers\\wpi/sendable/SendableRegistry.h(307): error C2614: ‘wpi::SendableRegistry::CallbackData’: illegal member initialization: ‘name’ is not a base or member C:\\Users\\Administrator.gradle\\caches\\transforms-3\\c0c6198fbf3c4c7410e80a60a213d569\\transformed\\wpiutil-cpp-2023.4.3-headers\\wpi/sendable/SendableRegistry.h(308): error C2614: ‘wpi::SendableRegistry::CallbackData’: illegal member initialization: ‘subsystem’ is not a base or member C:\\Users\\Administrator.gradle\\caches\\transforms-3\\b5573e1fbe4a9de2bc3bb3e55698c86c\\transformed\\wpilibc-cpp-2023.4.3-headers\\frc/SPI.h(10): fatal error C1083: Cannot open include file: ‘span’: No such file or directory cl : Command line warning D9002 : ignoring unknown option ‘/std:c++20’ cl : Command line warning D9002 : ignoring unknown option ‘/Zc:preprocessor’",
                    "post_number": 4,
                    "post_type": 1,
                    "posts_count": 8,
                    "updated_at": "2024-02-06T22:26:44.478Z",
                    "reply_count": 0,
                    "reply_to_post_number": 3,
                    "quote_count": 0,
                    "incoming_link_count": 1,
                    "reads": 33,
                    "readers_count": 32,
                    "score": 11.6,
                    "yours": false,
                    "topic_id": 453508,
                    "topic_slug": "invisible-errors-after-using-networktables",
                    "display_username": "Samuel Helton",
                    "primary_group_name": null,
                    "flair_name": null,
                    "flair_url": null,
                    "flair_bg_color": null,
                    "flair_color": null,
                    "flair_group_id": null,
                    "badges_granted": [],
                    "version": 1,
                    "can_edit": false,
                    "can_delete": false,
                    "can_recover": false,
                    "can_see_hidden_post": true,
                    "can_wiki": false,
                    "read": true,
                    "user_title": null,
                    "reply_to_user": {
                        "id": 14283,
                        "username": "nuttle",
                        "name": "Allen Nuttle",
                        "avatar_template": "/user_avatar/www.chiefdelphi.com/nuttle/{size}/124105_2.png"
                    },
                    "bookmarked": false,
                    "actions_summary": [],
                    "moderator": false,
                    "admin": false,
                    "staff": false,
                    "user_id": 64007,
                    "hidden": false,
                    "trust_level": 1,
                    "deleted_at": null,
                    "user_deleted": false,
                    "edit_reason": null,
                    "can_view_edit_history": true,
                    "wiki": false,
                    "user_custom_fields": {
                        "user_field_4": "Part-Time Idiot"
                    },
                    "post_url": "/t/invisible-errors-after-using-networktables/453508/4",
                    "custom_user_title": "Part-Time Idiot",
                    "reactions": [],
                    "current_user_reaction": null,
                    "reaction_users_count": 0,
                    "current_user_used_main_reaction": false,
                    "can_accept_answer": false,
                    "can_unaccept_answer": false,
                    "accepted_answer": false,
                    "topic_accepted_answer": true
                },
                {
                    "id": 3303540,
                    "name": "Samuel Helton",
                    "username": "Bigmansam34",
                    "avatar_template": "/letter_avatar_proxy/v4/letter/b/9dc877/{size}.png",
                    "created_at": "2024-02-06T22:27:36.434Z",
                    "cooked": "2/2\n\nCMD_DefaultDrive.cpp C:\\Users\\Administrator.gradle\\caches\\transforms-3\\c20f7972df60a72ca6ca8efbf082bdf2\\transformed\\wpilibNewCommands-cpp-2023.4.3-headers\\frc2/command/CommandBase.h(8): fatal error C1083: Cannot open include file: ‘span’: No such file or directory cl : Command line warning D9002 : ignoring unknown option ‘/std:c++20’ cl : Command line warning D9002 : ignoring unknown option ‘/Zc:preprocessor’\n\nShooter.cpp C:\\Users\\Administrator.gradle\\caches\\transforms-3\\1b6c81aea3f4f3344919e14e973a4f7d\\transformed\\wpimath-cpp-2023.4.3-headers\\units/base.h(593): error C7525: inline variables require at least ‘/std:c++17’ C:\\Users\\Administrator.gradle\\caches\\transforms-3\\1b6c81aea3f4f3344919e14e973a4f7d\\transformed\\wpimath-cpp-2023.4.3-headers\\units/base.h(619): error C7525: inline variables require at least ‘/std:c++17’ C:\\Users\\Administrator.gradle\\caches\\transforms-3\\1b6c81aea3f4f3344919e14e973a4f7d\\transformed\\wpimath-cpp-2023.4.3-headers\\units/base.h(721): error C7525: inline variables require at least ‘/std:c++17’ C:\\Users\\Administrator.gradle\\caches\\transforms-3\\1b6c81aea3f4f3344919e14e973a4f7d\\transformed\\wpimath-cpp-2023.4.3-headers\\units/base.h(1531): error C7525: inline variables require at least ‘/std:c++17’ C:\\Users\\Administrator.gradle\\caches\\transforms-3\\1b6c81aea3f4f3344919e14e973a4f7d\\transformed\\wpimath-cpp-2023.4.3-headers\\units/base.h(1726): error C7525: inline variables require at least ‘/std:c++17’ C:\\Users\\Administrator.gradle\\caches\\transforms-3\\1b6c81aea3f4f3344919e14e973a4f7d\\transformed\\wpimath-cpp-2023.4.3-headers\\units/base.h(1866): error C7525: inline variables require at least ‘/std:c++17’ C:\\Users\\Administrator.gradle\\caches\\transforms-3\\1b6c81aea3f4f3344919e14e973a4f7d\\transformed\\wpimath-cpp-2023.4.3-headers\\units/base.h(2417): error C7525: inline variables require at least ‘/std:c++17’ C:\\Users\\Administrator.gradle\\caches\\transforms-3\\1b6c81aea3f4f3344919e14e973a4f7d\\transformed\\wpimath-cpp-2023.4.3-headers\\units/base.h(2439): error C7525: inline variables require at least ‘/std:c++17’ C:\\Users\\Administrator.gradle\\caches\\transforms-3\\1b6c81aea3f4f3344919e14e973a4f7d\\transformed\\wpimath-cpp-2023.4.3-headers\\units/base.h(2463): error C7525: inline variables require at least ‘/std:c++17’ C:\\Users\\Administrator.gradle\\caches\\transforms-3\\1b6c81aea3f4f3344919e14e973a4f7d\\transformed\\wpimath-cpp-2023.4.3-headers\\units/base.h(2522): error C7525: inline variables require at least ‘/std:c++17’ C:\\Users\\Administrator.gradle\\caches\\transforms-3\\1b6c81aea3f4f3344919e14e973a4f7d\\transformed\\wpimath-cpp-2023.4.3-headers\\units/base.h(2523): error C7525: inline variables require at least ‘/std:c++17’ C:\\Users\\Administrator.gradle\\caches\\transforms-3\\1b6c81aea3f4f3344919e14e973a4f7d\\transformed\\wpimath-cpp-2023.4.3-headers\\units/base.h(3058): error C7525: inline variables require at least ‘/std:c++17’ C:\\Users\\Administrator.gradle\\caches\\transforms-3\\1b6c81aea3f4f3344919e14e973a4f7d\\transformed\\wpimath-cpp-2023.4.3-headers\\units/base.h(3072): error C7525: inline variables require at least ‘/std:c++17’ C:\\Users\\Administrator.gradle\\caches\\transforms-3\\1b6c81aea3f4f3344919e14e973a4f7d\\transformed\\wpimath-cpp-2023.4.3-headers\\units/base.h(3439): error C2429: language feature ‘nested-namespace-definition’ requires compiler flag ‘/std:c++17’ C:\\Users\\Administrator.gradle\\caches\\transforms-3\\1b6c81aea3f4f3344919e14e973a4f7d\\transformed\\wpimath-cpp-2023.4.3-headers\\units/voltage.h(48): error C7525: inline variables require at least ‘/std:c++17’ C:\\Users\\Administrator.gradle\\caches\\transforms-3\\290b82d183bd9a8870c0b518cb3efa94\\transformed\\tools-sim-23.0.12-headers\\ctre/phoenix/platform/Platform.hpp(75): error C2039: ‘string_view’: is not a member of ‘std’ C:\\Program Files (x86)\\Microsoft Visual Studio\\2019\\Community\\ VC \\Tools\\MSVC\\14.21.27702\\include\\set(18): note: see declaration of ‘std’ C:\\Users\\Administrator.gradle\\caches\\transforms-3\\290b82d183bd9a8870c0b518cb3efa94\\transformed\\tools-sim-23.0.12-headers\\ctre/phoenix/platform/Platform.hpp(75): error C2061: syntax error: identifier ‘string_view’ C:\\Users\\Administrator.gradle\\caches\\transforms-3\\290b82d183bd9a8870c0b518cb3efa94\\transformed\\tools-sim-23.0.12-headers\\ctre/phoenix/platform/Platform.hpp(76): error C2039: ‘string_view’: is not a member of ‘std’ C:\\Program Files (x86)\\Microsoft Visual Studio\\2019\\Community\\ VC \\Tools\\MSVC\\14.21.27702\\include\\set(18): note: see declaration of ‘std’ C:\\Users\\Administrator.gradle\\caches\\transforms-3\\290b82d183bd9a8870c0b518cb3efa94\\transformed\\tools-sim-23.0.12-headers\\ctre/phoenix/platform/Platform.hpp(76): error C2061: syntax error: identifier ‘string_view’ C:\\Users\\Administrator.gradle\\caches\\transforms-3\\9f1e9dbbe023c35ece55c5e3e64aa487\\transformed\\cci-sim-5.30.4-headers\\ctre/phoenix/cci/Platform_CCI.h(14): error C2039: ‘string_view’: is not a member of ‘std’ C:\\Program Files (x86)\\Microsoft Visual Studio\\2019\\Community\\ VC \\Tools\\MSVC\\14.21.27702\\include\\set(18): note: see declaration of ‘std’ C:\\Users\\Administrator.gradle\\caches\\transforms-3\\9f1e9dbbe023c35ece55c5e3e64aa487\\transformed\\cci-sim-5.30.4-headers\\ctre/phoenix/cci/Platform_CCI.h(14): error C2061: syntax error: identifier ‘string_view’ C:\\Users\\Administrator.gradle\\caches\\transforms-3\\9f1e9dbbe023c35ece55c5e3e64aa487\\transformed\\cci-sim-5.30.4-headers\\ctre/phoenix/cci/Platform_CCI.h(15): error C2039: ‘string_view’: is not a member of ‘std’ C:\\Program Files (x86)\\Microsoft Visual Studio\\2019\\Community\\ VC \\Tools\\MSVC\\14.21.27702\\include\\set(18): note: see declaration of ‘std’ C:\\Users\\Administrator.gradle\\caches\\transforms-3\\9f1e9dbbe023c35ece55c5e3e64aa487\\transformed\\cci-sim-5.30.4-headers\\ctre/phoenix/cci/Platform_CCI.h(15): error C2061: syntax error: identifier ‘string_view’ C:\\Users\\Administrator.gradle\\caches\\transforms-3\\c20f7972df60a72ca6ca8efbf082bdf2\\transformed\\wpilibNewCommands-cpp-2023.4.3-headers\\frc2/command/CommandPtr.h(10): fatal error C1083: Cannot open include file: ‘span’: No such file or directory cl : Command line warning D9002 : ignoring unknown option ‘/std:c++20’ cl : Command line warning D9002 : ignoring unknown option ‘/Zc:preprocessor’\n\nRobot.cpp class template optional is only available with C++17 or later. C:\\Users\\Administrator.gradle\\caches\\transforms-3\\1b6c81aea3f4f3344919e14e973a4f7d\\transformed\\wpimath-cpp-2023.4.3-headers\\units/base.h(593): error C7525: inline variables require at least ‘/std:c++17’ C:\\Users\\Administrator.gradle\\caches\\transforms-3\\1b6c81aea3f4f3344919e14e973a4f7d\\transformed\\wpimath-cpp-2023.4.3-headers\\units/base.h(619): error C7525: inline variables require at least ‘/std:c++17’ C:\\Users\\Administrator.gradle\\caches\\transforms-3\\1b6c81aea3f4f3344919e14e973a4f7d\\transformed\\wpimath-cpp-2023.4.3-headers\\units/base.h(721): error C7525: inline variables require at least ‘/std:c++17’ C:\\Users\\Administrator.gradle\\caches\\transforms-3\\1b6c81aea3f4f3344919e14e973a4f7d\\transformed\\wpimath-cpp-2023.4.3-headers\\units/base.h(1531): error C7525: inline variables require at least ‘/std:c++17’ C:\\Users\\Administrator.gradle\\caches\\transforms-3\\1b6c81aea3f4f3344919e14e973a4f7d\\transformed\\wpimath-cpp-2023.4.3-headers\\units/base.h(1726): error C7525: inline variables require at least ‘/std:c++17’ C:\\Users\\Administrator.gradle\\caches\\transforms-3\\1b6c81aea3f4f3344919e14e973a4f7d\\transformed\\wpimath-cpp-2023.4.3-headers\\units/base.h(1866): error C7525: inline variables require at least ‘/std:c++17’ C:\\Users\\Administrator.gradle\\caches\\transforms-3\\1b6c81aea3f4f3344919e14e973a4f7d\\transformed\\wpimath-cpp-2023.4.3-headers\\units/base.h(2417): error C7525: inline variables require at least ‘/std:c++17’ C:\\Users\\Administrator.gradle\\caches\\transforms-3\\1b6c81aea3f4f3344919e14e973a4f7d\\transformed\\wpimath-cpp-2023.4.3-headers\\units/base.h(2439): error C7525: inline variables require at least ‘/std:c++17’ C:\\Users\\Administrator.gradle\\caches\\transforms-3\\1b6c81aea3f4f3344919e14e973a4f7d\\transformed\\wpimath-cpp-2023.4.3-headers\\units/base.h(2463): error C7525: inline variables require at least ‘/std:c++17’ C:\\Users\\Administrator.gradle\\caches\\transforms-3\\1b6c81aea3f4f3344919e14e973a4f7d\\transformed\\wpimath-cpp-2023.4.3-headers\\units/base.h(2522): error C7525: inline variables require at least ‘/std:c++17’ C:\\Users\\Administrator.gradle\\caches\\transforms-3\\1b6c81aea3f4f3344919e14e973a4f7d\\transformed\\wpimath-cpp-2023.4.3-headers\\units/base.h(2523): error C7525: inline variables require at least ‘/std:c++17’ C:\\Users\\Administrator.gradle\\caches\\transforms-3\\1b6c81aea3f4f3344919e14e973a4f7d\\transformed\\wpimath-cpp-2023.4.3-headers\\units/base.h(3058): error C7525: inline variables require at least ‘/std:c++17’ C:\\Users\\Administrator.gradle\\caches\\transforms-3\\1b6c81aea3f4f3344919e14e973a4f7d\\transformed\\wpimath-cpp-2023.4.3-headers\\units/base.h(3072): error C7525: inline variables require at least ‘/std:c++17’ C:\\Users\\Administrator.gradle\\caches\\transforms-3\\1b6c81aea3f4f3344919e14e973a4f7d\\transformed\\wpimath-cpp-2023.4.3-headers\\units/base.h(3439): error C2429: language feature ‘nested-namespace-definition’ requires compiler flag ‘/std:c++17’ C:\\Users\\Administrator.gradle\\caches\\transforms-3\\1b6c81aea3f4f3344919e14e973a4f7d\\transformed\\wpimath-cpp-2023.4.3-headers\\units/angle.h(52): error C7525: inline variables require at least ‘/std:c++17’ C:\\Users\\Administrator.gradle\\caches\\transforms-3\\1b6c81aea3f4f3344919e14e973a4f7d\\transformed\\wpimath-cpp-2023.4.3-headers\\units/math.h(45): error C2429: language feature ‘nested-namespace-definition’ requires compiler flag ‘/std:c++17’ C:\\Users\\Administrator.gradle\\caches\\transforms-3\\1b6c81aea3f4f3344919e14e973a4f7d\\transformed\\wpimath-cpp-2023.4.3-headers\\units/time.h(53): error C7525: inline variables require at least ‘/std:c++17’ C:\\Users\\Administrator.gradle\\caches\\transforms-3\\c0c6198fbf3c4c7410e80a60a213d569\\transformed\\wpiutil-cpp-2023.4.3-headers\\wpi/priority_queue.h(68): warning C5051: attribute ‘nodiscard’ requires at least ‘/std:c++17’; ignored C:\\Users\\Administrator.gradle\\caches\\transforms-3\\c0c6198fbf3c4c7410e80a60a213d569\\transformed\\wpiutil-cpp-2023.4.3-headers\\wpi/priority_queue.h(111): note: see reference to class template instantiation ‘wpi::priority_queue<T,Sequence,Compare>’ being compiled C:\\Program Files (x86)\\Microsoft Visual Studio\\2019\\Community\\ VC \\Tools\\MSVC\\14.21.27702\\include\\chrono(595): note: see reference to class template instantiation ‘std::chrono::duration>’ being compiled C:\\Program Files (x86)\\Microsoft Visual Studio\\2019\\Community\\ VC \\Tools\\MSVC\\14.21.27702\\include\\chrono(172): note: see reference to class template instantiation ‘std::chrono::duration<__int64,std::nano>’ being compiled C:\\Program Files (x86)\\Microsoft Visual Studio\\2019\\Community\\ VC \\Tools\\MSVC\\14.21.27702\\include\\chrono(574): note: see reference to class template instantiation ‘std::chrono::time_point std::chrono::steady_clock,std::chrono::steady_clock::duration ’ being compiled C:\\Users\\Administrator.gradle\\caches\\transforms-3\\c0c6198fbf3c4c7410e80a60a213d569\\transformed\\wpiutil-cpp-2023.4.3-headers\\wpi/Synchronization.h(11): fatal error C1083: Cannot open include file: ‘span’: No such file or directory cl : Command line warning D9002 : ignoring unknown option ‘/std:c++20’ cl : Command line warning D9002 : ignoring unknown option ‘/Zc:preprocessor’\n\nTask :compileFrcUserProgramWindowsx86-64DebugExecutableFrcUserProgramCpp FAILED Compilation Error! GradleRIO detected this build failed due to a Compile Error (compileFrcUserProgram). Check that all your files are saved, then scroll up in this log for more information.",
                    "post_number": 5,
                    "post_type": 1,
                    "posts_count": 8,
                    "updated_at": "2024-02-06T22:27:36.434Z",
                    "reply_count": 1,
                    "reply_to_post_number": 3,
                    "quote_count": 0,
                    "incoming_link_count": 1,
                    "reads": 24,
                    "readers_count": 23,
                    "score": 14.8,
                    "yours": false,
                    "topic_id": 453508,
                    "topic_slug": "invisible-errors-after-using-networktables",
                    "display_username": "Samuel Helton",
                    "primary_group_name": null,
                    "flair_name": null,
                    "flair_url": null,
                    "flair_bg_color": null,
                    "flair_color": null,
                    "flair_group_id": null,
                    "badges_granted": [],
                    "version": 1,
                    "can_edit": false,
                    "can_delete": false,
                    "can_recover": false,
                    "can_see_hidden_post": true,
                    "can_wiki": false,
                    "read": true,
                    "user_title": null,
                    "reply_to_user": {
                        "id": 14283,
                        "username": "nuttle",
                        "name": "Allen Nuttle",
                        "avatar_template": "/user_avatar/www.chiefdelphi.com/nuttle/{size}/124105_2.png"
                    },
                    "bookmarked": false,
                    "actions_summary": [],
                    "moderator": false,
                    "admin": false,
                    "staff": false,
                    "user_id": 64007,
                    "hidden": false,
                    "trust_level": 1,
                    "deleted_at": null,
                    "user_deleted": false,
                    "edit_reason": null,
                    "can_view_edit_history": true,
                    "wiki": false,
                    "user_custom_fields": {
                        "user_field_4": "Part-Time Idiot"
                    },
                    "post_url": "/t/invisible-errors-after-using-networktables/453508/5",
                    "custom_user_title": "Part-Time Idiot",
                    "reactions": [],
                    "current_user_reaction": null,
                    "reaction_users_count": 0,
                    "current_user_used_main_reaction": false,
                    "can_accept_answer": false,
                    "can_unaccept_answer": false,
                    "accepted_answer": false,
                    "topic_accepted_answer": true
                },
                {
                    "id": 3303569,
                    "name": "Peter Johnson",
                    "username": "Peter_Johnson",
                    "avatar_template": "/user_avatar/www.chiefdelphi.com/peter_johnson/{size}/10417_2.png",
                    "created_at": "2024-02-06T22:57:27.426Z",
                    "cooked": "It looks like you have an old version of Visual Studio installed.  You need to have Visual Studio 2022 installed to compile C++ for desktop: WPILib Installation Guide — FIRST Robotics Competition documentation",
                    "post_number": 6,
                    "post_type": 1,
                    "posts_count": 8,
                    "updated_at": "2024-02-06T22:58:27.659Z",
                    "reply_count": 0,
                    "reply_to_post_number": null,
                    "quote_count": 0,
                    "incoming_link_count": 0,
                    "reads": 25,
                    "readers_count": 24,
                    "score": 5.0,
                    "yours": false,
                    "topic_id": 453508,
                    "topic_slug": "invisible-errors-after-using-networktables",
                    "display_username": "Peter Johnson",
                    "primary_group_name": null,
                    "flair_name": null,
                    "flair_url": null,
                    "flair_bg_color": null,
                    "flair_color": null,
                    "flair_group_id": null,
                    "badges_granted": [],
                    "version": 1,
                    "can_edit": false,
                    "can_delete": false,
                    "can_recover": false,
                    "can_see_hidden_post": true,
                    "can_wiki": false,
                    "link_counts": [
                        {
                            "url": "https://docs.wpilib.org/en/stable/docs/zero-to-robot/step-2/wpilib-setup.html#additional-c-installation-for-simulation",
                            "internal": false,
                            "reflection": false,
                            "title": "WPILib Installation Guide — FIRST Robotics Competition documentation",
                            "clicks": 2
                        }
                    ],
                    "read": true,
                    "user_title": "",
                    "bookmarked": false,
                    "actions_summary": [
                        {
                            "id": 2,
                            "count": 1
                        }
                    ],
                    "moderator": false,
                    "admin": false,
                    "staff": false,
                    "user_id": 13575,
                    "hidden": false,
                    "trust_level": 2,
                    "deleted_at": null,
                    "user_deleted": false,
                    "edit_reason": null,
                    "can_view_edit_history": true,
                    "wiki": false,
                    "user_custom_fields": {
                        "user_field_4": "Volunteer WPILib Developer, CSA"
                    },
                    "post_url": "/t/invisible-errors-after-using-networktables/453508/6",
                    "custom_user_title": "Volunteer WPILib Developer, CSA",
                    "reactions": [
                        {
                            "id": "point_up",
                            "type": "emoji",
                            "count": 1
                        }
                    ],
                    "current_user_reaction": null,
                    "reaction_users_count": 1,
                    "current_user_used_main_reaction": false,
                    "can_accept_answer": false,
                    "can_unaccept_answer": false,
                    "accepted_answer": true,
                    "topic_accepted_answer": true
                },
                {
                    "id": 3308084,
                    "name": "Samuel Helton",
                    "username": "Bigmansam34",
                    "avatar_template": "/letter_avatar_proxy/v4/letter/b/9dc877/{size}.png",
                    "created_at": "2024-02-13T00:22:23.774Z",
                    "cooked": "Edit: after some time, the problem was revealed to be something going critically wrong with commandscheduler and defaultdrivecommand. Thanks for the help though!",
                    "post_number": 7,
                    "post_type": 1,
                    "posts_count": 8,
                    "updated_at": "2024-02-13T00:22:23.774Z",
                    "reply_count": 0,
                    "reply_to_post_number": 5,
                    "quote_count": 0,
                    "incoming_link_count": 0,
                    "reads": 17,
                    "readers_count": 16,
                    "score": 3.4,
                    "yours": false,
                    "topic_id": 453508,
                    "topic_slug": "invisible-errors-after-using-networktables",
                    "display_username": "Samuel Helton",
                    "primary_group_name": null,
                    "flair_name": null,
                    "flair_url": null,
                    "flair_bg_color": null,
                    "flair_color": null,
                    "flair_group_id": null,
                    "badges_granted": [],
                    "version": 1,
                    "can_edit": false,
                    "can_delete": false,
                    "can_recover": false,
                    "can_see_hidden_post": true,
                    "can_wiki": false,
                    "read": true,
                    "user_title": null,
                    "reply_to_user": {
                        "id": 64007,
                        "username": "Bigmansam34",
                        "name": "Samuel Helton",
                        "avatar_template": "/letter_avatar_proxy/v4/letter/b/9dc877/{size}.png"
                    },
                    "bookmarked": false,
                    "actions_summary": [],
                    "moderator": false,
                    "admin": false,
                    "staff": false,
                    "user_id": 64007,
                    "hidden": false,
                    "trust_level": 1,
                    "deleted_at": null,
                    "user_deleted": false,
                    "edit_reason": null,
                    "can_view_edit_history": true,
                    "wiki": false,
                    "user_custom_fields": {
                        "user_field_4": "Part-Time Idiot"
                    },
                    "post_url": "/t/invisible-errors-after-using-networktables/453508/7",
                    "custom_user_title": "Part-Time Idiot",
                    "reactions": [],
                    "current_user_reaction": null,
                    "reaction_users_count": 0,
                    "current_user_used_main_reaction": false,
                    "can_accept_answer": false,
                    "can_unaccept_answer": false,
                    "accepted_answer": false,
                    "topic_accepted_answer": true
                },
                {
                    "id": 3524215,
                    "name": "system",
                    "username": "system",
                    "avatar_template": "/uploads/default/original/4X/9/3/2/93234578e69f55873c63fc00fe2d0d85f23bce55.png",
                    "created_at": "2025-02-12T00:22:36.047Z",
                    "cooked": "This topic was automatically closed 365 days after the last reply. New replies are no longer allowed.",
                    "post_number": 8,
                    "post_type": 3,
                    "posts_count": 8,
                    "updated_at": "2025-02-12T00:22:36.047Z",
                    "reply_count": 0,
                    "reply_to_post_number": null,
                    "quote_count": 0,
                    "incoming_link_count": 0,
                    "reads": 1,
                    "readers_count": 0,
                    "score": 0.2,
                    "yours": false,
                    "topic_id": 453508,
                    "topic_slug": "invisible-errors-after-using-networktables",
                    "display_username": "system",
                    "primary_group_name": null,
                    "flair_name": null,
                    "flair_url": null,
                    "flair_bg_color": null,
                    "flair_color": null,
                    "flair_group_id": null,
                    "badges_granted": [],
                    "version": 1,
                    "can_edit": false,
                    "can_delete": false,
                    "can_recover": false,
                    "can_see_hidden_post": true,
                    "can_wiki": false,
                    "read": true,
                    "user_title": "",
                    "bookmarked": false,
                    "actions_summary": [],
                    "moderator": true,
                    "admin": true,
                    "staff": true,
                    "user_id": -1,
                    "hidden": false,
                    "trust_level": 4,
                    "deleted_at": null,
                    "user_deleted": false,
                    "edit_reason": null,
                    "can_view_edit_history": true,
                    "wiki": false,
                    "action_code": "autoclosed.enabled",
                    "post_url": "/t/invisible-errors-after-using-networktables/453508/8",
                    "custom_user_title": null,
                    "reactions": [],
                    "current_user_reaction": null,
                    "reaction_users_count": 0,
                    "current_user_used_main_reaction": false,
                    "can_accept_answer": false,
                    "can_unaccept_answer": false,
                    "accepted_answer": false,
                    "topic_accepted_answer": true
                }
            ],
            "stream": [
                3302653,
                3302666,
                3302708,
                3303538,
                3303540,
                3303569,
                3308084,
                3524215
            ]
        },
        "timeline_lookup": [
            [
                1,
                614
            ],
            [
                4,
                613
            ],
            [
                7,
                607
            ],
            [
                8,
                242
            ]
        ],
        "suggested_topics": [
            {
                "fancy_title": "Snap-set heading allignment code",
                "id": 494837,
                "title": "Snap-set heading allignment code",
                "slug": "snap-set-heading-allignment-code",
                "posts_count": 1,
                "reply_count": 0,
                "highest_post_number": 1,
                "image_url": null,
                "created_at": "2025-03-09T08:47:45.843Z",
                "last_posted_at": "2025-03-09T08:47:45.915Z",
                "bumped": true,
                "bumped_at": "2025-03-09T08:47:45.915Z",
                "archetype": "regular",
                "unseen": false,
                "pinned": false,
                "unpinned": null,
                "excerpt": "Hello, so I seem to be having a problem with this code. The goal is to snap to the reef which is at increments of (360/6 sides = 60) degrees and when you are within range, disable snapping so you can …",
                "visible": true,
                "closed": false,
                "archived": false,
                "bookmarked": null,
                "liked": null,
                "tags": [
                    "2025",
                    "cpp"
                ],
                "tags_descriptions": {},
                "like_count": 0,
                "views": 75,
                "category_id": 74,
                "featured_link": null,
                "has_accepted_answer": false,
                "sidecar_installed": true,
                "include_dominant_colour": false,
                "topic_post_id": 3551772,
                "topic_post_liked": false,
                "topic_post_can_like": false,
                "topic_post_can_unlike": false,
                "topic_post_bookmarked": false,
                "topic_post_is_current_users": null,
                "topic_post_number": 1,
                "topic_post_user": {
                    "id": 47080,
                    "username": "onthegrid007",
                    "name": "Peter F",
                    "avatar_template": "/letter_avatar_proxy/v4/letter/o/85f322/{size}.png"
                },
                "posters": [
                    {
                        "extras": "latest single",
                        "description": "Original Poster, Most Recent Poster",
                        "user": {
                            "id": 47080,
                            "username": "onthegrid007",
                            "name": "Peter F",
                            "avatar_template": "/letter_avatar_proxy/v4/letter/o/85f322/{size}.png",
                            "trust_level": 1
                        }
                    }
                ]
            },
            {
                "fancy_title": "Bad optional access when generating paths using PathPlanner",
                "id": 497333,
                "title": "Bad optional access when generating paths using PathPlanner",
                "slug": "bad-optional-access-when-generating-paths-using-pathplanner",
                "posts_count": 5,
                "reply_count": 2,
                "highest_post_number": 5,
                "image_url": null,
                "created_at": "2025-03-29T17:56:46.431Z",
                "last_posted_at": "2025-04-09T23:33:27.998Z",
                "bumped": true,
                "bumped_at": "2025-04-09T23:33:27.998Z",
                "archetype": "regular",
                "unseen": false,
                "pinned": false,
                "unpinned": null,
                "excerpt": "Hello all! We’re working on fixing our auto alignment code and we’re running into some strange issues where occasionally, when we’re at or near the position already, our code crashes with a Bad option…",
                "visible": true,
                "closed": false,
                "archived": false,
                "bookmarked": null,
                "liked": null,
                "tags": [
                    "pathplanner"
                ],
                "tags_descriptions": {},
                "like_count": 3,
                "views": 152,
                "category_id": 74,
                "featured_link": null,
                "has_accepted_answer": false,
                "sidecar_installed": true,
                "include_dominant_colour": false,
                "topic_post_id": 3572352,
                "topic_post_liked": false,
                "topic_post_like_count": 1,
                "topic_post_can_like": false,
                "topic_post_can_unlike": false,
                "topic_post_bookmarked": false,
                "topic_post_is_current_users": null,
                "topic_post_number": 1,
                "topic_post_user": {
                    "id": 68675,
                    "username": "nfoert",
                    "name": "nfoert",
                    "avatar_template": "/user_avatar/www.chiefdelphi.com/nfoert/{size}/235138_2.png"
                },
                "posters": [
                    {
                        "extras": "latest",
                        "description": "Original Poster, Most Recent Poster",
                        "user": {
                            "id": 68675,
                            "username": "nfoert",
                            "name": "nfoert",
                            "avatar_template": "/user_avatar/www.chiefdelphi.com/nfoert/{size}/235138_2.png",
                            "trust_level": 1
                        }
                    },
                    {
                        "extras": null,
                        "description": "Frequent Poster",
                        "user": {
                            "id": 51179,
                            "username": "Cynosure",
                            "name": "Asher Olgeirson",
                            "avatar_template": "/user_avatar/www.chiefdelphi.com/cynosure/{size}/184875_2.png",
                            "trust_level": 2
                        }
                    }
                ]
            },
            {
                "fancy_title": "Pathplanner Autobuilder 2025 setting file error",
                "id": 485689,
                "title": "Pathplanner Autobuilder 2025 setting file error",
                "slug": "pathplanner-autobuilder-2025-setting-file-error",
                "posts_count": 4,
                "reply_count": 1,
                "highest_post_number": 4,
                "image_url": null,
                "created_at": "2025-02-08T17:40:46.152Z",
                "last_posted_at": "2025-02-11T03:25:43.490Z",
                "bumped": true,
                "bumped_at": "2025-02-11T03:25:43.490Z",
                "archetype": "regular",
                "unseen": false,
                "pinned": false,
                "unpinned": null,
                "excerpt": "I ended up figuring it out the settings folder didnt generate in my project I had to reopen it in pathplanner and go mess around in the settings to get it to generate if anyone seeing this post needs…",
                "visible": true,
                "closed": false,
                "archived": false,
                "bookmarked": null,
                "liked": null,
                "tags": [
                    "pathplanner",
                    "cpp"
                ],
                "tags_descriptions": {},
                "like_count": 0,
                "views": 89,
                "category_id": 74,
                "featured_link": null,
                "has_accepted_answer": true,
                "sidecar_installed": true,
                "include_dominant_colour": false,
                "topic_post_id": 3523010,
                "topic_post_liked": false,
                "topic_post_can_like": false,
                "topic_post_can_unlike": false,
                "topic_post_bookmarked": false,
                "topic_post_is_current_users": null,
                "topic_post_number": 4,
                "topic_post_user": {
                    "id": 61009,
                    "username": "Foodonice",
                    "name": "Krish",
                    "avatar_template": "/letter_avatar_proxy/v4/letter/f/858c86/{size}.png"
                },
                "posters": [
                    {
                        "extras": "latest",
                        "description": "Original Poster, Most Recent Poster, Accepted Answer",
                        "user": {
                            "id": 61009,
                            "username": "Foodonice",
                            "name": "Krish",
                            "avatar_template": "/letter_avatar_proxy/v4/letter/f/858c86/{size}.png",
                            "trust_level": 1
                        }
                    },
                    {
                        "extras": null,
                        "description": "Frequent Poster",
                        "user": {
                            "id": 9105,
                            "username": "Fletch1373",
                            "name": "Fletch",
                            "avatar_template": "/user_avatar/www.chiefdelphi.com/fletch1373/{size}/220073_2.png",
                            "trust_level": 2
                        }
                    }
                ]
            },
            {
                "fancy_title": "WPILib 2025 Beta Shuffleboard and C++ Build Problems",
                "id": 477451,
                "title": "WPILib 2025 Beta Shuffleboard and C++ Build Problems",
                "slug": "wpilib-2025-beta-shuffleboard-and-c-build-problems",
                "posts_count": 22,
                "reply_count": 17,
                "highest_post_number": 22,
                "image_url": null,
                "created_at": "2024-12-28T05:24:26.249Z",
                "last_posted_at": "2025-01-02T03:35:35.524Z",
                "bumped": true,
                "bumped_at": "2025-01-02T03:35:35.524Z",
                "archetype": "regular",
                "unseen": false,
                "pinned": false,
                "unpinned": null,
                "excerpt": "We have just in the last week or so had time to try the beta version of WPILib for 2025 and we are having a few more problems that usual. I realise that it is just a beta version, but build season is …",
                "visible": true,
                "closed": false,
                "archived": false,
                "bookmarked": null,
                "liked": null,
                "tags": [],
                "tags_descriptions": {},
                "like_count": 14,
                "views": 597,
                "category_id": 74,
                "featured_link": null,
                "has_accepted_answer": false,
                "sidecar_installed": true,
                "include_dominant_colour": false,
                "topic_post_id": 3464220,
                "topic_post_liked": false,
                "topic_post_like_count": 1,
                "topic_post_can_like": false,
                "topic_post_can_unlike": false,
                "topic_post_bookmarked": false,
                "topic_post_is_current_users": null,
                "topic_post_number": 1,
                "topic_post_user": {
                    "id": 32158,
                    "username": "NickRandom",
                    "name": "NickRandom",
                    "avatar_template": "/letter_avatar_proxy/v4/letter/n/cc9497/{size}.png"
                },
                "posters": [
                    {
                        "extras": "latest",
                        "description": "Original Poster, Most Recent Poster",
                        "user": {
                            "id": 32158,
                            "username": "NickRandom",
                            "name": "NickRandom",
                            "avatar_template": "/letter_avatar_proxy/v4/letter/n/cc9497/{size}.png",
                            "trust_level": 2
                        }
                    },
                    {
                        "extras": null,
                        "description": "Frequent Poster",
                        "user": {
                            "id": 60214,
                            "username": "spacey_sooty",
                            "name": "Jade",
                            "avatar_template": "/user_avatar/www.chiefdelphi.com/spacey_sooty/{size}/256378_2.png",
                            "trust_level": 2
                        }
                    },
                    {
                        "extras": null,
                        "description": "Frequent Poster",
                        "user": {
                            "id": 13575,
                            "username": "Peter_Johnson",
                            "name": "Peter Johnson",
                            "avatar_template": "/user_avatar/www.chiefdelphi.com/peter_johnson/{size}/10417_2.png",
                            "trust_level": 2
                        }
                    },
                    {
                        "extras": null,
                        "description": "Frequent Poster",
                        "user": {
                            "id": 65,
                            "username": "Joe_Ross",
                            "name": "Joe Ross",
                            "avatar_template": "/user_avatar/www.chiefdelphi.com/joe_ross/{size}/37_2.png",
                            "moderator": true,
                            "trust_level": 4
                        }
                    },
                    {
                        "extras": null,
                        "description": "Frequent Poster",
                        "user": {
                            "id": 16846,
                            "username": "calcmogul",
                            "name": "Tyler Veness",
                            "avatar_template": "/user_avatar/www.chiefdelphi.com/calcmogul/{size}/128045_2.png",
                            "trust_level": 2
                        }
                    }
                ]
            },
            {
                "fancy_title": "Esp32 Network tables",
                "id": 506724,
                "title": "Esp32 Network tables",
                "slug": "esp32-network-tables",
                "posts_count": 14,
                "reply_count": 8,
                "highest_post_number": 14,
                "image_url": null,
                "created_at": "2025-09-30T13:33:03.074Z",
                "last_posted_at": "2025-10-01T20:07:37.082Z",
                "bumped": true,
                "bumped_at": "2025-10-01T20:07:37.082Z",
                "archetype": "regular",
                "unseen": false,
                "pinned": false,
                "unpinned": null,
                "excerpt": "I’m building an ARGB sign for our practice field that changes color to indicate whether the field is safe (green) or not (red). I want to control it with an ESP32 or Arduino by connecting to the Drive…",
                "visible": true,
                "closed": false,
                "archived": false,
                "bookmarked": null,
                "liked": null,
                "tags": [],
                "tags_descriptions": {},
                "like_count": 4,
                "views": 278,
                "category_id": 74,
                "featured_link": null,
                "has_accepted_answer": true,
                "sidecar_installed": true,
                "include_dominant_colour": false,
                "topic_post_id": 3752266,
                "topic_post_liked": false,
                "topic_post_can_like": false,
                "topic_post_can_unlike": false,
                "topic_post_bookmarked": true,
                "topic_post_is_current_users": null,
                "topic_post_number": 1,
                "topic_post_user": {
                    "id": 66385,
                    "username": "Ryanforce",
                    "name": "Ryan Radtke",
                    "avatar_template": "/user_avatar/www.chiefdelphi.com/ryanforce/{size}/228665_2.png"
                },
                "posters": [
                    {
                        "extras": null,
                        "description": "Original Poster",
                        "user": {
                            "id": 66385,
                            "username": "Ryanforce",
                            "name": "Ryan Radtke",
                            "avatar_template": "/user_avatar/www.chiefdelphi.com/ryanforce/{size}/228665_2.png",
                            "trust_level": 2
                        }
                    },
                    {
                        "extras": null,
                        "description": "Frequent Poster, Accepted Answer",
                        "user": {
                            "id": 66330,
                            "username": "NathanZhou",
                            "name": "Nathan Zhou",
                            "avatar_template": "/user_avatar/www.chiefdelphi.com/nathanzhou/{size}/225374_2.png",
                            "trust_level": 2
                        }
                    },
                    {
                        "extras": null,
                        "description": "Frequent Poster",
                        "user": {
                            "id": 77386,
                            "username": "Bolb347",
                            "name": "",
                            "avatar_template": "/letter_avatar_proxy/v4/letter/b/91b2a8/{size}.png",
                            "trust_level": 1
                        }
                    },
                    {
                        "extras": null,
                        "description": "Frequent Poster",
                        "user": {
                            "id": 13575,
                            "username": "Peter_Johnson",
                            "name": "Peter Johnson",
                            "avatar_template": "/user_avatar/www.chiefdelphi.com/peter_johnson/{size}/10417_2.png",
                            "trust_level": 2
                        }
                    },
                    {
                        "extras": "latest",
                        "description": "Most Recent Poster",
                        "user": {
                            "id": 25454,
                            "username": "Corey_Applegate",
                            "name": "Corey Applegate",
                            "avatar_template": "/user_avatar/www.chiefdelphi.com/corey_applegate/{size}/250858_2.png",
                            "trust_level": 2
                        }
                    }
                ]
            }
        ],
        "tags": [],
        "tags_descriptions": {},
        "fancy_title": "Invisible errors after using networktables",
        "id": 453508,
        "title": "Invisible errors after using networktables",
        "posts_count": 8,
        "created_at": "2024-02-06T01:03:33.007Z",
        "views": 295,
        "reply_count": 3,
        "like_count": 1,
        "last_posted_at": "2025-02-12T00:22:36.047Z",
        "visible": true,
        "closed": true,
        "archived": false,
        "has_summary": false,
        "archetype": "regular",
        "slug": "invisible-errors-after-using-networktables",
        "category_id": 74,
        "word_count": 4364,
        "deleted_at": null,
        "user_id": 64007,
        "featured_link": null,
        "pinned_globally": false,
        "pinned_at": null,
        "pinned_until": null,
        "image_url": null,
        "slow_mode_seconds": 0,
        "draft": null,
        "draft_key": "topic_453508",
        "draft_sequence": null,
        "unpinned": null,
        "pinned": false,
        "current_post_number": 1,
        "highest_post_number": 8,
        "deleted_by": null,
        "actions_summary": [
            {
                "id": 4,
                "count": 0,
                "hidden": false,
                "can_act": false
            },
            {
                "id": 8,
                "count": 0,
                "hidden": false,
                "can_act": false
            },
            {
                "id": 10,
                "count": 0,
                "hidden": false,
                "can_act": false
            },
            {
                "id": 7,
                "count": 0,
                "hidden": false,
                "can_act": false
            }
        ],
        "chunk_size": 20,
        "bookmarked": false,
        "topic_timer": null,
        "message_bus_last_id": 0,
        "participant_count": 3,
        "show_read_indicator": false,
        "thumbnails": null,
        "slow_mode_enabled_until": null,
        "valid_reactions": [
            "heart",
            "laughing",
            "point_up",
            "+1",
            "-1",
            "100",
            "open_mouth",
            "cry",
            "question",
            "thinking",
            "call_me_hand",
            "hugs",
            "angry"
        ],
        "accepted_answer": {
            "post_number": 6,
            "username": "Peter_Johnson",
            "name": null,
            "excerpt": "It looks like you have an old version of Visual Studio installed.  You need to have Visual Studio 2022 installed to compile C++ for desktop: <a href=\"https://docs.wpilib.org/en/stable/docs/zero-to-robot/step-2/wpilib-setup.html#additional-c-installation-for-simulation\" class=\"inline-onebox\">WPILib Installation Guide — FIRST Robotics Competition documentation</a>",
            "accepter_name": null
        },
        "user_chosen_thumbnail_url": null,
        "sidecar_installed": true,
        "can_vote": false,
        "vote_count": 0,
        "user_voted": false,
        "discourse_zendesk_plugin_zendesk_id": null,
        "discourse_zendesk_plugin_zendesk_url": "https://your-url.zendesk.com/agent/tickets/",
        "details": {
            "can_edit": false,
            "notification_level": 1,
            "participants": [
                {
                    "id": 64007,
                    "username": "Bigmansam34",
                    "name": "Samuel Helton",
                    "avatar_template": "/letter_avatar_proxy/v4/letter/b/9dc877/{size}.png",
                    "post_count": 4,
                    "primary_group_name": null,
                    "flair_name": null,
                    "flair_url": null,
                    "flair_color": null,
                    "flair_bg_color": null,
                    "flair_group_id": null,
                    "trust_level": 1
                },
                {
                    "id": 13575,
                    "username": "Peter_Johnson",
                    "name": "Peter Johnson",
                    "avatar_template": "/user_avatar/www.chiefdelphi.com/peter_johnson/{size}/10417_2.png",
                    "post_count": 2,
                    "primary_group_name": null,
                    "flair_name": null,
                    "flair_url": null,
                    "flair_color": null,
                    "flair_bg_color": null,
                    "flair_group_id": null,
                    "trust_level": 2
                },
                {
                    "id": 14283,
                    "username": "nuttle",
                    "name": "Allen Nuttle",
                    "avatar_template": "/user_avatar/www.chiefdelphi.com/nuttle/{size}/124105_2.png",
                    "post_count": 1,
                    "primary_group_name": null,
                    "flair_name": null,
                    "flair_url": null,
                    "flair_color": null,
                    "flair_bg_color": null,
                    "flair_group_id": null,
                    "trust_level": 2
                }
            ],
            "created_by": {
                "id": 64007,
                "username": "Bigmansam34",
                "name": "Samuel Helton",
                "avatar_template": "/letter_avatar_proxy/v4/letter/b/9dc877/{size}.png"
            },
            "last_poster": {
                "id": -1,
                "username": "system",
                "name": "system",
                "avatar_template": "/uploads/default/original/4X/9/3/2/93234578e69f55873c63fc00fe2d0d85f23bce55.png"
            },
            "links": [
                {
                    "url": "https://docs.wpilib.org/en/stable/docs/zero-to-robot/step-2/wpilib-setup.html#additional-c-installation-for-simulation",
                    "title": "WPILib Installation Guide — FIRST Robotics Competition documentation",
                    "internal": false,
                    "attachment": false,
                    "reflection": false,
                    "clicks": 2,
                    "user_id": 13575,
                    "domain": "docs.wpilib.org",
                    "root_domain": "wpilib.org"
                }
            ]
        },
        "bookmarks": []
    }
}