{"data":"{\"post_stream\":{\"posts\":[{\"id\":3548429,\"name\":\"Guilherme Samuel\",\"username\":\"megarubber\",\"avatar_template\":\"/user_avatar/www.chiefdelphi.com/megarubber/{size}/172063_2.png\",\"created_at\":\"2025-03-05T18:10:45.460Z\",\"cooked\":\"\\u003cp\\u003eI am using \\u003ccode\\u003epy -3 -m robotpy test\\u003c/code\\u003e and it looks weired at time of execution, because it never finishes. If I run \\u003ccode\\u003epy -3 -m robotpy deploy\\u003c/code\\u003e without execute any test, it works without problems. I tried the isolated mode, but it still not working for me. How could I solve this issue?\\u003c/p\\u003e\\n\\u003cp\\u003e\\u003cdiv class=\\\"lightbox-wrapper\\\"\\u003e\\u003ca class=\\\"lightbox\\\" href=\\\"https://www.chiefdelphi.com/uploads/default/original/3X/6/e/6e623a5c0e49316b4cbe9992c7e342e0b9cff78b.png\\\" data-download-href=\\\"https://www.chiefdelphi.com/uploads/default/6e623a5c0e49316b4cbe9992c7e342e0b9cff78b\\\" title=\\\"image\\\"\\u003e\\u003cimg src=\\\"https://www.chiefdelphi.com/uploads/default/original/3X/6/e/6e623a5c0e49316b4cbe9992c7e342e0b9cff78b.png\\\" alt=\\\"image\\\" data-base62-sha1=\\\"fKuYoOLtOs9oPqQb3mmkRS2WSVl\\\" width=\\\"690\\\" height=\\\"282\\\" data-dominant-color=\\\"151515\\\"\\u003e\\u003cdiv class=\\\"meta\\\"\\u003e\\u003csvg class=\\\"fa d-icon d-icon-far-image svg-icon\\\" aria-hidden=\\\"true\\\"\\u003e\\u003cuse href=\\\"#far-image\\\"\\u003e\\u003c/use\\u003e\\u003c/svg\\u003e\\u003cspan class=\\\"filename\\\"\\u003eimage\\u003c/span\\u003e\\u003cspan class=\\\"informations\\\"\\u003e1913×782 20.3 KB\\u003c/span\\u003e\\u003csvg class=\\\"fa d-icon d-icon-discourse-expand svg-icon\\\" aria-hidden=\\\"true\\\"\\u003e\\u003cuse href=\\\"#discourse-expand\\\"\\u003e\\u003c/use\\u003e\\u003c/svg\\u003e\\u003c/div\\u003e\\u003c/a\\u003e\\u003c/div\\u003e\\u003c/p\\u003e\",\"post_number\":1,\"post_type\":1,\"posts_count\":7,\"updated_at\":\"2025-03-05T18:11:28.868Z\",\"reply_count\":0,\"reply_to_post_number\":null,\"quote_count\":0,\"incoming_link_count\":12,\"reads\":57,\"readers_count\":56,\"score\":71.4,\"yours\":false,\"topic_id\":494371,\"topic_slug\":\"tests-are-not-running-in-robotpy\",\"display_username\":\"Guilherme Samuel\",\"primary_group_name\":null,\"flair_name\":null,\"flair_url\":null,\"flair_bg_color\":null,\"flair_color\":null,\"flair_group_id\":null,\"badges_granted\":[],\"version\":1,\"can_edit\":false,\"can_delete\":false,\"can_recover\":false,\"can_see_hidden_post\":true,\"can_wiki\":false,\"read\":true,\"user_title\":\"\",\"bookmarked\":false,\"actions_summary\":[],\"moderator\":false,\"admin\":false,\"staff\":false,\"user_id\":47943,\"hidden\":false,\"trust_level\":2,\"deleted_at\":null,\"user_deleted\":false,\"edit_reason\":null,\"can_view_edit_history\":true,\"wiki\":false,\"user_custom_fields\":{\"user_field_4\":\"\"},\"post_url\":\"/t/tests-are-not-running-in-robotpy/494371/1\",\"custom_user_title\":null,\"reactions\":[],\"current_user_reaction\":null,\"reaction_users_count\":0,\"current_user_used_main_reaction\":false,\"can_accept_answer\":false,\"can_unaccept_answer\":false,\"accepted_answer\":false,\"topic_accepted_answer\":true,\"can_vote\":false},{\"id\":3548467,\"name\":\"Dustin Spicuzza\",\"username\":\"virtuald\",\"avatar_template\":\"/user_avatar/www.chiefdelphi.com/virtuald/{size}/65268_2.png\",\"created_at\":\"2025-03-05T18:39:05.505Z\",\"cooked\":\"\\u003cp\\u003eIs there a stack trace when you ctrl-c it? That could tell you where it’s hanging. You might need to specify \\u003ccode\\u003e --full-trace\\u003c/code\\u003e to see them.\\u003c/p\\u003e\\n\\u003cp\\u003eOn linux there’s a SIGUSR2 handler that will print out the current thread stack traces immediately, but there isn’t an equivalent on windows.\\u003c/p\\u003e\",\"post_number\":2,\"post_type\":1,\"posts_count\":7,\"updated_at\":\"2025-03-05T18:39:05.505Z\",\"reply_count\":1,\"reply_to_post_number\":null,\"quote_count\":0,\"incoming_link_count\":0,\"reads\":51,\"readers_count\":50,\"score\":15.2,\"yours\":false,\"topic_id\":494371,\"topic_slug\":\"tests-are-not-running-in-robotpy\",\"display_username\":\"Dustin Spicuzza\",\"primary_group_name\":null,\"flair_name\":null,\"flair_url\":null,\"flair_bg_color\":null,\"flair_color\":null,\"flair_group_id\":null,\"badges_granted\":[],\"version\":1,\"can_edit\":false,\"can_delete\":false,\"can_recover\":false,\"can_see_hidden_post\":true,\"can_wiki\":false,\"read\":true,\"user_title\":\"\",\"bookmarked\":false,\"actions_summary\":[],\"moderator\":false,\"admin\":false,\"staff\":false,\"user_id\":11063,\"hidden\":false,\"trust_level\":2,\"deleted_at\":null,\"user_deleted\":false,\"edit_reason\":null,\"can_view_edit_history\":true,\"wiki\":false,\"user_custom_fields\":{\"user_field_4\":\"RobotPy Guy, WPILib Developer\"},\"post_url\":\"/t/tests-are-not-running-in-robotpy/494371/2\",\"custom_user_title\":\"RobotPy Guy, WPILib Developer\",\"reactions\":[],\"current_user_reaction\":null,\"reaction_users_count\":0,\"current_user_used_main_reaction\":false,\"can_accept_answer\":false,\"can_unaccept_answer\":false,\"accepted_answer\":false,\"topic_accepted_answer\":true},{\"id\":3548599,\"name\":\"Guilherme Samuel\",\"username\":\"megarubber\",\"avatar_template\":\"/user_avatar/www.chiefdelphi.com/megarubber/{size}/172063_2.png\",\"created_at\":\"2025-03-05T20:25:11.800Z\",\"cooked\":\"\\u003cp\\u003eWith \\u003ccode\\u003epy -3 -m robotpy test --isolated -- -s --full-trace\\u003c/code\\u003e, it’s every time the same output:\\u003c/p\\u003e\\n\\u003cpre\\u003e\\u003ccode class=\\\"lang-auto\\\"\\u003eTraceback (most recent call last):\\n  File \\\"C:\\\\Users\\\\guisa\\\\AppData\\\\Local\\\\Programs\\\\Python\\\\Python312\\\\Lib\\\\site-packages\\\\_pytest\\\\main.py\\\", line 283, in wrap_session\\n    session.exitstatus = doit(config, session) or 0\\n                         ^^^^^^^^^^^^^^^^^^^^^\\n  File \\\"C:\\\\Users\\\\guisa\\\\AppData\\\\Local\\\\Programs\\\\Python\\\\Python312\\\\Lib\\\\site-packages\\\\_pytest\\\\main.py\\\", line 337, in _main\\n    config.hook.pytest_runtestloop(session=session)\\n  File \\\"C:\\\\Users\\\\guisa\\\\AppData\\\\Local\\\\Programs\\\\Python\\\\Python312\\\\Lib\\\\site-packages\\\\pluggy\\\\_hooks.py\\\", line 513, in __call__\\n    return self._hookexec(self.name, self._hookimpls.copy(), kwargs, firstresult)\\n           ^^^^^^^^^^^^^^^^^^^^^^^^^^^^^^^^^^^^^^^^^^^^^^^^^^^^^^^^^^^^^^^^^^^^^^\\n  File \\\"C:\\\\Users\\\\guisa\\\\AppData\\\\Local\\\\Programs\\\\Python\\\\Python312\\\\Lib\\\\site-packages\\\\pluggy\\\\_manager.py\\\", line 120, in _hookexec\\n    return self._inner_hookexec(hook_name, methods, kwargs, firstresult)\\n           ^^^^^^^^^^^^^^^^^^^^^^^^^^^^^^^^^^^^^^^^^^^^^^^^^^^^^^^^^^^^^\\n  File \\\"C:\\\\Users\\\\guisa\\\\AppData\\\\Local\\\\Programs\\\\Python\\\\Python312\\\\Lib\\\\site-packages\\\\pluggy\\\\_callers.py\\\", line 139, in _multicall\\n    raise exception.with_traceback(exception.__traceback__)\\n  File \\\"C:\\\\Users\\\\guisa\\\\AppData\\\\Local\\\\Programs\\\\Python\\\\Python312\\\\Lib\\\\site-packages\\\\pluggy\\\\_callers.py\\\", line 122, in _multicall\\n    teardown.throw(exception)  # type: ignore[union-attr]\\n    ^^^^^^^^^^^^^^^^^^^^^^^^^\\n  File \\\"C:\\\\Users\\\\guisa\\\\AppData\\\\Local\\\\Programs\\\\Python\\\\Python312\\\\Lib\\\\site-packages\\\\_pytest\\\\logging.py\\\", line 803, in pytest_runtestloop\\n    return (yield)  # Run all the tests.\\n            ^^^^^\\n  File \\\"C:\\\\Users\\\\guisa\\\\AppData\\\\Local\\\\Programs\\\\Python\\\\Python312\\\\Lib\\\\site-packages\\\\pluggy\\\\_callers.py\\\", line 122, in _multicall\\n    teardown.throw(exception)  # type: ignore[union-attr]\\n    ^^^^^^^^^^^^^^^^^^^^^^^^^\\n  File \\\"C:\\\\Users\\\\guisa\\\\AppData\\\\Local\\\\Programs\\\\Python\\\\Python312\\\\Lib\\\\site-packages\\\\_pytest\\\\terminal.py\\\", line 673, in pytest_runtestloop\\n    result = yield\\n             ^^^^^\\n  File \\\"C:\\\\Users\\\\guisa\\\\AppData\\\\Local\\\\Programs\\\\Python\\\\Python312\\\\Lib\\\\site-packages\\\\pluggy\\\\_callers.py\\\", line 103, in _multicall\\n    res = hook_impl.function(*args)\\n          ^^^^^^^^^^^^^^^^^^^^^^^^^\\n  File \\\"C:\\\\Users\\\\guisa\\\\AppData\\\\Local\\\\Programs\\\\Python\\\\Python312\\\\Lib\\\\site-packages\\\\_pytest\\\\main.py\\\", line 362, in pytest_runtestloop\\n    item.config.hook.pytest_runtest_protocol(item=item, nextitem=nextitem)\\n  File \\\"C:\\\\Users\\\\guisa\\\\AppData\\\\Local\\\\Programs\\\\Python\\\\Python312\\\\Lib\\\\site-packages\\\\pluggy\\\\_hooks.py\\\", line 513, in __call__\\n    return self._hookexec(self.name, self._hookimpls.copy(), kwargs, firstresult)\\n           ^^^^^^^^^^^^^^^^^^^^^^^^^^^^^^^^^^^^^^^^^^^^^^^^^^^^^^^^^^^^^^^^^^^^^^\\n  File \\\"C:\\\\Users\\\\guisa\\\\AppData\\\\Local\\\\Programs\\\\Python\\\\Python312\\\\Lib\\\\site-packages\\\\pluggy\\\\_manager.py\\\", line 120, in _hookexec\\n    return self._inner_hookexec(hook_name, methods, kwargs, firstresult)\\n           ^^^^^^^^^^^^^^^^^^^^^^^^^^^^^^^^^^^^^^^^^^^^^^^^^^^^^^^^^^^^^\\n  File \\\"C:\\\\Users\\\\guisa\\\\AppData\\\\Local\\\\Programs\\\\Python\\\\Python312\\\\Lib\\\\site-packages\\\\pluggy\\\\_callers.py\\\", line 139, in _multicall\\n    raise exception.with_traceback(exception.__traceback__)\\n  File \\\"C:\\\\Users\\\\guisa\\\\AppData\\\\Local\\\\Programs\\\\Python\\\\Python312\\\\Lib\\\\site-packages\\\\pluggy\\\\_callers.py\\\", line 122, in _multicall\\n    teardown.throw(exception)  # type: ignore[union-attr]\\n    ^^^^^^^^^^^^^^^^^^^^^^^^^\\n  File \\\"C:\\\\Users\\\\guisa\\\\AppData\\\\Local\\\\Programs\\\\Python\\\\Python312\\\\Lib\\\\site-packages\\\\_pytest\\\\warnings.py\\\", line 112, in pytest_runtest_protocol\\n    return (yield)\\n            ^^^^^\\n  File \\\"C:\\\\Users\\\\guisa\\\\AppData\\\\Local\\\\Programs\\\\Python\\\\Python312\\\\Lib\\\\site-packages\\\\pluggy\\\\_callers.py\\\", line 122, in _multicall\\n    teardown.throw(exception)  # type: ignore[union-attr]\\n    ^^^^^^^^^^^^^^^^^^^^^^^^^\\n  File \\\"C:\\\\Users\\\\guisa\\\\AppData\\\\Local\\\\Programs\\\\Python\\\\Python312\\\\Lib\\\\site-packages\\\\_pytest\\\\assertion\\\\__init__.py\\\", line 176, in pytest_runtest_protocol\\n    return (yield)\\n            ^^^^^\\n  File \\\"C:\\\\Users\\\\guisa\\\\AppData\\\\Local\\\\Programs\\\\Python\\\\Python312\\\\Lib\\\\site-packages\\\\pluggy\\\\_callers.py\\\", line 122, in _multicall\\n    teardown.throw(exception)  # type: ignore[union-attr]\\n    ^^^^^^^^^^^^^^^^^^^^^^^^^\\n  File \\\"C:\\\\Users\\\\guisa\\\\AppData\\\\Local\\\\Programs\\\\Python\\\\Python312\\\\Lib\\\\site-packages\\\\_pytest\\\\unittest.py\\\", line 429, in pytest_runtest_protocol\\n    res = yield\\n          ^^^^^\\n  File \\\"C:\\\\Users\\\\guisa\\\\AppData\\\\Local\\\\Programs\\\\Python\\\\Python312\\\\Lib\\\\site-packages\\\\pluggy\\\\_callers.py\\\", line 122, in _multicall\\n    teardown.throw(exception)  # type: ignore[union-attr]\\n    ^^^^^^^^^^^^^^^^^^^^^^^^^\\n  File \\\"C:\\\\Users\\\\guisa\\\\AppData\\\\Local\\\\Programs\\\\Python\\\\Python312\\\\Lib\\\\site-packages\\\\_pytest\\\\faulthandler.py\\\", line 88, in pytest_runtest_protocol\\n    return (yield)\\n            ^^^^^\\n  File \\\"C:\\\\Users\\\\guisa\\\\AppData\\\\Local\\\\Programs\\\\Python\\\\Python312\\\\Lib\\\\site-packages\\\\pluggy\\\\_callers.py\\\", line 103, in _multicall\\n    res = hook_impl.function(*args)\\n          ^^^^^^^^^^^^^^^^^^^^^^^^^\\n  File \\\"C:\\\\Users\\\\guisa\\\\AppData\\\\Local\\\\Programs\\\\Python\\\\Python312\\\\Lib\\\\site-packages\\\\_pytest\\\\runner.py\\\", line 113, in pytest_runtest_protocol\\n    runtestprotocol(item, nextitem=nextitem)\\n  File \\\"C:\\\\Users\\\\guisa\\\\AppData\\\\Local\\\\Programs\\\\Python\\\\Python312\\\\Lib\\\\site-packages\\\\_pytest\\\\runner.py\\\", line 132, in runtestprotocol\\n    reports.append(call_and_report(item, \\\"call\\\", log))\\n                   ^^^^^^^^^^^^^^^^^^^^^^^^^^^^^^^^^^\\n  File \\\"C:\\\\Users\\\\guisa\\\\AppData\\\\Local\\\\Programs\\\\Python\\\\Python312\\\\Lib\\\\site-packages\\\\_pytest\\\\runner.py\\\", line 241, in call_and_report\\n    call = CallInfo.from_call(\\n           ^^^^^^^^^^^^^^^^^^^\\n  File \\\"C:\\\\Users\\\\guisa\\\\AppData\\\\Local\\\\Programs\\\\Python\\\\Python312\\\\Lib\\\\site-packages\\\\_pytest\\\\runner.py\\\", line 341, in from_call\\n    result: TResult | None = func()\\n                             ^^^^^^\\n  File \\\"C:\\\\Users\\\\guisa\\\\AppData\\\\Local\\\\Programs\\\\Python\\\\Python312\\\\Lib\\\\site-packages\\\\_pytest\\\\runner.py\\\", line 242, in \\u0026lt;lambda\\u0026gt;\\n    lambda: runtest_hook(item=item, **kwds), when=when, reraise=reraise\\n            ^^^^^^^^^^^^^^^^^^^^^^^^^^^^^^^\\n  File \\\"C:\\\\Users\\\\guisa\\\\AppData\\\\Local\\\\Programs\\\\Python\\\\Python312\\\\Lib\\\\site-packages\\\\pluggy\\\\_hooks.py\\\", line 513, in __call__\\n    return self._hookexec(self.name, self._hookimpls.copy(), kwargs, firstresult)\\n           ^^^^^^^^^^^^^^^^^^^^^^^^^^^^^^^^^^^^^^^^^^^^^^^^^^^^^^^^^^^^^^^^^^^^^^\\n  File \\\"C:\\\\Users\\\\guisa\\\\AppData\\\\Local\\\\Programs\\\\Python\\\\Python312\\\\Lib\\\\site-packages\\\\pluggy\\\\_manager.py\\\", line 120, in _hookexec\\n    return self._inner_hookexec(hook_name, methods, kwargs, firstresult)\\n           ^^^^^^^^^^^^^^^^^^^^^^^^^^^^^^^^^^^^^^^^^^^^^^^^^^^^^^^^^^^^^\\n  File \\\"C:\\\\Users\\\\guisa\\\\AppData\\\\Local\\\\Programs\\\\Python\\\\Python312\\\\Lib\\\\site-packages\\\\pluggy\\\\_callers.py\\\", line 182, in _multicall\\n    return outcome.get_result()\\n           ^^^^^^^^^^^^^^^^^^^^\\n  File \\\"C:\\\\Users\\\\guisa\\\\AppData\\\\Local\\\\Programs\\\\Python\\\\Python312\\\\Lib\\\\site-packages\\\\pluggy\\\\_result.py\\\", line 100, in get_result\\n    raise exc.with_traceback(exc.__traceback__)\\n  File \\\"C:\\\\Users\\\\guisa\\\\AppData\\\\Local\\\\Programs\\\\Python\\\\Python312\\\\Lib\\\\site-packages\\\\pluggy\\\\_callers.py\\\", line 167, in _multicall\\n    teardown.throw(outcome._exception)\\n  File \\\"C:\\\\Users\\\\guisa\\\\AppData\\\\Local\\\\Programs\\\\Python\\\\Python312\\\\Lib\\\\site-packages\\\\_pytest\\\\threadexception.py\\\", line 92, in pytest_runtest_call\\n    yield from thread_exception_runtest_hook()\\n  File \\\"C:\\\\Users\\\\guisa\\\\AppData\\\\Local\\\\Programs\\\\Python\\\\Python312\\\\Lib\\\\site-packages\\\\_pytest\\\\threadexception.py\\\", line 68, in thread_exception_runtest_hook\\n    yield\\n  File \\\"C:\\\\Users\\\\guisa\\\\AppData\\\\Local\\\\Programs\\\\Python\\\\Python312\\\\Lib\\\\site-packages\\\\pluggy\\\\_callers.py\\\", line 167, in _multicall\\n    teardown.throw(outcome._exception)\\n  File \\\"C:\\\\Users\\\\guisa\\\\AppData\\\\Local\\\\Programs\\\\Python\\\\Python312\\\\Lib\\\\site-packages\\\\_pytest\\\\unraisableexception.py\\\", line 95, in pytest_runtest_call\\n    yield from unraisable_exception_runtest_hook()\\n  File \\\"C:\\\\Users\\\\guisa\\\\AppData\\\\Local\\\\Programs\\\\Python\\\\Python312\\\\Lib\\\\site-packages\\\\_pytest\\\\unraisableexception.py\\\", line 70, in unraisable_exception_runtest_hook\\n    yield\\n  File \\\"C:\\\\Users\\\\guisa\\\\AppData\\\\Local\\\\Programs\\\\Python\\\\Python312\\\\Lib\\\\site-packages\\\\pluggy\\\\_callers.py\\\", line 167, in _multicall\\n    teardown.throw(outcome._exception)\\n  File \\\"C:\\\\Users\\\\guisa\\\\AppData\\\\Local\\\\Programs\\\\Python\\\\Python312\\\\Lib\\\\site-packages\\\\_pytest\\\\logging.py\\\", line 846, in pytest_runtest_call\\n    yield from self._runtest_for(item, \\\"call\\\")\\n  File \\\"C:\\\\Users\\\\guisa\\\\AppData\\\\Local\\\\Programs\\\\Python\\\\Python312\\\\Lib\\\\site-packages\\\\_pytest\\\\logging.py\\\", line 829, in _runtest_for\\n    yield\\n  File \\\"C:\\\\Users\\\\guisa\\\\AppData\\\\Local\\\\Programs\\\\Python\\\\Python312\\\\Lib\\\\site-packages\\\\pluggy\\\\_callers.py\\\", line 167, in _multicall\\n    teardown.throw(outcome._exception)\\n  File \\\"C:\\\\Users\\\\guisa\\\\AppData\\\\Local\\\\Programs\\\\Python\\\\Python312\\\\Lib\\\\site-packages\\\\_pytest\\\\capture.py\\\", line 898, in pytest_runtest_call\\n    return (yield)\\n            ^^^^^\\n  File \\\"C:\\\\Users\\\\guisa\\\\AppData\\\\Local\\\\Programs\\\\Python\\\\Python312\\\\Lib\\\\site-packages\\\\pluggy\\\\_callers.py\\\", line 167, in _multicall\\n    teardown.throw(outcome._exception)\\n  File \\\"C:\\\\Users\\\\guisa\\\\AppData\\\\Local\\\\Programs\\\\Python\\\\Python312\\\\Lib\\\\site-packages\\\\_pytest\\\\skipping.py\\\", line 257, in pytest_runtest_call\\n    return (yield)\\n            ^^^^^\\n  File \\\"C:\\\\Users\\\\guisa\\\\AppData\\\\Local\\\\Programs\\\\Python\\\\Python312\\\\Lib\\\\site-packages\\\\pluggy\\\\_callers.py\\\", line 103, in _multicall\\n    res = hook_impl.function(*args)\\n          ^^^^^^^^^^^^^^^^^^^^^^^^^\\n  File \\\"C:\\\\Users\\\\guisa\\\\AppData\\\\Local\\\\Programs\\\\Python\\\\Python312\\\\Lib\\\\site-packages\\\\_pytest\\\\runner.py\\\", line 174, in pytest_runtest_call\\n    item.runtest()\\n  File \\\"C:\\\\Users\\\\guisa\\\\AppData\\\\Local\\\\Programs\\\\Python\\\\Python312\\\\Lib\\\\site-packages\\\\pyfrc\\\\test_support\\\\pytest_dist_plugin.py\\\", line 116, in isolated_runtest\\n    _run_test_in_new_process(\\n  File \\\"C:\\\\Users\\\\guisa\\\\AppData\\\\Local\\\\Programs\\\\Python\\\\Python312\\\\Lib\\\\site-packages\\\\pyfrc\\\\test_support\\\\pytest_dist_plugin.py\\\", line 103, in _run_test_in_new_process\\n    ec = parent.recv()\\n         ^^^^^^^^^^^^^\\n  File \\\"C:\\\\Users\\\\guisa\\\\AppData\\\\Local\\\\Programs\\\\Python\\\\Python312\\\\Lib\\\\multiprocessing\\\\connection.py\\\", line 250, in recv\\n    buf = self._recv_bytes()\\n          ^^^^^^^^^^^^^^^^^^\\n  File \\\"C:\\\\Users\\\\guisa\\\\AppData\\\\Local\\\\Programs\\\\Python\\\\Python312\\\\Lib\\\\multiprocessing\\\\connection.py\\\", line 321, in _recv_bytes\\n    waitres = _winapi.WaitForMultipleObjects(\\n              ^^^^^^^^^^^^^^^^^^^^^^^^^^^^^^^\\nKeyboardInterrupt\\n\\nDuring handling of the above exception, another exception occurred:\\n\\nTraceback (most recent call last):\\n  File \\\"\\u0026lt;frozen runpy\\u0026gt;\\\", line 198, in _run_module_as_main\\n  File \\\"\\u0026lt;frozen runpy\\u0026gt;\\\", line 88, in _run_code\\n  File \\\"C:\\\\Users\\\\guisa\\\\AppData\\\\Local\\\\Programs\\\\Python\\\\Python312\\\\Lib\\\\site-packages\\\\robotpy\\\\__main__.py\\\", line 4, in \\u0026lt;module\\u0026gt;\\n    main()\\n  File \\\"C:\\\\Users\\\\guisa\\\\AppData\\\\Local\\\\Programs\\\\Python\\\\Python312\\\\Lib\\\\site-packages\\\\robotpy\\\\main.py\\\", line 314, in main\\n    retval = subcommand.run(**kwargs)\\n             ^^^^^^^^^^^^^^^^^^^^^^^^\\n  File \\\"C:\\\\Users\\\\guisa\\\\AppData\\\\Local\\\\Programs\\\\Python\\\\Python312\\\\Lib\\\\site-packages\\\\pyfrc\\\\mains\\\\cli_test.py\\\", line 101, in run\\n    return self._run_test(\\n           ^^^^^^^^^^^^^^^\\n  File \\\"C:\\\\Users\\\\guisa\\\\AppData\\\\Local\\\\Programs\\\\Python\\\\Python312\\\\Lib\\\\site-packages\\\\pyfrc\\\\mains\\\\cli_test.py\\\", line 164, in _run_test\\n    retv = pytest.main(\\n           ^^^^^^^^^^^^\\n  File \\\"C:\\\\Users\\\\guisa\\\\AppData\\\\Local\\\\Programs\\\\Python\\\\Python312\\\\Lib\\\\site-packages\\\\_pytest\\\\config\\\\__init__.py\\\", line 175, in main\\n    ret: ExitCode | int = config.hook.pytest_cmdline_main(config=config)\\n                          ^^^^^^^^^^^^^^^^^^^^^^^^^^^^^^^^^^^^^^^^^^^^^^\\n  File \\\"C:\\\\Users\\\\guisa\\\\AppData\\\\Local\\\\Programs\\\\Python\\\\Python312\\\\Lib\\\\site-packages\\\\pluggy\\\\_hooks.py\\\", line 513, in __call__\\n    return self._hookexec(self.name, self._hookimpls.copy(), kwargs, firstresult)\\n           ^^^^^^^^^^^^^^^^^^^^^^^^^^^^^^^^^^^^^^^^^^^^^^^^^^^^^^^^^^^^^^^^^^^^^^\\n  File \\\"C:\\\\Users\\\\guisa\\\\AppData\\\\Local\\\\Programs\\\\Python\\\\Python312\\\\Lib\\\\site-packages\\\\pluggy\\\\_manager.py\\\", line 120, in _hookexec\\n    return self._inner_hookexec(hook_name, methods, kwargs, firstresult)\\n           ^^^^^^^^^^^^^^^^^^^^^^^^^^^^^^^^^^^^^^^^^^^^^^^^^^^^^^^^^^^^^\\n  File \\\"C:\\\\Users\\\\guisa\\\\AppData\\\\Local\\\\Programs\\\\Python\\\\Python312\\\\Lib\\\\site-packages\\\\pluggy\\\\_callers.py\\\", line 139, in _multicall\\n    raise exception.with_traceback(exception.__traceback__)\\n  File \\\"C:\\\\Users\\\\guisa\\\\AppData\\\\Local\\\\Programs\\\\Python\\\\Python312\\\\Lib\\\\site-packages\\\\pluggy\\\\_callers.py\\\", line 103, in _multicall\\n    res = hook_impl.function(*args)\\n          ^^^^^^^^^^^^^^^^^^^^^^^^^\\n  File \\\"C:\\\\Users\\\\guisa\\\\AppData\\\\Local\\\\Programs\\\\Python\\\\Python312\\\\Lib\\\\site-packages\\\\_pytest\\\\main.py\\\", line 330, in pytest_cmdline_main\\n    return wrap_session(config, _main)\\n           ^^^^^^^^^^^^^^^^^^^^^^^^^^^\\n  File \\\"C:\\\\Users\\\\guisa\\\\AppData\\\\Local\\\\Programs\\\\Python\\\\Python312\\\\Lib\\\\site-packages\\\\_pytest\\\\main.py\\\", line 297, in wrap_session\\n    config.hook.pytest_keyboard_interrupt(excinfo=excinfo)\\n  File \\\"C:\\\\Users\\\\guisa\\\\AppData\\\\Local\\\\Programs\\\\Python\\\\Python312\\\\Lib\\\\site-packages\\\\pluggy\\\\_hooks.py\\\", line 513, in __call__\\n    return self._hookexec(self.name, self._hookimpls.copy(), kwargs, firstresult)\\n           ^^^^^^^^^^^^^^^^^^^^^^^^^^^^^^^^^^^^^^^^^^^^^^^^^^^^^^^^^^^^^^^^^^^^^^\\n  File \\\"C:\\\\Users\\\\guisa\\\\AppData\\\\Local\\\\Programs\\\\Python\\\\Python312\\\\Lib\\\\site-packages\\\\pluggy\\\\_manager.py\\\", line 120, in _hookexec\\n    return self._inner_hookexec(hook_name, methods, kwargs, firstresult)\\n           ^^^^^^^^^^^^^^^^^^^^^^^^^^^^^^^^^^^^^^^^^^^^^^^^^^^^^^^^^^^^^\\n  File \\\"C:\\\\Users\\\\guisa\\\\AppData\\\\Local\\\\Programs\\\\Python\\\\Python312\\\\Lib\\\\site-packages\\\\pluggy\\\\_callers.py\\\", line 139, in _multicall\\n    raise exception.with_traceback(exception.__traceback__)\\n  File \\\"C:\\\\Users\\\\guisa\\\\AppData\\\\Local\\\\Programs\\\\Python\\\\Python312\\\\Lib\\\\site-packages\\\\pluggy\\\\_callers.py\\\", line 103, in _multicall\\n    res = hook_impl.function(*args)\\n          ^^^^^^^^^^^^^^^^^^^^^^^^^\\n  File \\\"C:\\\\Users\\\\guisa\\\\AppData\\\\Local\\\\Programs\\\\Python\\\\Python312\\\\Lib\\\\site-packages\\\\_pytest\\\\terminal.py\\\", line 932, in pytest_keyboard_interrupt\\n    self._keyboardinterrupt_memo = excinfo.getrepr(funcargs=True)\\n                                   ^^^^^^^^^^^^^^^^^^^^^^^^^^^^^^\\n  File \\\"C:\\\\Users\\\\guisa\\\\AppData\\\\Local\\\\Programs\\\\Python\\\\Python312\\\\Lib\\\\site-packages\\\\_pytest\\\\_code\\\\code.py\\\", line 690, in getrepr\\n    return fmt.repr_excinfo(self)\\n           ^^^^^^^^^^^^^^^^^^^^^^\\n  File \\\"C:\\\\Users\\\\guisa\\\\AppData\\\\Local\\\\Programs\\\\Python\\\\Python312\\\\Lib\\\\site-packages\\\\_pytest\\\\_code\\\\code.py\\\", line 1058, in repr_excinfo\\n    reprtraceback = self.repr_traceback(excinfo_)\\n                    ^^^^^^^^^^^^^^^^^^^^^^^^^^^^^\\n  File \\\"C:\\\\Users\\\\guisa\\\\AppData\\\\Local\\\\Programs\\\\Python\\\\Python312\\\\Lib\\\\site-packages\\\\_pytest\\\\_code\\\\code.py\\\", line 992, in repr_traceback\\n    self.repr_traceback_entry(entry, excinfo if last == entry else None)\\n  File \\\"C:\\\\Users\\\\guisa\\\\AppData\\\\Local\\\\Programs\\\\Python\\\\Python312\\\\Lib\\\\site-packages\\\\_pytest\\\\_code\\\\code.py\\\", line 945, in repr_traceback_entry\\n    path = self._makepath(entry_path)\\n           ^^^^^^^^^^^^^^^^^^^^^^^^^^\\n  File \\\"C:\\\\Users\\\\guisa\\\\AppData\\\\Local\\\\Programs\\\\Python\\\\Python312\\\\Lib\\\\site-packages\\\\_pytest\\\\_code\\\\code.py\\\", line 961, in _makepath\\n    np = bestrelpath(Path.cwd(), path)\\n         ^^^^^^^^^^^^^^^^^^^^^^^^^^^^^\\n  File \\\"C:\\\\Users\\\\guisa\\\\AppData\\\\Local\\\\Programs\\\\Python\\\\Python312\\\\Lib\\\\site-packages\\\\_pytest\\\\pathlib.py\\\", line 1039, in bestrelpath\\n    reldest = dest.relative_to(base)\\n              ^^^^^^^^^^^^^^^^^^^^^^\\n  File \\\"C:\\\\Users\\\\guisa\\\\AppData\\\\Local\\\\Programs\\\\Python\\\\Python312\\\\Lib\\\\pathlib.py\\\", line 679, in relative_to\\n    if self.is_relative_to(path):\\n       ^^^^^^^^^^^^^^^^^^^^^^^^^\\n  File \\\"C:\\\\Users\\\\guisa\\\\AppData\\\\Local\\\\Programs\\\\Python\\\\Python312\\\\Lib\\\\pathlib.py\\\", line 700, in is_relative_to\\n    return other == self or other in self.parents\\n                            ^^^^^^^^^^^^^^^^^^^^^\\n  File \\\"\\u0026lt;frozen _collections_abc\\u0026gt;\\\", line 1033, in __contains__\\n  File \\\"\\u0026lt;frozen _collections_abc\\u0026gt;\\\", line 1026, in __iter__\\n  File \\\"C:\\\\Users\\\\guisa\\\\AppData\\\\Local\\\\Programs\\\\Python\\\\Python312\\\\Lib\\\\pathlib.py\\\", line 285, in __getitem__\\n    return self._path._from_parsed_parts(self._drv, self._root,\\n           ^^^^^^^^^^^^^^^^^^^^^^^^^^^^^^^^^^^^^^^^^^^^^^^^^^^^\\n  File \\\"C:\\\\Users\\\\guisa\\\\AppData\\\\Local\\\\Programs\\\\Python\\\\Python312\\\\Lib\\\\pathlib.py\\\", line 421, in _from_parsed_parts\\n    path_str = self._format_parsed_parts(drv, root, tail)\\n               ^^^^^^^^^^^^^^^^^^^^^^^^^^^^^^^^^^^^^^^^^^\\n  File \\\"C:\\\\Users\\\\guisa\\\\AppData\\\\Local\\\\Programs\\\\Python\\\\Python312\\\\Lib\\\\pathlib.py\\\", line 432, in _format_parsed_parts\\n    return drv + root + cls._flavour.sep.join(tail)\\n                        ^^^^^^^^^^^^^^^^^^^^^^^^^^^\\nKeyboardInterrupt\\n[phoenix-diagnostics] Server shutdown cleanly. (dur:0)\\n\\n[phoenix] Library shutdown cleanly\\n\\u003c/code\\u003e\\u003c/pre\\u003e\",\"post_number\":3,\"post_type\":1,\"posts_count\":7,\"updated_at\":\"2025-03-06T13:47:34.274Z\",\"reply_count\":1,\"reply_to_post_number\":2,\"quote_count\":0,\"incoming_link_count\":0,\"reads\":34,\"readers_count\":33,\"score\":11.8,\"yours\":false,\"topic_id\":494371,\"topic_slug\":\"tests-are-not-running-in-robotpy\",\"display_username\":\"Guilherme Samuel\",\"primary_group_name\":null,\"flair_name\":null,\"flair_url\":null,\"flair_bg_color\":null,\"flair_color\":null,\"flair_group_id\":null,\"badges_granted\":[],\"version\":2,\"can_edit\":false,\"can_delete\":false,\"can_recover\":false,\"can_see_hidden_post\":true,\"can_wiki\":false,\"read\":true,\"user_title\":\"\",\"reply_to_user\":{\"id\":11063,\"username\":\"virtuald\",\"name\":\"Dustin Spicuzza\",\"avatar_template\":\"/user_avatar/www.chiefdelphi.com/virtuald/{size}/65268_2.png\"},\"bookmarked\":false,\"actions_summary\":[],\"moderator\":false,\"admin\":false,\"staff\":false,\"user_id\":47943,\"hidden\":false,\"trust_level\":2,\"deleted_at\":null,\"user_deleted\":false,\"edit_reason\":null,\"can_view_edit_history\":true,\"wiki\":false,\"user_custom_fields\":{\"user_field_4\":\"\"},\"post_url\":\"/t/tests-are-not-running-in-robotpy/494371/3\",\"custom_user_title\":null,\"reactions\":[],\"current_user_reaction\":null,\"reaction_users_count\":0,\"current_user_used_main_reaction\":false,\"can_accept_answer\":false,\"can_unaccept_answer\":false,\"accepted_answer\":false,\"topic_accepted_answer\":true},{\"id\":3548991,\"name\":\"Dustin Spicuzza\",\"username\":\"virtuald\",\"avatar_template\":\"/user_avatar/www.chiefdelphi.com/virtuald/{size}/65268_2.png\",\"created_at\":\"2025-03-06T04:43:10.859Z\",\"cooked\":\"\\u003cp\\u003eYeah, that’s not very useful.\\u003c/p\\u003e\\n\\u003cp\\u003eIf you don’t run in isolated mode, it should be a more useful output? If you send me a link to your code I can give it a shot too.\\u003c/p\\u003e\",\"post_number\":4,\"post_type\":1,\"posts_count\":7,\"updated_at\":\"2025-03-06T04:43:10.859Z\",\"reply_count\":1,\"reply_to_post_number\":3,\"quote_count\":0,\"incoming_link_count\":1,\"reads\":24,\"readers_count\":23,\"score\":14.8,\"yours\":false,\"topic_id\":494371,\"topic_slug\":\"tests-are-not-running-in-robotpy\",\"display_username\":\"Dustin Spicuzza\",\"primary_group_name\":null,\"flair_name\":null,\"flair_url\":null,\"flair_bg_color\":null,\"flair_color\":null,\"flair_group_id\":null,\"badges_granted\":[],\"version\":1,\"can_edit\":false,\"can_delete\":false,\"can_recover\":false,\"can_see_hidden_post\":true,\"can_wiki\":false,\"read\":true,\"user_title\":\"\",\"reply_to_user\":{\"id\":47943,\"username\":\"megarubber\",\"name\":\"Guilherme Samuel\",\"avatar_template\":\"/user_avatar/www.chiefdelphi.com/megarubber/{size}/172063_2.png\"},\"bookmarked\":false,\"actions_summary\":[],\"moderator\":false,\"admin\":false,\"staff\":false,\"user_id\":11063,\"hidden\":false,\"trust_level\":2,\"deleted_at\":null,\"user_deleted\":false,\"edit_reason\":null,\"can_view_edit_history\":true,\"wiki\":false,\"user_custom_fields\":{\"user_field_4\":\"RobotPy Guy, WPILib Developer\"},\"post_url\":\"/t/tests-are-not-running-in-robotpy/494371/4\",\"custom_user_title\":\"RobotPy Guy, WPILib Developer\",\"reactions\":[],\"current_user_reaction\":null,\"reaction_users_count\":0,\"current_user_used_main_reaction\":false,\"can_accept_answer\":false,\"can_unaccept_answer\":false,\"accepted_answer\":false,\"topic_accepted_answer\":true},{\"id\":3549242,\"name\":\"Guilherme Samuel\",\"username\":\"megarubber\",\"avatar_template\":\"/user_avatar/www.chiefdelphi.com/megarubber/{size}/172063_2.png\",\"created_at\":\"2025-03-06T13:47:00.950Z\",\"cooked\":\"\\u003caside class=\\\"quote no-group\\\" data-username=\\\"virtuald\\\" data-post=\\\"4\\\" data-topic=\\\"494371\\\"\\u003e\\n\\u003cdiv class=\\\"title\\\"\\u003e\\n\\u003cdiv class=\\\"quote-controls\\\"\\u003e\\u003c/div\\u003e\\n\\u003cimg loading=\\\"lazy\\\" alt=\\\"\\\" width=\\\"24\\\" height=\\\"24\\\" src=\\\"https://www.chiefdelphi.com/user_avatar/www.chiefdelphi.com/virtuald/48/65268_2.png\\\" class=\\\"avatar\\\"\\u003e virtuald:\\u003c/div\\u003e\\n\\u003cblockquote\\u003e\\n\\u003cp\\u003eIf you don’t run in isolated mode, it should be a more useful output?\\u003c/p\\u003e\\n\\u003c/blockquote\\u003e\\n\\u003c/aside\\u003e\\n\\u003cp\\u003eNo, it doesn’t. Unfortunately, it’s pretty much the same output shown before. I run \\u003ccode\\u003epy -3 -m robotpy test -- --full-trace\\u003c/code\\u003e for this test.\\u003c/p\\u003e\\n\\u003cp\\u003eThe code is here: \\u003ca href=\\\"https://github.com/TaubatexasRobotics/2025-season-robot-code/tree/feat/photonvision\\\" class=\\\"inline-onebox\\\" rel=\\\"noopener nofollow ugc\\\"\\u003eGitHub - TaubatexasRobotics/2025-season-robot-code at feat/photonvision\\u003c/a\\u003e\\u003c/p\\u003e\\n\\u003cp\\u003eProbably is a issue on my computer when it runs the Python process, because I tested in other machine and they work as expected. But I don’t know which thing is hanging the \\u003ccode\\u003epytest\\u003c/code\\u003e execution.\\u003c/p\\u003e\",\"post_number\":5,\"post_type\":1,\"posts_count\":7,\"updated_at\":\"2025-03-07T04:44:21.744Z\",\"reply_count\":1,\"reply_to_post_number\":4,\"quote_count\":1,\"incoming_link_count\":0,\"reads\":19,\"readers_count\":18,\"score\":8.8,\"yours\":false,\"topic_id\":494371,\"topic_slug\":\"tests-are-not-running-in-robotpy\",\"display_username\":\"Guilherme Samuel\",\"primary_group_name\":null,\"flair_name\":null,\"flair_url\":null,\"flair_bg_color\":null,\"flair_color\":null,\"flair_group_id\":null,\"badges_granted\":[],\"version\":3,\"can_edit\":false,\"can_delete\":false,\"can_recover\":false,\"can_see_hidden_post\":true,\"can_wiki\":false,\"link_counts\":[{\"url\":\"https://github.com/TaubatexasRobotics/2025-season-robot-code/tree/feat/photonvision\",\"internal\":false,\"reflection\":false,\"title\":\"GitHub - TaubatexasRobotics/2025-season-robot-code at feat/photonvision\",\"clicks\":1}],\"read\":true,\"user_title\":\"\",\"bookmarked\":false,\"actions_summary\":[],\"moderator\":false,\"admin\":false,\"staff\":false,\"user_id\":47943,\"hidden\":false,\"trust_level\":2,\"deleted_at\":null,\"user_deleted\":false,\"edit_reason\":null,\"can_view_edit_history\":true,\"wiki\":false,\"user_custom_fields\":{\"user_field_4\":\"\"},\"post_url\":\"/t/tests-are-not-running-in-robotpy/494371/5\",\"custom_user_title\":null,\"reactions\":[],\"current_user_reaction\":null,\"reaction_users_count\":0,\"current_user_used_main_reaction\":false,\"can_accept_answer\":false,\"can_unaccept_answer\":false,\"accepted_answer\":false,\"topic_accepted_answer\":true},{\"id\":3550187,\"name\":\"Dustin Spicuzza\",\"username\":\"virtuald\",\"avatar_template\":\"/user_avatar/www.chiefdelphi.com/virtuald/{size}/65268_2.png\",\"created_at\":\"2025-03-07T04:27:29.430Z\",\"cooked\":\"\\u003cp\\u003eI note that you have rev as a dependency. Since you mentioned that other computers worked, there was a hanging bug in the initial versions of the revlib library this year. Likely the computer that is failing has an older version installed.\\u003c/p\\u003e\\n\\u003cp\\u003eAdd the following to your pyproject.toml and run \\u003ccode\\u003erobotpy sync\\u003c/code\\u003e:\\u003c/p\\u003e\\n\\u003cpre\\u003e\\u003ccode class=\\\"lang-auto\\\"\\u003erequires = [\\n    \\\"robotpy-rev~=2025.0.2\\\",\\n]\\n\\u003c/code\\u003e\\u003c/pre\\u003e\",\"post_number\":6,\"post_type\":1,\"posts_count\":7,\"updated_at\":\"2025-03-07T04:27:29.430Z\",\"reply_count\":1,\"reply_to_post_number\":5,\"quote_count\":0,\"incoming_link_count\":1,\"reads\":11,\"readers_count\":10,\"score\":27.2,\"yours\":false,\"topic_id\":494371,\"topic_slug\":\"tests-are-not-running-in-robotpy\",\"display_username\":\"Dustin Spicuzza\",\"primary_group_name\":null,\"flair_name\":null,\"flair_url\":null,\"flair_bg_color\":null,\"flair_color\":null,\"flair_group_id\":null,\"badges_granted\":[],\"version\":1,\"can_edit\":false,\"can_delete\":false,\"can_recover\":false,\"can_see_hidden_post\":true,\"can_wiki\":false,\"read\":true,\"user_title\":\"\",\"reply_to_user\":{\"id\":47943,\"username\":\"megarubber\",\"name\":\"Guilherme Samuel\",\"avatar_template\":\"/user_avatar/www.chiefdelphi.com/megarubber/{size}/172063_2.png\"},\"bookmarked\":false,\"actions_summary\":[{\"id\":2,\"count\":1}],\"moderator\":false,\"admin\":false,\"staff\":false,\"user_id\":11063,\"hidden\":false,\"trust_level\":2,\"deleted_at\":null,\"user_deleted\":false,\"edit_reason\":null,\"can_view_edit_history\":true,\"wiki\":false,\"user_custom_fields\":{\"user_field_4\":\"RobotPy Guy, WPILib Developer\"},\"post_url\":\"/t/tests-are-not-running-in-robotpy/494371/6\",\"custom_user_title\":\"RobotPy Guy, WPILib Developer\",\"reactions\":[{\"id\":\"heart\",\"type\":\"emoji\",\"count\":1}],\"current_user_reaction\":null,\"reaction_users_count\":1,\"current_user_used_main_reaction\":false,\"can_accept_answer\":false,\"can_unaccept_answer\":false,\"accepted_answer\":true,\"topic_accepted_answer\":true},{\"id\":3550209,\"name\":\"Guilherme Samuel\",\"username\":\"megarubber\",\"avatar_template\":\"/user_avatar/www.chiefdelphi.com/megarubber/{size}/172063_2.png\",\"created_at\":\"2025-03-07T05:09:08.984Z\",\"cooked\":\"\\u003cp\\u003eWow, this is what I needed. I’ll pay more attention when using \\u003ccode\\u003epyproject.toml\\u003c/code\\u003e.\\u003c/p\\u003e\",\"post_number\":7,\"post_type\":1,\"posts_count\":7,\"updated_at\":\"2025-03-07T05:09:08.984Z\",\"reply_count\":0,\"reply_to_post_number\":6,\"quote_count\":0,\"incoming_link_count\":0,\"reads\":10,\"readers_count\":9,\"score\":2.0,\"yours\":false,\"topic_id\":494371,\"topic_slug\":\"tests-are-not-running-in-robotpy\",\"display_username\":\"Guilherme Samuel\",\"primary_group_name\":null,\"flair_name\":null,\"flair_url\":null,\"flair_bg_color\":null,\"flair_color\":null,\"flair_group_id\":null,\"badges_granted\":[],\"version\":1,\"can_edit\":false,\"can_delete\":false,\"can_recover\":false,\"can_see_hidden_post\":true,\"can_wiki\":false,\"read\":true,\"user_title\":\"\",\"reply_to_user\":{\"id\":11063,\"username\":\"virtuald\",\"name\":\"Dustin Spicuzza\",\"avatar_template\":\"/user_avatar/www.chiefdelphi.com/virtuald/{size}/65268_2.png\"},\"bookmarked\":false,\"actions_summary\":[],\"moderator\":false,\"admin\":false,\"staff\":false,\"user_id\":47943,\"hidden\":false,\"trust_level\":2,\"deleted_at\":null,\"user_deleted\":false,\"edit_reason\":null,\"can_view_edit_history\":true,\"wiki\":false,\"user_custom_fields\":{\"user_field_4\":\"\"},\"post_url\":\"/t/tests-are-not-running-in-robotpy/494371/7\",\"custom_user_title\":null,\"reactions\":[],\"current_user_reaction\":null,\"reaction_users_count\":0,\"current_user_used_main_reaction\":false,\"can_accept_answer\":false,\"can_unaccept_answer\":false,\"accepted_answer\":false,\"topic_accepted_answer\":true}],\"stream\":[3548429,3548467,3548599,3548991,3549242,3550187,3550209]},\"timeline_lookup\":[[1,220],[5,219]],\"suggested_topics\":[{\"fancy_title\":\"Navx/Gyro Reset Failing/Error\",\"id\":495709,\"title\":\"Navx/Gyro Reset Failing/Error\",\"slug\":\"navx-gyro-reset-failing-error\",\"posts_count\":2,\"reply_count\":0,\"highest_post_number\":2,\"image_url\":null,\"created_at\":\"2025-03-15T21:15:35.557Z\",\"last_posted_at\":\"2025-03-16T02:28:24.030Z\",\"bumped\":true,\"bumped_at\":\"2025-03-16T02:28:24.030Z\",\"archetype\":\"regular\",\"unseen\":false,\"pinned\":false,\"unpinned\":null,\"excerpt\":\"We found the solution! The code for the navx changed from 2024 to 2025, where it doesn’t take the type we passed in to the gyro from last season.\",\"visible\":true,\"closed\":false,\"archived\":false,\"bookmarked\":null,\"liked\":null,\"tags\":[],\"tags_descriptions\":{},\"like_count\":0,\"views\":68,\"category_id\":77,\"featured_link\":null,\"has_accepted_answer\":true,\"sidecar_installed\":true,\"include_dominant_colour\":false,\"topic_post_id\":3558060,\"topic_post_liked\":false,\"topic_post_can_like\":false,\"topic_post_can_unlike\":false,\"topic_post_bookmarked\":false,\"topic_post_is_current_users\":null,\"topic_post_number\":2,\"topic_post_user\":{\"id\":66158,\"username\":\"ahuang\",\"name\":\"ahuang\",\"avatar_template\":\"/letter_avatar_proxy/v4/letter/a/13edae/{size}.png\"},\"posters\":[{\"extras\":\"latest single\",\"description\":\"Original Poster, Most Recent Poster, Accepted Answer\",\"user\":{\"id\":66158,\"username\":\"ahuang\",\"name\":\"ahuang\",\"avatar_template\":\"/letter_avatar_proxy/v4/letter/a/13edae/{size}.png\",\"trust_level\":1}}]},{\"fancy_title\":\"KrakenX60, Neo swerve Robotpy\",\"id\":479674,\"title\":\"KrakenX60, Neo swerve Robotpy\",\"slug\":\"krakenx60-neo-swerve-robotpy\",\"posts_count\":9,\"reply_count\":5,\"highest_post_number\":9,\"image_url\":null,\"created_at\":\"2025-01-07T01:38:57.630Z\",\"last_posted_at\":\"2025-01-09T02:08:01.290Z\",\"bumped\":true,\"bumped_at\":\"2025-01-09T02:08:01.290Z\",\"archetype\":\"regular\",\"unseen\":false,\"pinned\":false,\"unpinned\":null,\"excerpt\":\"My team decided to buy a mixture of Krakens for driving and Neos for rotating within swerve modules for our chassis this year. Only last year our team switched from C++ to Python so that we can easier…\",\"visible\":true,\"closed\":false,\"archived\":false,\"bookmarked\":null,\"liked\":null,\"tags\":[\"robot\",\"swerve\",\"drivetrain\",\"code\",\"drive\",\"reefscape\"],\"tags_descriptions\":{},\"like_count\":0,\"views\":354,\"category_id\":77,\"featured_link\":null,\"has_accepted_answer\":false,\"sidecar_installed\":true,\"include_dominant_colour\":false,\"topic_post_id\":3473382,\"topic_post_liked\":false,\"topic_post_can_like\":false,\"topic_post_can_unlike\":false,\"topic_post_bookmarked\":false,\"topic_post_is_current_users\":null,\"topic_post_number\":1,\"topic_post_user\":{\"id\":70571,\"username\":\"Henryborn\",\"name\":\"Henry Born\",\"avatar_template\":\"/letter_avatar_proxy/v4/letter/h/779978/{size}.png\"},\"posters\":[{\"extras\":\"latest\",\"description\":\"Original Poster, Most Recent Poster\",\"user\":{\"id\":70571,\"username\":\"Henryborn\",\"name\":\"Henry Born\",\"avatar_template\":\"/letter_avatar_proxy/v4/letter/h/779978/{size}.png\",\"trust_level\":0}},{\"extras\":null,\"description\":\"Frequent Poster\",\"user\":{\"id\":11063,\"username\":\"virtuald\",\"name\":\"Dustin Spicuzza\",\"avatar_template\":\"/user_avatar/www.chiefdelphi.com/virtuald/{size}/65268_2.png\",\"trust_level\":2}},{\"extras\":null,\"description\":\"Frequent Poster\",\"user\":{\"id\":13247,\"username\":\"deeek\",\"name\":\"Derek W.\",\"avatar_template\":\"/letter_avatar_proxy/v4/letter/d/ce7236/{size}.png\",\"trust_level\":2}},{\"extras\":null,\"description\":\"Frequent Poster\",\"user\":{\"id\":66475,\"username\":\"e_bauman\",\"name\":\"\",\"avatar_template\":\"/user_avatar/www.chiefdelphi.com/e_bauman/{size}/240340_2.png\",\"trust_level\":2}}]},{\"fancy_title\":\"Issue deploying with robotpy\",\"id\":476845,\"title\":\"Issue deploying with robotpy\",\"slug\":\"issue-deploying-with-robotpy\",\"posts_count\":6,\"reply_count\":3,\"highest_post_number\":6,\"image_url\":null,\"created_at\":\"2024-12-17T01:26:37.309Z\",\"last_posted_at\":\"2024-12-17T17:43:20.267Z\",\"bumped\":true,\"bumped_at\":\"2024-12-17T17:43:20.267Z\",\"archetype\":\"regular\",\"unseen\":false,\"pinned\":false,\"unpinned\":null,\"excerpt\":\"We have been trying to deploy our code to the robot, but whenever we do so, we get an interesting error we’re not able to debug. We’ve tried uninstalling and reinstalling robotpy, updating pip, and s…\",\"visible\":true,\"closed\":false,\"archived\":false,\"bookmarked\":null,\"liked\":null,\"tags\":[\"python\",\"error\"],\"tags_descriptions\":{},\"like_count\":1,\"views\":176,\"category_id\":77,\"featured_link\":null,\"has_accepted_answer\":false,\"sidecar_installed\":true,\"include_dominant_colour\":false,\"topic_post_id\":3460120,\"topic_post_liked\":false,\"topic_post_like_count\":1,\"topic_post_can_like\":false,\"topic_post_can_unlike\":false,\"topic_post_bookmarked\":false,\"topic_post_is_current_users\":null,\"topic_post_number\":1,\"topic_post_user\":{\"id\":68366,\"username\":\"TheSavageDemon\",\"name\":\"Raiden Snelson\",\"avatar_template\":\"/user_avatar/www.chiefdelphi.com/thesavagedemon/{size}/243298_2.png\"},\"posters\":[{\"extras\":null,\"description\":\"Original Poster\",\"user\":{\"id\":68366,\"username\":\"TheSavageDemon\",\"name\":\"Raiden Snelson\",\"avatar_template\":\"/user_avatar/www.chiefdelphi.com/thesavagedemon/{size}/243298_2.png\",\"trust_level\":1}},{\"extras\":null,\"description\":\"Frequent Poster\",\"user\":{\"id\":65,\"username\":\"Joe_Ross\",\"name\":\"Joe Ross\",\"avatar_template\":\"/user_avatar/www.chiefdelphi.com/joe_ross/{size}/37_2.png\",\"moderator\":true,\"trust_level\":4}},{\"extras\":null,\"description\":\"Frequent Poster\",\"user\":{\"id\":11063,\"username\":\"virtuald\",\"name\":\"Dustin Spicuzza\",\"avatar_template\":\"/user_avatar/www.chiefdelphi.com/virtuald/{size}/65268_2.png\",\"trust_level\":2}},{\"extras\":\"latest\",\"description\":\"Most Recent Poster\",\"user\":{\"id\":63244,\"username\":\"Pickle_Face5\",\"name\":\"Caden R Dalley\",\"avatar_template\":\"/user_avatar/www.chiefdelphi.com/pickle_face5/{size}/210767_2.png\",\"trust_level\":2}}]},{\"fancy_title\":\"Does Anyone Know How to Code A VEX Limit Switch Using Python\",\"id\":474138,\"title\":\"Does Anyone Know How to Code A VEX Limit Switch Using Python\",\"slug\":\"does-anyone-know-how-to-code-a-vex-limit-switch-using-python\",\"posts_count\":3,\"reply_count\":0,\"highest_post_number\":3,\"image_url\":null,\"created_at\":\"2024-10-31T23:01:21.900Z\",\"last_posted_at\":\"2024-11-01T01:16:37.832Z\",\"bumped\":true,\"bumped_at\":\"2024-11-01T01:16:37.832Z\",\"archetype\":\"regular\",\"unseen\":false,\"pinned\":false,\"unpinned\":null,\"excerpt\":\"Hey! I am a first year at my schools robotics club. We have no programers and I have to tackel the task of coding the limit witches on our robot. I would really love some help!\",\"visible\":true,\"closed\":false,\"archived\":false,\"bookmarked\":null,\"liked\":null,\"tags\":[\"robot\"],\"tags_descriptions\":{},\"like_count\":0,\"views\":196,\"category_id\":77,\"featured_link\":null,\"has_accepted_answer\":false,\"sidecar_installed\":true,\"include_dominant_colour\":false,\"topic_post_id\":3442345,\"topic_post_liked\":false,\"topic_post_can_like\":false,\"topic_post_can_unlike\":false,\"topic_post_bookmarked\":false,\"topic_post_is_current_users\":null,\"topic_post_number\":1,\"topic_post_user\":{\"id\":68778,\"username\":\"Jlhoops\",\"name\":\"Justyce\",\"avatar_template\":\"/letter_avatar_proxy/v4/letter/j/8e8cbc/{size}.png\"},\"posters\":[{\"extras\":null,\"description\":\"Original Poster\",\"user\":{\"id\":68778,\"username\":\"Jlhoops\",\"name\":\"Justyce\",\"avatar_template\":\"/letter_avatar_proxy/v4/letter/j/8e8cbc/{size}.png\",\"trust_level\":0}},{\"extras\":null,\"description\":\"Frequent Poster\",\"user\":{\"id\":3095,\"username\":\"Billfred\",\"name\":\"Billfred Leverette (he/him/not Bill)\",\"avatar_template\":\"/user_avatar/www.chiefdelphi.com/billfred/{size}/225278_2.png\",\"moderator\":true,\"trust_level\":4}},{\"extras\":\"latest\",\"description\":\"Most Recent Poster\",\"user\":{\"id\":11063,\"username\":\"virtuald\",\"name\":\"Dustin Spicuzza\",\"avatar_template\":\"/user_avatar/www.chiefdelphi.com/virtuald/{size}/65268_2.png\",\"trust_level\":2}}]},{\"fancy_title\":\"MagicBot AddPeriodic\",\"id\":496837,\"title\":\"MagicBot AddPeriodic\",\"slug\":\"magicbot-addperiodic\",\"posts_count\":2,\"reply_count\":0,\"highest_post_number\":2,\"image_url\":null,\"created_at\":\"2025-03-25T03:25:16.612Z\",\"last_posted_at\":\"2025-03-25T05:22:20.469Z\",\"bumped\":true,\"bumped_at\":\"2025-03-25T05:22:20.469Z\",\"archetype\":\"regular\",\"unseen\":false,\"pinned\":false,\"unpinned\":null,\"excerpt\":\"My team uses magicbot for robotpy, and we want to use an equivalent of addPeriodic, even though we aren’t using TimedRobot. We’ve tried adding a notifier, and it caused severe loop overruns, and the a…\",\"visible\":true,\"closed\":false,\"archived\":false,\"bookmarked\":null,\"liked\":null,\"tags\":[],\"tags_descriptions\":{},\"like_count\":2,\"views\":110,\"category_id\":77,\"featured_link\":null,\"has_accepted_answer\":false,\"sidecar_installed\":true,\"include_dominant_colour\":false,\"topic_post_id\":3567772,\"topic_post_liked\":false,\"topic_post_can_like\":false,\"topic_post_can_unlike\":false,\"topic_post_bookmarked\":false,\"topic_post_is_current_users\":null,\"topic_post_number\":1,\"topic_post_user\":{\"id\":62698,\"username\":\"CakeDeer6\",\"name\":\"Ethan Grieshop\",\"avatar_template\":\"/user_avatar/www.chiefdelphi.com/cakedeer6/{size}/264680_2.png\"},\"posters\":[{\"extras\":null,\"description\":\"Original Poster\",\"user\":{\"id\":62698,\"username\":\"CakeDeer6\",\"name\":\"Ethan Grieshop\",\"avatar_template\":\"/user_avatar/www.chiefdelphi.com/cakedeer6/{size}/264680_2.png\",\"trust_level\":2}},{\"extras\":\"latest\",\"description\":\"Most Recent Poster\",\"user\":{\"id\":11063,\"username\":\"virtuald\",\"name\":\"Dustin Spicuzza\",\"avatar_template\":\"/user_avatar/www.chiefdelphi.com/virtuald/{size}/65268_2.png\",\"trust_level\":2}}]}],\"tags\":[\"robot\",\"python\",\"test\"],\"tags_descriptions\":{},\"fancy_title\":\"Tests are not running in RobotPy\",\"id\":494371,\"title\":\"Tests are not running in RobotPy\",\"posts_count\":7,\"created_at\":\"2025-03-05T18:10:45.375Z\",\"views\":119,\"reply_count\":5,\"like_count\":1,\"last_posted_at\":\"2025-03-07T05:09:08.984Z\",\"visible\":true,\"closed\":false,\"archived\":false,\"has_summary\":false,\"archetype\":\"regular\",\"slug\":\"tests-are-not-running-in-robotpy\",\"category_id\":77,\"word_count\":2259,\"deleted_at\":null,\"user_id\":47943,\"featured_link\":null,\"pinned_globally\":false,\"pinned_at\":null,\"pinned_until\":null,\"image_url\":\"https://www.chiefdelphi.com/uploads/default/optimized/3X/6/e/6e623a5c0e49316b4cbe9992c7e342e0b9cff78b_2_1024x418.png\",\"slow_mode_seconds\":0,\"draft\":null,\"draft_key\":\"topic_494371\",\"draft_sequence\":null,\"unpinned\":null,\"pinned\":false,\"current_post_number\":1,\"highest_post_number\":7,\"deleted_by\":null,\"actions_summary\":[{\"id\":4,\"count\":0,\"hidden\":false,\"can_act\":false},{\"id\":8,\"count\":0,\"hidden\":false,\"can_act\":false},{\"id\":10,\"count\":0,\"hidden\":false,\"can_act\":false},{\"id\":7,\"count\":0,\"hidden\":false,\"can_act\":false}],\"chunk_size\":20,\"bookmarked\":false,\"topic_timer\":{\"id\":45064,\"execute_at\":\"2026-03-07T05:09:08.984Z\",\"duration_minutes\":525600,\"based_on_last_post\":true,\"status_type\":\"close\",\"category_id\":null},\"message_bus_last_id\":0,\"participant_count\":2,\"show_read_indicator\":false,\"thumbnails\":[{\"max_width\":null,\"max_height\":null,\"width\":1913,\"height\":782,\"url\":\"https://www.chiefdelphi.com/uploads/default/original/3X/6/e/6e623a5c0e49316b4cbe9992c7e342e0b9cff78b.png\"},{\"max_width\":1024,\"max_height\":1024,\"width\":1024,\"height\":418,\"url\":\"https://www.chiefdelphi.com/uploads/default/optimized/3X/6/e/6e623a5c0e49316b4cbe9992c7e342e0b9cff78b_2_1024x418.png\"}],\"slow_mode_enabled_until\":null,\"valid_reactions\":[\"heart\",\"laughing\",\"point_up\",\"+1\",\"-1\",\"100\",\"open_mouth\",\"cry\",\"question\",\"thinking\",\"call_me_hand\",\"hugs\",\"angry\"],\"accepted_answer\":{\"post_number\":6,\"username\":\"virtuald\",\"name\":null,\"excerpt\":\"I note that you have rev as a dependency. Since you mentioned that other computers worked, there was a hanging bug in the initial versions of the revlib library this year. Likely the computer that is failing has an older version installed. \\nAdd the following to your pyproject.toml and run robotpy sy\\u0026hellip;\",\"accepter_name\":null},\"user_chosen_thumbnail_url\":null,\"sidecar_installed\":true,\"can_vote\":false,\"vote_count\":0,\"user_voted\":false,\"discourse_zendesk_plugin_zendesk_id\":null,\"discourse_zendesk_plugin_zendesk_url\":\"https://your-url.zendesk.com/agent/tickets/\",\"details\":{\"can_edit\":false,\"notification_level\":1,\"participants\":[{\"id\":47943,\"username\":\"megarubber\",\"name\":\"Guilherme Samuel\",\"avatar_template\":\"/user_avatar/www.chiefdelphi.com/megarubber/{size}/172063_2.png\",\"post_count\":4,\"primary_group_name\":null,\"flair_name\":null,\"flair_url\":null,\"flair_color\":null,\"flair_bg_color\":null,\"flair_group_id\":null,\"trust_level\":2},{\"id\":11063,\"username\":\"virtuald\",\"name\":\"Dustin Spicuzza\",\"avatar_template\":\"/user_avatar/www.chiefdelphi.com/virtuald/{size}/65268_2.png\",\"post_count\":3,\"primary_group_name\":null,\"flair_name\":null,\"flair_url\":null,\"flair_color\":null,\"flair_bg_color\":null,\"flair_group_id\":null,\"trust_level\":2}],\"created_by\":{\"id\":47943,\"username\":\"megarubber\",\"name\":\"Guilherme Samuel\",\"avatar_template\":\"/user_avatar/www.chiefdelphi.com/megarubber/{size}/172063_2.png\"},\"last_poster\":{\"id\":47943,\"username\":\"megarubber\",\"name\":\"Guilherme Samuel\",\"avatar_template\":\"/user_avatar/www.chiefdelphi.com/megarubber/{size}/172063_2.png\"},\"links\":[{\"url\":\"https://github.com/TaubatexasRobotics/2025-season-robot-code/tree/feat/photonvision\",\"title\":\"GitHub - TaubatexasRobotics/2025-season-robot-code at feat/photonvision\",\"internal\":false,\"attachment\":false,\"reflection\":false,\"clicks\":1,\"user_id\":47943,\"domain\":\"github.com\",\"root_domain\":\"github.com\"}]},\"bookmarks\":[]}"}
