{"data":"{\"post_stream\":{\"posts\":[{\"id\":3328518,\"name\":\"Brad Collins\",\"username\":\"bradleyscollins\",\"avatar_template\":\"/user_avatar/www.chiefdelphi.com/bradleyscollins/{size}/218979_2.png\",\"created_at\":\"2024-03-09T15:59:29.936Z\",\"cooked\":\"\\u003cp\\u003eTrying out unit testing. I have what I can only imagine is the simplest unit test possible (\\u003cem\\u003eand I am noâ€™ a man given to superlaâ€™ives\\u003c/em\\u003e \\u003cimg src=\\\"https://www.chiefdelphi.com/images/emoji/google/wink.png?v=12\\\" title=\\\":wink:\\\" class=\\\"emoji\\\" alt=\\\":wink:\\\" loading=\\\"lazy\\\" width=\\\"20\\\" height=\\\"20\\\"\\u003e):\\u003c/p\\u003e\\n\\u003col\\u003e\\n\\u003cli\\u003eI created a new C++ project based on the Timed Robot template.\\u003c/li\\u003e\\n\\u003cli\\u003eI copied the example C++ test directly from the \\u003ca href=\\\"https://docs.wpilib.org/en/stable/docs/software/wpilib-tools/robot-simulation/unit-testing.html\\\" rel=\\\"noopener nofollow ugc\\\"\\u003e\\u003cspan class=\\\"abbreviation\\\"\\u003eFRC\\u003ctemplate class=\\\"tooltiptext\\\" data-text=\\\"FIRST Robotics Competition\\\"\\u003e\\u003c/template\\u003e\\u003c/span\\u003e WPILib website\\u003c/a\\u003e.\\u003c/li\\u003e\\n\\u003cli\\u003eI created a new test file, \\u003ccode\\u003esrc\\\\test\\\\cpp\\\\SampleTest.cpp\\u003c/code\\u003e, and pasted in the example test code.\\u003c/li\\u003e\\n\\u003cli\\u003eI removed anything to do with a robot and created my simple test.\\u003c/li\\u003e\\n\\u003c/ol\\u003e\\n\\u003cp\\u003eAll it is doing is just comparing two integers:\\u003c/p\\u003e\\n\\u003cpre data-code-wrap=\\\"cpp\\\"\\u003e\\u003ccode class=\\\"lang-cpp\\\"\\u003e#include \\u0026lt;gtest/gtest.h\\u0026gt;\\n\\nclass SampleTest : public testing::Test\\n{\\nprotected:\\n}\\n\\nTEST_F(SampleTest, IntegersOfTheSameValueAreEqual)\\n{\\n    int a = 7;\\n    int b = 7;\\n    \\n    EXPECT_EQ(a, b);\\n}\\n\\u003c/code\\u003e\\u003c/pre\\u003e\\n\\u003cp\\u003eAnd yet every time, it fails to build with the following error:\\u003c/p\\u003e\\n\\u003cpre\\u003e\\u003ccode class=\\\"lang-plaintext\\\"\\u003eSampleTest.cpp(10): error C2059: syntax error: 'static_assert'\\n\\u003c/code\\u003e\\u003c/pre\\u003e\\n\\u003cp\\u003e\\u003cimg src=\\\"https://www.chiefdelphi.com/images/emoji/google/man_shrugging.png?v=12\\\" title=\\\":man_shrugging:\\\" class=\\\"emoji only-emoji\\\" alt=\\\":man_shrugging:\\\" loading=\\\"lazy\\\" width=\\\"20\\\" height=\\\"20\\\"\\u003e\\u003c/p\\u003e\\n\\u003ch1\\u003e\\u003ca name=\\\"the-plot-thickens-1\\\" class=\\\"anchor\\\" href=\\\"#the-plot-thickens-1\\\"\\u003e\\u003c/a\\u003eThe Plot Thickens\\u003c/h1\\u003e\\n\\u003cp\\u003eIf I create a new project from the UnitTesting example and put the same braindead integer comparison test into \\u003ccode\\u003eIntakeTest.cpp\\u003c/code\\u003e, it works like a charm.\\u003c/p\\u003e\\n\\u003cp\\u003e\\u003cimg src=\\\"https://www.chiefdelphi.com/images/emoji/google/man_shrugging.png?v=12\\\" title=\\\":man_shrugging:\\\" class=\\\"emoji only-emoji\\\" alt=\\\":man_shrugging:\\\" loading=\\\"lazy\\\" width=\\\"20\\\" height=\\\"20\\\"\\u003e\\u003cimg src=\\\"https://www.chiefdelphi.com/images/emoji/google/man_shrugging.png?v=12\\\" title=\\\":man_shrugging:\\\" class=\\\"emoji only-emoji\\\" alt=\\\":man_shrugging:\\\" loading=\\\"lazy\\\" width=\\\"20\\\" height=\\\"20\\\"\\u003e\\u003c/p\\u003e\",\"post_number\":1,\"post_type\":1,\"posts_count\":7,\"updated_at\":\"2024-03-09T15:59:29.936Z\",\"reply_count\":0,\"reply_to_post_number\":null,\"quote_count\":0,\"incoming_link_count\":213,\"reads\":38,\"readers_count\":37,\"score\":1072.6,\"yours\":false,\"topic_id\":458022,\"topic_slug\":\"simple-c-unit-test-not-building-error-c2059-syntax-error-static-assert\",\"display_username\":\"Brad Collins\",\"primary_group_name\":null,\"flair_name\":null,\"flair_url\":null,\"flair_bg_color\":null,\"flair_color\":null,\"flair_group_id\":null,\"badges_granted\":[],\"version\":1,\"can_edit\":false,\"can_delete\":false,\"can_recover\":false,\"can_see_hidden_post\":true,\"can_wiki\":false,\"link_counts\":[{\"url\":\"https://docs.wpilib.org/en/stable/docs/software/wpilib-tools/robot-simulation/unit-testing.html\",\"internal\":false,\"reflection\":false,\"title\":\"Unit Testing â€” FIRST Robotics Competition documentation\",\"clicks\":2}],\"read\":true,\"user_title\":null,\"bookmarked\":false,\"actions_summary\":[],\"moderator\":false,\"admin\":false,\"staff\":false,\"user_id\":64938,\"hidden\":false,\"trust_level\":1,\"deleted_at\":null,\"user_deleted\":false,\"edit_reason\":null,\"can_view_edit_history\":true,\"wiki\":false,\"user_custom_fields\":{\"user_field_4\":\"Crotchety Code Craftsman â€¢ Mentor â€¢ FRC Team 34 ðŸš€\"},\"post_url\":\"/t/simple-c-unit-test-not-building-error-c2059-syntax-error-static-assert/458022/1\",\"custom_user_title\":\"Crotchety Code Craftsman â€¢ Mentor â€¢ FRC Team 34 ðŸš€\",\"reactions\":[],\"current_user_reaction\":null,\"reaction_users_count\":0,\"current_user_used_main_reaction\":false,\"can_accept_answer\":false,\"can_unaccept_answer\":false,\"accepted_answer\":false,\"topic_accepted_answer\":true,\"can_vote\":false},{\"id\":3328525,\"name\":\"Peter Johnson\",\"username\":\"Peter_Johnson\",\"avatar_template\":\"/user_avatar/www.chiefdelphi.com/peter_johnson/{size}/10417_2.png\",\"created_at\":\"2024-03-09T16:11:52.523Z\",\"cooked\":\"\\u003cp\\u003eAre you sure the path is right?  Not src/test/native/cpp?  The error doesnâ€™t make a lot of sense as thereâ€™s not a static_assert on line 10 of what you show as the file.  Can you put the entire project that exhibits this problem on github so we can try to reproduce it?\\u003c/p\\u003e\",\"post_number\":2,\"post_type\":1,\"posts_count\":7,\"updated_at\":\"2024-03-09T16:11:52.523Z\",\"reply_count\":1,\"reply_to_post_number\":null,\"quote_count\":0,\"incoming_link_count\":1,\"reads\":29,\"readers_count\":28,\"score\":15.8,\"yours\":false,\"topic_id\":458022,\"topic_slug\":\"simple-c-unit-test-not-building-error-c2059-syntax-error-static-assert\",\"display_username\":\"Peter Johnson\",\"primary_group_name\":null,\"flair_name\":null,\"flair_url\":null,\"flair_bg_color\":null,\"flair_color\":null,\"flair_group_id\":null,\"badges_granted\":[],\"version\":1,\"can_edit\":false,\"can_delete\":false,\"can_recover\":false,\"can_see_hidden_post\":true,\"can_wiki\":false,\"read\":true,\"user_title\":\"\",\"bookmarked\":false,\"actions_summary\":[],\"moderator\":false,\"admin\":false,\"staff\":false,\"user_id\":13575,\"hidden\":false,\"trust_level\":2,\"deleted_at\":null,\"user_deleted\":false,\"edit_reason\":null,\"can_view_edit_history\":true,\"wiki\":false,\"user_custom_fields\":{\"user_field_4\":\"Volunteer WPILib Developer, CSA\"},\"post_url\":\"/t/simple-c-unit-test-not-building-error-c2059-syntax-error-static-assert/458022/2\",\"custom_user_title\":\"Volunteer WPILib Developer, CSA\",\"reactions\":[],\"current_user_reaction\":null,\"reaction_users_count\":0,\"current_user_used_main_reaction\":false,\"can_accept_answer\":false,\"can_unaccept_answer\":false,\"accepted_answer\":false,\"topic_accepted_answer\":true},{\"id\":3328569,\"name\":\"Brad Collins\",\"username\":\"bradleyscollins\",\"avatar_template\":\"/user_avatar/www.chiefdelphi.com/bradleyscollins/{size}/218979_2.png\",\"created_at\":\"2024-03-09T17:24:22.919Z\",\"cooked\":\"\\u003cp\\u003eThank you, \\u003ca class=\\\"mention\\\" href=\\\"/u/peter_johnson\\\"\\u003e@Peter_Johnson\\u003c/a\\u003e, for the kind reply.\\u003c/p\\u003e\\n\\u003cp\\u003eYessir, I can confirm that the path is correct:\\u003c/p\\u003e\\n\\u003cp\\u003e\\u003ccode\\u003esrc\\\\test\\\\cpp\\\\SampleTest.cpp\\u003c/code\\u003e\\u003c/p\\u003e\\n\\u003cp\\u003eAs the UnitTesting example project puts its test here:\\u003c/p\\u003e\\n\\u003cp\\u003e\\u003ccode\\u003esrc\\\\test\\\\cpp\\\\subsystems\\\\IntakeTest.cpp\\u003c/code\\u003e\\u003c/p\\u003e\\n\\u003cp\\u003eâ€¦ I even tried moving my sample test to â€¦\\u003c/p\\u003e\\n\\u003cp\\u003e\\u003ccode\\u003esrc\\\\test\\\\cpp\\\\subsystems\\\\SampleTest.cpp\\u003c/code\\u003e\\u003c/p\\u003e\\n\\u003cp\\u003eAlas, no avail.\\u003c/p\\u003e\\n\\u003cp\\u003eFinally, I did push it to \\u003ca href=\\\"https://github.com/Team-34/TimedRobotUnitTesting\\\" rel=\\\"noopener nofollow ugc\\\"\\u003eGitHub\\u003c/a\\u003e.\\u003c/p\\u003e\\n\\u003cp\\u003eAgain, thank you very much for you help.\\u003c/p\\u003e\",\"post_number\":3,\"post_type\":1,\"posts_count\":7,\"updated_at\":\"2024-03-09T17:24:22.919Z\",\"reply_count\":2,\"reply_to_post_number\":2,\"quote_count\":0,\"incoming_link_count\":3,\"reads\":23,\"readers_count\":22,\"score\":29.6,\"yours\":false,\"topic_id\":458022,\"topic_slug\":\"simple-c-unit-test-not-building-error-c2059-syntax-error-static-assert\",\"display_username\":\"Brad Collins\",\"primary_group_name\":null,\"flair_name\":null,\"flair_url\":null,\"flair_bg_color\":null,\"flair_color\":null,\"flair_group_id\":null,\"badges_granted\":[],\"version\":1,\"can_edit\":false,\"can_delete\":false,\"can_recover\":false,\"can_see_hidden_post\":true,\"can_wiki\":false,\"link_counts\":[{\"url\":\"https://github.com/Team-34/TimedRobotUnitTesting\",\"internal\":false,\"reflection\":false,\"title\":\"GitHub - Team-34/TimedRobotUnitTesting\",\"clicks\":3}],\"read\":true,\"user_title\":null,\"reply_to_user\":{\"id\":13575,\"username\":\"Peter_Johnson\",\"name\":\"Peter Johnson\",\"avatar_template\":\"/user_avatar/www.chiefdelphi.com/peter_johnson/{size}/10417_2.png\"},\"bookmarked\":false,\"actions_summary\":[],\"moderator\":false,\"admin\":false,\"staff\":false,\"user_id\":64938,\"hidden\":false,\"trust_level\":1,\"deleted_at\":null,\"user_deleted\":false,\"edit_reason\":null,\"can_view_edit_history\":true,\"wiki\":false,\"user_custom_fields\":{\"user_field_4\":\"Crotchety Code Craftsman â€¢ Mentor â€¢ FRC Team 34 ðŸš€\"},\"post_url\":\"/t/simple-c-unit-test-not-building-error-c2059-syntax-error-static-assert/458022/3\",\"custom_user_title\":\"Crotchety Code Craftsman â€¢ Mentor â€¢ FRC Team 34 ðŸš€\",\"reactions\":[],\"current_user_reaction\":null,\"reaction_users_count\":0,\"current_user_used_main_reaction\":false,\"can_accept_answer\":false,\"can_unaccept_answer\":false,\"accepted_answer\":false,\"topic_accepted_answer\":true},{\"id\":3328572,\"name\":\"Peter Johnson\",\"username\":\"Peter_Johnson\",\"avatar_template\":\"/user_avatar/www.chiefdelphi.com/peter_johnson/{size}/10417_2.png\",\"created_at\":\"2024-03-09T17:31:25.881Z\",\"cooked\":\"\\u003cp\\u003eOk, GCC gave a much more \\u003cem\\u003euseful\\u003c/em\\u003e error message.\\u003c/p\\u003e\\n\\u003cpre\\u003e\\u003ccode class=\\\"lang-auto\\\"\\u003esrc/test/cpp/SampleTest.cpp:9:2: error: expected â€˜;â€™ after class definition\\n    9 | }\\n      |  ^\\n      |  ;\\n\\u003c/code\\u003e\\u003c/pre\\u003e\\n\\u003cp\\u003eYouâ€™re missing a semicolon at the end of the SampleTest class definition.  I should have caught that when I looked at your code pasted above!\\u003c/p\\u003e\",\"post_number\":4,\"post_type\":1,\"posts_count\":7,\"updated_at\":\"2024-03-09T17:32:06.666Z\",\"reply_count\":0,\"reply_to_post_number\":3,\"quote_count\":0,\"incoming_link_count\":0,\"reads\":23,\"readers_count\":22,\"score\":4.6,\"yours\":false,\"topic_id\":458022,\"topic_slug\":\"simple-c-unit-test-not-building-error-c2059-syntax-error-static-assert\",\"display_username\":\"Peter Johnson\",\"primary_group_name\":null,\"flair_name\":null,\"flair_url\":null,\"flair_bg_color\":null,\"flair_color\":null,\"flair_group_id\":null,\"badges_granted\":[],\"version\":1,\"can_edit\":false,\"can_delete\":false,\"can_recover\":false,\"can_see_hidden_post\":true,\"can_wiki\":false,\"read\":true,\"user_title\":\"\",\"reply_to_user\":{\"id\":64938,\"username\":\"bradleyscollins\",\"name\":\"Brad Collins\",\"avatar_template\":\"/user_avatar/www.chiefdelphi.com/bradleyscollins/{size}/218979_2.png\"},\"bookmarked\":false,\"actions_summary\":[],\"moderator\":false,\"admin\":false,\"staff\":false,\"user_id\":13575,\"hidden\":false,\"trust_level\":2,\"deleted_at\":null,\"user_deleted\":false,\"edit_reason\":null,\"can_view_edit_history\":true,\"wiki\":false,\"user_custom_fields\":{\"user_field_4\":\"Volunteer WPILib Developer, CSA\"},\"post_url\":\"/t/simple-c-unit-test-not-building-error-c2059-syntax-error-static-assert/458022/4\",\"custom_user_title\":\"Volunteer WPILib Developer, CSA\",\"reactions\":[],\"current_user_reaction\":null,\"reaction_users_count\":0,\"current_user_used_main_reaction\":false,\"can_accept_answer\":false,\"can_unaccept_answer\":false,\"accepted_answer\":true,\"topic_accepted_answer\":true},{\"id\":3328599,\"name\":\"Brad Collins\",\"username\":\"bradleyscollins\",\"avatar_template\":\"/user_avatar/www.chiefdelphi.com/bradleyscollins/{size}/218979_2.png\",\"created_at\":\"2024-03-09T18:54:40.189Z\",\"cooked\":\"\\u003cp\\u003eHoly cow! Rookie mistake! And here I thought my test was the braindead thing â€¦ when \\u003cstrong\\u003eI\\u003c/strong\\u003e am the braindead one!  \\u003cimg src=\\\"https://www.chiefdelphi.com/images/emoji/google/man_facepalming.png?v=12\\\" title=\\\":man_facepalming:\\\" class=\\\"emoji\\\" alt=\\\":man_facepalming:\\\" loading=\\\"lazy\\\" width=\\\"20\\\" height=\\\"20\\\"\\u003e\\u003c/p\\u003e\\n\\u003cp\\u003eIâ€™ve been doing Java \\u0026amp; C# too long. I \\u003cem\\u003ekeep\\u003c/em\\u003e forgetting that C++ wants a semicolon at the end of a class definition.\\u003c/p\\u003e\\n\\u003cp\\u003eThank you again, \\u003ca class=\\\"mention\\\" href=\\\"/u/peter_johnson\\\"\\u003e@Peter_Johnson\\u003c/a\\u003e, for the kind help. And seriously, my sincere apologies for filing the inaccurate report. Though I could have sworn otherwise, obviously I did do more than \\u003cem\\u003ejust\\u003c/em\\u003e remove robot-related stuff.\\u003c/p\\u003e\\n\\u003cp\\u003eFinally, would this be the wrong place for some good-natured griping about how egregious the C++ errors tend to be? This is not the first time that a missing semicolon triggered an error that was completely unhelpful in diagnosing the root cause. Seems as if they usually point us to someplace in library code, which is almost certainly the last place it will ever be.\\u003c/p\\u003e\\n\\u003cp\\u003eItâ€™s as if Douglas Adams wrote the error message:\\u003c/p\\u003e\\n\\u003cp\\u003e\\u003ccode\\u003eXboxController.cpp line 47 is almost but not entirely where the cause of the error is not.\\u003c/code\\u003e\\u003c/p\\u003e\\n\\u003cp\\u003e\\u003cimg src=\\\"https://www.chiefdelphi.com/images/emoji/google/slightly_smiling_face.png?v=12\\\" title=\\\":slightly_smiling_face:\\\" class=\\\"emoji only-emoji\\\" alt=\\\":slightly_smiling_face:\\\" loading=\\\"lazy\\\" width=\\\"20\\\" height=\\\"20\\\"\\u003e\\u003c/p\\u003e\",\"post_number\":5,\"post_type\":1,\"posts_count\":7,\"updated_at\":\"2024-03-09T18:54:40.189Z\",\"reply_count\":1,\"reply_to_post_number\":3,\"quote_count\":0,\"incoming_link_count\":0,\"reads\":15,\"readers_count\":14,\"score\":8.0,\"yours\":false,\"topic_id\":458022,\"topic_slug\":\"simple-c-unit-test-not-building-error-c2059-syntax-error-static-assert\",\"display_username\":\"Brad Collins\",\"primary_group_name\":null,\"flair_name\":null,\"flair_url\":null,\"flair_bg_color\":null,\"flair_color\":null,\"flair_group_id\":null,\"badges_granted\":[],\"version\":1,\"can_edit\":false,\"can_delete\":false,\"can_recover\":false,\"can_see_hidden_post\":true,\"can_wiki\":false,\"read\":true,\"user_title\":null,\"reply_to_user\":{\"id\":64938,\"username\":\"bradleyscollins\",\"name\":\"Brad Collins\",\"avatar_template\":\"/user_avatar/www.chiefdelphi.com/bradleyscollins/{size}/218979_2.png\"},\"bookmarked\":false,\"actions_summary\":[],\"moderator\":false,\"admin\":false,\"staff\":false,\"user_id\":64938,\"hidden\":false,\"trust_level\":1,\"deleted_at\":null,\"user_deleted\":false,\"edit_reason\":null,\"can_view_edit_history\":true,\"wiki\":false,\"user_custom_fields\":{\"user_field_4\":\"Crotchety Code Craftsman â€¢ Mentor â€¢ FRC Team 34 ðŸš€\"},\"post_url\":\"/t/simple-c-unit-test-not-building-error-c2059-syntax-error-static-assert/458022/5\",\"custom_user_title\":\"Crotchety Code Craftsman â€¢ Mentor â€¢ FRC Team 34 ðŸš€\",\"reactions\":[],\"current_user_reaction\":null,\"reaction_users_count\":0,\"current_user_used_main_reaction\":false,\"can_accept_answer\":false,\"can_unaccept_answer\":false,\"accepted_answer\":false,\"topic_accepted_answer\":true},{\"id\":3328601,\"name\":\"Peter Johnson\",\"username\":\"Peter_Johnson\",\"avatar_template\":\"/user_avatar/www.chiefdelphi.com/peter_johnson/{size}/10417_2.png\",\"created_at\":\"2024-03-09T18:57:03.534Z\",\"cooked\":\"\\u003cp\\u003eYeah, GCC and clang seem to have put more work into helpful error messages (GCC used to be pretty bad but has made a lot of improvements in the last few versions).  I find MSVC errors are really unhelpful a lot of the time.\\u003c/p\\u003e\",\"post_number\":6,\"post_type\":1,\"posts_count\":7,\"updated_at\":\"2024-03-09T18:57:03.534Z\",\"reply_count\":0,\"reply_to_post_number\":5,\"quote_count\":0,\"incoming_link_count\":0,\"reads\":13,\"readers_count\":12,\"score\":2.6,\"yours\":false,\"topic_id\":458022,\"topic_slug\":\"simple-c-unit-test-not-building-error-c2059-syntax-error-static-assert\",\"display_username\":\"Peter Johnson\",\"primary_group_name\":null,\"flair_name\":null,\"flair_url\":null,\"flair_bg_color\":null,\"flair_color\":null,\"flair_group_id\":null,\"badges_granted\":[],\"version\":1,\"can_edit\":false,\"can_delete\":false,\"can_recover\":false,\"can_see_hidden_post\":true,\"can_wiki\":false,\"read\":true,\"user_title\":\"\",\"reply_to_user\":{\"id\":64938,\"username\":\"bradleyscollins\",\"name\":\"Brad Collins\",\"avatar_template\":\"/user_avatar/www.chiefdelphi.com/bradleyscollins/{size}/218979_2.png\"},\"bookmarked\":false,\"actions_summary\":[],\"moderator\":false,\"admin\":false,\"staff\":false,\"user_id\":13575,\"hidden\":false,\"trust_level\":2,\"deleted_at\":null,\"user_deleted\":false,\"edit_reason\":null,\"can_view_edit_history\":true,\"wiki\":false,\"user_custom_fields\":{\"user_field_4\":\"Volunteer WPILib Developer, CSA\"},\"post_url\":\"/t/simple-c-unit-test-not-building-error-c2059-syntax-error-static-assert/458022/6\",\"custom_user_title\":\"Volunteer WPILib Developer, CSA\",\"reactions\":[],\"current_user_reaction\":null,\"reaction_users_count\":0,\"current_user_used_main_reaction\":false,\"can_accept_answer\":false,\"can_unaccept_answer\":false,\"accepted_answer\":false,\"topic_accepted_answer\":true},{\"id\":3552031,\"name\":\"system\",\"username\":\"system\",\"avatar_template\":\"/uploads/default/original/4X/9/3/2/93234578e69f55873c63fc00fe2d0d85f23bce55.png\",\"created_at\":\"2025-03-09T18:57:42.182Z\",\"cooked\":\"\\u003cp\\u003eThis topic was automatically closed 365 days after the last reply. New replies are no longer allowed.\\u003c/p\\u003e\",\"post_number\":7,\"post_type\":3,\"posts_count\":7,\"updated_at\":\"2025-03-09T18:57:42.182Z\",\"reply_count\":0,\"reply_to_post_number\":null,\"quote_count\":0,\"incoming_link_count\":1,\"reads\":1,\"readers_count\":0,\"score\":5.2,\"yours\":false,\"topic_id\":458022,\"topic_slug\":\"simple-c-unit-test-not-building-error-c2059-syntax-error-static-assert\",\"display_username\":\"system\",\"primary_group_name\":null,\"flair_name\":null,\"flair_url\":null,\"flair_bg_color\":null,\"flair_color\":null,\"flair_group_id\":null,\"badges_granted\":[],\"version\":1,\"can_edit\":false,\"can_delete\":false,\"can_recover\":false,\"can_see_hidden_post\":true,\"can_wiki\":false,\"read\":true,\"user_title\":\"\",\"bookmarked\":false,\"actions_summary\":[],\"moderator\":true,\"admin\":true,\"staff\":true,\"user_id\":-1,\"hidden\":false,\"trust_level\":4,\"deleted_at\":null,\"user_deleted\":false,\"edit_reason\":null,\"can_view_edit_history\":true,\"wiki\":false,\"action_code\":\"autoclosed.enabled\",\"post_url\":\"/t/simple-c-unit-test-not-building-error-c2059-syntax-error-static-assert/458022/7\",\"custom_user_title\":null,\"reactions\":[],\"current_user_reaction\":null,\"reaction_users_count\":0,\"current_user_used_main_reaction\":false,\"can_accept_answer\":false,\"can_unaccept_answer\":false,\"accepted_answer\":false,\"topic_accepted_answer\":true}],\"stream\":[3328518,3328525,3328569,3328572,3328599,3328601,3552031]},\"timeline_lookup\":[[1,581],[7,216]],\"suggested_topics\":[{\"fancy_title\":\"FIRST Robotics Kit of Parts for SOLIDWORKS 3D CAD and Cloud Apps\",\"id\":481663,\"title\":\"FIRST Robotics Kit of Parts for SOLIDWORKS 3D CAD and Cloud Apps\",\"slug\":\"first-robotics-kit-of-parts-for-solidworks-3d-cad-and-cloud-apps\",\"posts_count\":1,\"reply_count\":0,\"highest_post_number\":1,\"image_url\":\"https://www.chiefdelphi.com/uploads/default/original/3X/5/5/5586a79d62db7acc0b5b114cf8eb42276c1d0afa.jpeg\",\"created_at\":\"2025-01-14T15:36:36.931Z\",\"last_posted_at\":\"2025-01-14T15:36:37.000Z\",\"bumped\":true,\"bumped_at\":\"2025-01-14T15:36:37.000Z\",\"archetype\":\"regular\",\"unseen\":false,\"pinned\":false,\"unpinned\":null,\"excerpt\":\"SOLIDWORKS is proud to sponsor FIRST teams with SOLIDWORKS software. You can use SOLIDWORKS 3D CAD software on your Windows â€“ based PC or SOLIDWORKS Cloud Apps 100% in your web browser on your MAC, PCâ€¦\",\"visible\":true,\"closed\":false,\"archived\":false,\"bookmarked\":null,\"liked\":null,\"tags\":[\"solidworks\"],\"tags_descriptions\":{},\"like_count\":7,\"views\":109,\"category_id\":9,\"featured_link\":null,\"has_accepted_answer\":false,\"sidecar_installed\":true,\"include_dominant_colour\":false,\"topic_post_id\":3482108,\"topic_post_liked\":false,\"topic_post_like_count\":7,\"topic_post_can_like\":false,\"topic_post_can_unlike\":false,\"topic_post_bookmarked\":true,\"topic_post_is_current_users\":null,\"topic_post_number\":1,\"topic_post_user\":{\"id\":69482,\"username\":\"Malmojtaba\",\"name\":\"Mohammed Almojtaba\",\"avatar_template\":\"/user_avatar/www.chiefdelphi.com/malmojtaba/{size}/238226_2.png\"},\"posters\":[{\"extras\":\"latest single\",\"description\":\"Original Poster, Most Recent Poster\",\"user\":{\"id\":69482,\"username\":\"Malmojtaba\",\"name\":\"Mohammed Almojtaba\",\"avatar_template\":\"/user_avatar/www.chiefdelphi.com/malmojtaba/{size}/238226_2.png\",\"flair_name\":\"SOLIDWORKS_Staff\",\"flair_url\":\"/uploads/default/original/4X/1/5/3/15380fa4def8aaf1116111e30c712ddadb5e12ec.png\",\"flair_group_id\":69,\"trust_level\":1}}]},{\"fancy_title\":\"Leds flickering\",\"id\":485658,\"title\":\"Leds flickering\",\"slug\":\"leds-flickering\",\"posts_count\":23,\"reply_count\":17,\"highest_post_number\":23,\"image_url\":null,\"created_at\":\"2025-02-08T10:07:48.187Z\",\"last_posted_at\":\"2025-02-13T17:50:37.588Z\",\"bumped\":true,\"bumped_at\":\"2025-02-13T17:50:37.588Z\",\"archetype\":\"regular\",\"unseen\":false,\"pinned\":false,\"unpinned\":null,\"excerpt\":\"We have a problem with our LEDs. Half of the strip is stuttering. The strip is a couple of different strips which are soldered together. The soldering is fine; we resoldered a couple of times, as welâ€¦\",\"visible\":true,\"closed\":false,\"archived\":false,\"bookmarked\":null,\"liked\":null,\"tags\":[],\"tags_descriptions\":{},\"like_count\":11,\"views\":495,\"category_id\":9,\"featured_link\":null,\"has_accepted_answer\":false,\"sidecar_installed\":true,\"include_dominant_colour\":false,\"topic_post_id\":3505857,\"topic_post_liked\":false,\"topic_post_can_like\":false,\"topic_post_can_unlike\":false,\"topic_post_bookmarked\":false,\"topic_post_is_current_users\":null,\"topic_post_number\":1,\"topic_post_user\":{\"id\":60986,\"username\":\"GalDotan\",\"name\":\"Gal\",\"avatar_template\":\"/user_avatar/www.chiefdelphi.com/galdotan/{size}/201749_2.png\"},\"posters\":[{\"extras\":null,\"description\":\"Original Poster\",\"user\":{\"id\":60986,\"username\":\"GalDotan\",\"name\":\"Gal\",\"avatar_template\":\"/user_avatar/www.chiefdelphi.com/galdotan/{size}/201749_2.png\",\"trust_level\":2}},{\"extras\":null,\"description\":\"Frequent Poster\",\"user\":{\"id\":14045,\"username\":\"Domtech\",\"name\":\"Domtech\",\"avatar_template\":\"/user_avatar/www.chiefdelphi.com/domtech/{size}/138487_2.png\",\"trust_level\":2}},{\"extras\":null,\"description\":\"Frequent Poster\",\"user\":{\"id\":38071,\"username\":\"Crystolyte\",\"name\":\"Ege SaygÄ±lÄ±\",\"avatar_template\":\"/user_avatar/www.chiefdelphi.com/crystolyte/{size}/233889_2.png\",\"trust_level\":2}},{\"extras\":null,\"description\":\"Frequent Poster\",\"user\":{\"id\":65,\"username\":\"Joe_Ross\",\"name\":\"Joe Ross\",\"avatar_template\":\"/user_avatar/www.chiefdelphi.com/joe_ross/{size}/37_2.png\",\"moderator\":true,\"trust_level\":4}},{\"extras\":\"latest\",\"description\":\"Most Recent Poster\",\"user\":{\"id\":48088,\"username\":\"veg\",\"name\":null,\"avatar_template\":\"/letter_avatar_proxy/v4/letter/v/3be4f8/{size}.png\",\"trust_level\":2}}]},{\"fancy_title\":\"2025 Radio RoboRio Status Light\",\"id\":481975,\"title\":\"2025 Radio RoboRio Status Light\",\"slug\":\"2025-radio-roborio-status-light\",\"posts_count\":6,\"reply_count\":2,\"highest_post_number\":6,\"image_url\":null,\"created_at\":\"2025-01-15T22:43:26.159Z\",\"last_posted_at\":\"2025-01-17T01:56:49.271Z\",\"bumped\":true,\"bumped_at\":\"2025-01-17T01:56:49.271Z\",\"archetype\":\"regular\",\"unseen\":false,\"pinned\":false,\"unpinned\":null,\"excerpt\":\"My team has been struggling to get our VH-109 radio working over 2.4Ghz. Hopefully we wonâ€™t have to worry about that once we get our second radio but one thing has consistently bothered me throughout â€¦\",\"visible\":true,\"closed\":false,\"archived\":false,\"bookmarked\":null,\"liked\":null,\"tags\":[],\"tags_descriptions\":{},\"like_count\":0,\"views\":653,\"category_id\":30,\"featured_link\":null,\"has_accepted_answer\":false,\"sidecar_installed\":true,\"include_dominant_colour\":false,\"topic_post_id\":3483883,\"topic_post_liked\":false,\"topic_post_can_like\":false,\"topic_post_can_unlike\":false,\"topic_post_bookmarked\":false,\"topic_post_is_current_users\":null,\"topic_post_number\":1,\"topic_post_user\":{\"id\":64998,\"username\":\"mahtrobotics\",\"name\":null,\"avatar_template\":\"/letter_avatar_proxy/v4/letter/m/f6c823/{size}.png\"},\"posters\":[{\"extras\":\"latest\",\"description\":\"Original Poster, Most Recent Poster\",\"user\":{\"id\":64998,\"username\":\"mahtrobotics\",\"name\":null,\"avatar_template\":\"/letter_avatar_proxy/v4/letter/m/f6c823/{size}.png\",\"trust_level\":1}},{\"extras\":null,\"description\":\"Frequent Poster\",\"user\":{\"id\":67611,\"username\":\"BCBlaze\",\"name\":\"\",\"avatar_template\":\"/user_avatar/www.chiefdelphi.com/bcblaze/{size}/231754_2.png\",\"trust_level\":1}},{\"extras\":null,\"description\":\"Frequent Poster\",\"user\":{\"id\":25039,\"username\":\"FletcherS7\",\"name\":\"Fletcher\",\"avatar_template\":\"/user_avatar/www.chiefdelphi.com/fletchers7/{size}/168995_2.png\",\"trust_level\":2}},{\"extras\":null,\"description\":\"Frequent Poster\",\"user\":{\"id\":63541,\"username\":\"Jwal\",\"name\":\"Joseph Walters\",\"avatar_template\":\"/user_avatar/www.chiefdelphi.com/jwal/{size}/228161_2.png\",\"trust_level\":2}}]},{\"fancy_title\":\"Anyone know a good left handed flightstick?\",\"id\":494244,\"title\":\"Anyone know a good left handed flightstick?\",\"slug\":\"anyone-know-a-good-left-handed-flightstick\",\"posts_count\":3,\"reply_count\":0,\"highest_post_number\":3,\"image_url\":null,\"created_at\":\"2025-03-04T22:50:30.131Z\",\"last_posted_at\":\"2025-03-04T23:22:58.736Z\",\"bumped\":true,\"bumped_at\":\"2025-03-04T23:31:05.206Z\",\"archetype\":\"regular\",\"unseen\":false,\"pinned\":false,\"unpinned\":null,\"excerpt\":\"Highly recommend theTurtle Beach VelocityOne Flightstick, they are on the pricier side but BY FAR the best joysticks we have used. Can be configured right or left handed. We did not like the Thrustmasâ€¦\",\"visible\":true,\"closed\":false,\"archived\":false,\"bookmarked\":null,\"liked\":null,\"tags\":[],\"tags_descriptions\":{},\"like_count\":2,\"views\":230,\"category_id\":72,\"featured_link\":null,\"has_accepted_answer\":true,\"sidecar_installed\":true,\"include_dominant_colour\":false,\"topic_post_id\":3547707,\"topic_post_liked\":false,\"topic_post_like_count\":1,\"topic_post_can_like\":false,\"topic_post_can_unlike\":false,\"topic_post_bookmarked\":false,\"topic_post_is_current_users\":null,\"topic_post_number\":3,\"topic_post_user\":{\"id\":27417,\"username\":\"iBleedBlue48\",\"name\":\"Jake Garlits\",\"avatar_template\":\"/user_avatar/www.chiefdelphi.com/ibleedblue48/{size}/251462_2.png\"},\"posters\":[{\"extras\":null,\"description\":\"Original Poster\",\"user\":{\"id\":64431,\"username\":\"peanut65\",\"name\":null,\"avatar_template\":\"/letter_avatar_proxy/v4/letter/p/f475e1/{size}.png\",\"trust_level\":1}},{\"extras\":\"latest\",\"description\":\"Most Recent Poster, Accepted Answer\",\"user\":{\"id\":27417,\"username\":\"iBleedBlue48\",\"name\":\"Jake Garlits\",\"avatar_template\":\"/user_avatar/www.chiefdelphi.com/ibleedblue48/{size}/251462_2.png\",\"trust_level\":2}},{\"extras\":null,\"description\":\"Frequent Poster\",\"user\":{\"id\":41952,\"username\":\"AdamF\",\"name\":\"Adam Fleming\",\"avatar_template\":\"/user_avatar/www.chiefdelphi.com/adamf/{size}/234717_2.png\",\"trust_level\":2}}]},{\"fancy_title\":\"Having issues with importing project\",\"id\":481115,\"title\":\"Having issues with importing project\",\"slug\":\"having-issues-with-importing-project\",\"posts_count\":7,\"reply_count\":5,\"highest_post_number\":7,\"image_url\":null,\"created_at\":\"2025-01-12T03:44:57.592Z\",\"last_posted_at\":\"2025-01-13T04:47:18.062Z\",\"bumped\":true,\"bumped_at\":\"2025-01-13T04:47:18.062Z\",\"archetype\":\"regular\",\"unseen\":false,\"pinned\":false,\"unpinned\":null,\"excerpt\":\"We are trying to import our project from last year to this yearâ€™s FRC, weâ€™ve fixed it so there are no errors, put in the team number, selected the gradle.build file of our project, everything, but wheâ€¦\",\"visible\":true,\"closed\":false,\"archived\":false,\"bookmarked\":null,\"liked\":null,\"tags\":[],\"tags_descriptions\":{},\"like_count\":0,\"views\":100,\"category_id\":75,\"featured_link\":null,\"has_accepted_answer\":false,\"sidecar_installed\":true,\"include_dominant_colour\":false,\"topic_post_id\":3479721,\"topic_post_liked\":false,\"topic_post_can_like\":false,\"topic_post_can_unlike\":false,\"topic_post_bookmarked\":false,\"topic_post_is_current_users\":null,\"topic_post_number\":1,\"topic_post_user\":{\"id\":62046,\"username\":\"TryingMyBest\",\"name\":\"\",\"avatar_template\":\"/letter_avatar_proxy/v4/letter/t/8797f3/{size}.png\"},\"posters\":[{\"extras\":\"latest\",\"description\":\"Original Poster, Most Recent Poster\",\"user\":{\"id\":62046,\"username\":\"TryingMyBest\",\"name\":\"\",\"avatar_template\":\"/letter_avatar_proxy/v4/letter/t/8797f3/{size}.png\",\"trust_level\":1}},{\"extras\":null,\"description\":\"Frequent Poster\",\"user\":{\"id\":9105,\"username\":\"Fletch1373\",\"name\":\"Fletch\",\"avatar_template\":\"/user_avatar/www.chiefdelphi.com/fletch1373/{size}/220073_2.png\",\"trust_level\":2}},{\"extras\":null,\"description\":\"Frequent Poster\",\"user\":{\"id\":65,\"username\":\"Joe_Ross\",\"name\":\"Joe Ross\",\"avatar_template\":\"/user_avatar/www.chiefdelphi.com/joe_ross/{size}/37_2.png\",\"moderator\":true,\"trust_level\":4}},{\"extras\":null,\"description\":\"Frequent Poster\",\"user\":{\"id\":16147,\"username\":\"Thad_House\",\"name\":\"Thad House\",\"avatar_template\":\"/letter_avatar_proxy/v4/letter/t/a4c791/{size}.png\",\"trust_level\":2}}]}],\"tags\":[\"cpp\",\"testing\"],\"tags_descriptions\":{},\"fancy_title\":\"Simple C++ Unit Test Not Building: error C2059: syntax error: \\u0026lsquo;static_assert\\u0026rsquo;\",\"id\":458022,\"title\":\"Simple C++ Unit Test Not Building: error C2059: syntax error: 'static_assert'\",\"posts_count\":7,\"created_at\":\"2024-03-09T15:59:29.872Z\",\"views\":317,\"reply_count\":4,\"like_count\":0,\"last_posted_at\":\"2025-03-09T18:57:42.182Z\",\"visible\":true,\"closed\":true,\"archived\":false,\"has_summary\":false,\"archetype\":\"regular\",\"slug\":\"simple-c-unit-test-not-building-error-c2059-syntax-error-static-assert\",\"category_id\":9,\"word_count\":597,\"deleted_at\":null,\"user_id\":64938,\"featured_link\":null,\"pinned_globally\":false,\"pinned_at\":null,\"pinned_until\":null,\"image_url\":null,\"slow_mode_seconds\":0,\"draft\":null,\"draft_key\":\"topic_458022\",\"draft_sequence\":null,\"unpinned\":null,\"pinned\":false,\"current_post_number\":1,\"highest_post_number\":7,\"deleted_by\":null,\"actions_summary\":[{\"id\":4,\"count\":0,\"hidden\":false,\"can_act\":false},{\"id\":8,\"count\":0,\"hidden\":false,\"can_act\":false},{\"id\":10,\"count\":0,\"hidden\":false,\"can_act\":false},{\"id\":7,\"count\":0,\"hidden\":false,\"can_act\":false}],\"chunk_size\":20,\"bookmarked\":false,\"topic_timer\":null,\"message_bus_last_id\":0,\"participant_count\":2,\"show_read_indicator\":false,\"thumbnails\":null,\"slow_mode_enabled_until\":null,\"valid_reactions\":[\"heart\",\"laughing\",\"point_up\",\"+1\",\"-1\",\"100\",\"open_mouth\",\"cry\",\"question\",\"thinking\",\"call_me_hand\",\"hugs\",\"angry\"],\"accepted_answer\":{\"post_number\":4,\"username\":\"Peter_Johnson\",\"name\":null,\"excerpt\":\"Ok, GCC gave a much more useful error message. \\nsrc/test/cpp/SampleTest.cpp:9:2: error: expected â€˜;â€™ after class definition\\n    9 | }\\n      |  ^\\n      |  ;\\n\\nYouâ€™re missing a semicolon at the end of the SampleTest class definition.  I should have caught that when I looked at your code pasted above!\",\"accepter_name\":null},\"user_chosen_thumbnail_url\":null,\"sidecar_installed\":true,\"can_vote\":false,\"vote_count\":0,\"user_voted\":false,\"discourse_zendesk_plugin_zendesk_id\":null,\"discourse_zendesk_plugin_zendesk_url\":\"https://your-url.zendesk.com/agent/tickets/\",\"details\":{\"can_edit\":false,\"notification_level\":1,\"participants\":[{\"id\":13575,\"username\":\"Peter_Johnson\",\"name\":\"Peter Johnson\",\"avatar_template\":\"/user_avatar/www.chiefdelphi.com/peter_johnson/{size}/10417_2.png\",\"post_count\":3,\"primary_group_name\":null,\"flair_name\":null,\"flair_url\":null,\"flair_color\":null,\"flair_bg_color\":null,\"flair_group_id\":null,\"trust_level\":2},{\"id\":64938,\"username\":\"bradleyscollins\",\"name\":\"Brad Collins\",\"avatar_template\":\"/user_avatar/www.chiefdelphi.com/bradleyscollins/{size}/218979_2.png\",\"post_count\":3,\"primary_group_name\":null,\"flair_name\":null,\"flair_url\":null,\"flair_color\":null,\"flair_bg_color\":null,\"flair_group_id\":null,\"trust_level\":1}],\"created_by\":{\"id\":64938,\"username\":\"bradleyscollins\",\"name\":\"Brad Collins\",\"avatar_template\":\"/user_avatar/www.chiefdelphi.com/bradleyscollins/{size}/218979_2.png\"},\"last_poster\":{\"id\":-1,\"username\":\"system\",\"name\":\"system\",\"avatar_template\":\"/uploads/default/original/4X/9/3/2/93234578e69f55873c63fc00fe2d0d85f23bce55.png\"},\"links\":[{\"url\":\"https://github.com/Team-34/TimedRobotUnitTesting\",\"title\":\"GitHub - Team-34/TimedRobotUnitTesting\",\"internal\":false,\"attachment\":false,\"reflection\":false,\"clicks\":3,\"user_id\":64938,\"domain\":\"github.com\",\"root_domain\":\"github.com\"},{\"url\":\"https://docs.wpilib.org/en/stable/docs/software/wpilib-tools/robot-simulation/unit-testing.html\",\"title\":\"Unit Testing â€” FIRST Robotics Competition documentation\",\"internal\":false,\"attachment\":false,\"reflection\":false,\"clicks\":2,\"user_id\":64938,\"domain\":\"docs.wpilib.org\",\"root_domain\":\"wpilib.org\"}]},\"bookmarks\":[]}"}
