{"data":"{\"post_stream\":{\"posts\":[{\"id\":3548429,\"name\":\"Guilherme Samuel\",\"username\":\"megarubber\",\"avatar_template\":\"/user_avatar/www.chiefdelphi.com/megarubber/{size}/172063_2.png\",\"created_at\":\"2025-03-05T18:10:45.460Z\",\"cooked\":\"\\u003cp\\u003eI am using \\u003ccode\\u003epy -3 -m robotpy test\\u003c/code\\u003e and it looks weired at time of execution, because it never finishes. If I run \\u003ccode\\u003epy -3 -m robotpy deploy\\u003c/code\\u003e without execute any test, it works without problems. I tried the isolated mode, but it still not working for me. How could I solve this issue?\\u003c/p\\u003e\\n\\u003cp\\u003e\\u003cdiv class=\\\"lightbox-wrapper\\\"\\u003e\\u003ca class=\\\"lightbox\\\" href=\\\"https://www.chiefdelphi.com/uploads/default/original/3X/6/e/6e623a5c0e49316b4cbe9992c7e342e0b9cff78b.png\\\" data-download-href=\\\"https://www.chiefdelphi.com/uploads/default/6e623a5c0e49316b4cbe9992c7e342e0b9cff78b\\\" title=\\\"image\\\"\\u003e\\u003cimg src=\\\"https://www.chiefdelphi.com/uploads/default/original/3X/6/e/6e623a5c0e49316b4cbe9992c7e342e0b9cff78b.png\\\" alt=\\\"image\\\" data-base62-sha1=\\\"fKuYoOLtOs9oPqQb3mmkRS2WSVl\\\" width=\\\"690\\\" height=\\\"282\\\" data-dominant-color=\\\"151515\\\"\\u003e\\u003cdiv class=\\\"meta\\\"\\u003e\\u003csvg class=\\\"fa d-icon d-icon-far-image svg-icon\\\" aria-hidden=\\\"true\\\"\\u003e\\u003cuse href=\\\"#far-image\\\"\\u003e\\u003c/use\\u003e\\u003c/svg\\u003e\\u003cspan class=\\\"filename\\\"\\u003eimage\\u003c/span\\u003e\\u003cspan class=\\\"informations\\\"\\u003e1913×782 20.3 KB\\u003c/span\\u003e\\u003csvg class=\\\"fa d-icon d-icon-discourse-expand svg-icon\\\" aria-hidden=\\\"true\\\"\\u003e\\u003cuse href=\\\"#discourse-expand\\\"\\u003e\\u003c/use\\u003e\\u003c/svg\\u003e\\u003c/div\\u003e\\u003c/a\\u003e\\u003c/div\\u003e\\u003c/p\\u003e\",\"post_number\":1,\"post_type\":1,\"posts_count\":7,\"updated_at\":\"2025-03-05T18:11:28.868Z\",\"reply_count\":0,\"reply_to_post_number\":null,\"quote_count\":0,\"incoming_link_count\":6,\"reads\":56,\"readers_count\":55,\"score\":41.2,\"yours\":false,\"topic_id\":494371,\"topic_slug\":\"tests-are-not-running-in-robotpy\",\"display_username\":\"Guilherme Samuel\",\"primary_group_name\":null,\"flair_name\":null,\"flair_url\":null,\"flair_bg_color\":null,\"flair_color\":null,\"flair_group_id\":null,\"badges_granted\":[],\"version\":1,\"can_edit\":false,\"can_delete\":false,\"can_recover\":false,\"can_see_hidden_post\":true,\"can_wiki\":false,\"read\":true,\"user_title\":\"\",\"bookmarked\":false,\"actions_summary\":[],\"moderator\":false,\"admin\":false,\"staff\":false,\"user_id\":47943,\"hidden\":false,\"trust_level\":2,\"deleted_at\":null,\"user_deleted\":false,\"edit_reason\":null,\"can_view_edit_history\":true,\"wiki\":false,\"user_custom_fields\":{\"user_field_4\":\"\"},\"post_url\":\"/t/tests-are-not-running-in-robotpy/494371/1\",\"reactions\":[],\"current_user_reaction\":null,\"reaction_users_count\":0,\"current_user_used_main_reaction\":false,\"can_accept_answer\":false,\"can_unaccept_answer\":false,\"accepted_answer\":false,\"topic_accepted_answer\":true},{\"id\":3548467,\"name\":\"Dustin Spicuzza\",\"username\":\"virtuald\",\"avatar_template\":\"/user_avatar/www.chiefdelphi.com/virtuald/{size}/65268_2.png\",\"created_at\":\"2025-03-05T18:39:05.505Z\",\"cooked\":\"\\u003cp\\u003eIs there a stack trace when you ctrl-c it? That could tell you where it’s hanging. You might need to specify \\u003ccode\\u003e --full-trace\\u003c/code\\u003e to see them.\\u003c/p\\u003e\\n\\u003cp\\u003eOn linux there’s a SIGUSR2 handler that will print out the current thread stack traces immediately, but there isn’t an equivalent on windows.\\u003c/p\\u003e\",\"post_number\":2,\"post_type\":1,\"posts_count\":7,\"updated_at\":\"2025-03-05T18:39:05.505Z\",\"reply_count\":1,\"reply_to_post_number\":null,\"quote_count\":0,\"incoming_link_count\":0,\"reads\":50,\"readers_count\":49,\"score\":15.0,\"yours\":false,\"topic_id\":494371,\"topic_slug\":\"tests-are-not-running-in-robotpy\",\"display_username\":\"Dustin Spicuzza\",\"primary_group_name\":null,\"flair_name\":null,\"flair_url\":null,\"flair_bg_color\":null,\"flair_color\":null,\"flair_group_id\":null,\"badges_granted\":[],\"version\":1,\"can_edit\":false,\"can_delete\":false,\"can_recover\":false,\"can_see_hidden_post\":true,\"can_wiki\":false,\"read\":true,\"user_title\":\"\",\"bookmarked\":false,\"actions_summary\":[],\"moderator\":false,\"admin\":false,\"staff\":false,\"user_id\":11063,\"hidden\":false,\"trust_level\":2,\"deleted_at\":null,\"user_deleted\":false,\"edit_reason\":null,\"can_view_edit_history\":true,\"wiki\":false,\"user_custom_fields\":{\"user_field_4\":\"RobotPy Guy, WPILib Developer\"},\"post_url\":\"/t/tests-are-not-running-in-robotpy/494371/2\",\"reactions\":[],\"current_user_reaction\":null,\"reaction_users_count\":0,\"current_user_used_main_reaction\":false,\"can_accept_answer\":false,\"can_unaccept_answer\":false,\"accepted_answer\":false,\"topic_accepted_answer\":true},{\"id\":3548599,\"name\":\"Guilherme Samuel\",\"username\":\"megarubber\",\"avatar_template\":\"/user_avatar/www.chiefdelphi.com/megarubber/{size}/172063_2.png\",\"created_at\":\"2025-03-05T20:25:11.800Z\",\"cooked\":\"\\u003cp\\u003eWith \\u003ccode\\u003epy -3 -m robotpy test --isolated -- -s --full-trace\\u003c/code\\u003e, it’s every time the same output:\\u003c/p\\u003e\\n\\u003cpre\\u003e\\u003ccode class=\\\"lang-auto\\\"\\u003eTraceback (most recent call last):\\n  File \\\"C:\\\\Users\\\\guisa\\\\AppData\\\\Local\\\\Programs\\\\Python\\\\Python312\\\\Lib\\\\site-packages\\\\_pytest\\\\main.py\\\", line 283, in wrap_session\\n    session.exitstatus = doit(config, session) or 0\\n                         ^^^^^^^^^^^^^^^^^^^^^\\n  File \\\"C:\\\\Users\\\\guisa\\\\AppData\\\\Local\\\\Programs\\\\Python\\\\Python312\\\\Lib\\\\site-packages\\\\_pytest\\\\main.py\\\", line 337, in _main\\n    config.hook.pytest_runtestloop(session=session)\\n  File \\\"C:\\\\Users\\\\guisa\\\\AppData\\\\Local\\\\Programs\\\\Python\\\\Python312\\\\Lib\\\\site-packages\\\\pluggy\\\\_hooks.py\\\", line 513, in __call__\\n    return self._hookexec(self.name, self._hookimpls.copy(), kwargs, firstresult)\\n           ^^^^^^^^^^^^^^^^^^^^^^^^^^^^^^^^^^^^^^^^^^^^^^^^^^^^^^^^^^^^^^^^^^^^^^\\n  File \\\"C:\\\\Users\\\\guisa\\\\AppData\\\\Local\\\\Programs\\\\Python\\\\Python312\\\\Lib\\\\site-packages\\\\pluggy\\\\_manager.py\\\", line 120, in _hookexec\\n    return self._inner_hookexec(hook_name, methods, kwargs, firstresult)\\n           ^^^^^^^^^^^^^^^^^^^^^^^^^^^^^^^^^^^^^^^^^^^^^^^^^^^^^^^^^^^^^\\n  File \\\"C:\\\\Users\\\\guisa\\\\AppData\\\\Local\\\\Programs\\\\Python\\\\Python312\\\\Lib\\\\site-packages\\\\pluggy\\\\_callers.py\\\", line 139, in _multicall\\n    raise exception.with_traceback(exception.__traceback__)\\n  File \\\"C:\\\\Users\\\\guisa\\\\AppData\\\\Local\\\\Programs\\\\Python\\\\Python312\\\\Lib\\\\site-packages\\\\pluggy\\\\_callers.py\\\", line 122, in _multicall\\n    teardown.throw(exception)  # type: ignore[union-attr]\\n    ^^^^^^^^^^^^^^^^^^^^^^^^^\\n  File \\\"C:\\\\Users\\\\guisa\\\\AppData\\\\Local\\\\Programs\\\\Python\\\\Python312\\\\Lib\\\\site-packages\\\\_pytest\\\\logging.py\\\", line 803, in pytest_runtestloop\\n    return (yield)  # Run all the tests.\\n            ^^^^^\\n  File \\\"C:\\\\Users\\\\guisa\\\\AppData\\\\Local\\\\Programs\\\\Python\\\\Python312\\\\Lib\\\\site-packages\\\\pluggy\\\\_callers.py\\\", line 122, in _multicall\\n    teardown.throw(exception)  # type: ignore[union-attr]\\n    ^^^^^^^^^^^^^^^^^^^^^^^^^\\n  File \\\"C:\\\\Users\\\\guisa\\\\AppData\\\\Local\\\\Programs\\\\Python\\\\Python312\\\\Lib\\\\site-packages\\\\_pytest\\\\terminal.py\\\", line 673, in pytest_runtestloop\\n    result = yield\\n             ^^^^^\\n  File \\\"C:\\\\Users\\\\guisa\\\\AppData\\\\Local\\\\Programs\\\\Python\\\\Python312\\\\Lib\\\\site-packages\\\\pluggy\\\\_callers.py\\\", line 103, in _multicall\\n    res = hook_impl.function(*args)\\n          ^^^^^^^^^^^^^^^^^^^^^^^^^\\n  File \\\"C:\\\\Users\\\\guisa\\\\AppData\\\\Local\\\\Programs\\\\Python\\\\Python312\\\\Lib\\\\site-packages\\\\_pytest\\\\main.py\\\", line 362, in pytest_runtestloop\\n    item.config.hook.pytest_runtest_protocol(item=item, nextitem=nextitem)\\n  File \\\"C:\\\\Users\\\\guisa\\\\AppData\\\\Local\\\\Programs\\\\Python\\\\Python312\\\\Lib\\\\site-packages\\\\pluggy\\\\_hooks.py\\\", line 513, in __call__\\n    return self._hookexec(self.name, self._hookimpls.copy(), kwargs, firstresult)\\n           ^^^^^^^^^^^^^^^^^^^^^^^^^^^^^^^^^^^^^^^^^^^^^^^^^^^^^^^^^^^^^^^^^^^^^^\\n  File \\\"C:\\\\Users\\\\guisa\\\\AppData\\\\Local\\\\Programs\\\\Python\\\\Python312\\\\Lib\\\\site-packages\\\\pluggy\\\\_manager.py\\\", line 120, in _hookexec\\n    return self._inner_hookexec(hook_name, methods, kwargs, firstresult)\\n           ^^^^^^^^^^^^^^^^^^^^^^^^^^^^^^^^^^^^^^^^^^^^^^^^^^^^^^^^^^^^^\\n  File \\\"C:\\\\Users\\\\guisa\\\\AppData\\\\Local\\\\Programs\\\\Python\\\\Python312\\\\Lib\\\\site-packages\\\\pluggy\\\\_callers.py\\\", line 139, in _multicall\\n    raise exception.with_traceback(exception.__traceback__)\\n  File \\\"C:\\\\Users\\\\guisa\\\\AppData\\\\Local\\\\Programs\\\\Python\\\\Python312\\\\Lib\\\\site-packages\\\\pluggy\\\\_callers.py\\\", line 122, in _multicall\\n    teardown.throw(exception)  # type: ignore[union-attr]\\n    ^^^^^^^^^^^^^^^^^^^^^^^^^\\n  File \\\"C:\\\\Users\\\\guisa\\\\AppData\\\\Local\\\\Programs\\\\Python\\\\Python312\\\\Lib\\\\site-packages\\\\_pytest\\\\warnings.py\\\", line 112, in pytest_runtest_protocol\\n    return (yield)\\n            ^^^^^\\n  File \\\"C:\\\\Users\\\\guisa\\\\AppData\\\\Local\\\\Programs\\\\Python\\\\Python312\\\\Lib\\\\site-packages\\\\pluggy\\\\_callers.py\\\", line 122, in _multicall\\n    teardown.throw(exception)  # type: ignore[union-attr]\\n    ^^^^^^^^^^^^^^^^^^^^^^^^^\\n  File \\\"C:\\\\Users\\\\guisa\\\\AppData\\\\Local\\\\Programs\\\\Python\\\\Python312\\\\Lib\\\\site-packages\\\\_pytest\\\\assertion\\\\__init__.py\\\", line 176, in pytest_runtest_protocol\\n    return (yield)\\n            ^^^^^\\n  File \\\"C:\\\\Users\\\\guisa\\\\AppData\\\\Local\\\\Programs\\\\Python\\\\Python312\\\\Lib\\\\site-packages\\\\pluggy\\\\_callers.py\\\", line 122, in _multicall\\n    teardown.throw(exception)  # type: ignore[union-attr]\\n    ^^^^^^^^^^^^^^^^^^^^^^^^^\\n  File \\\"C:\\\\Users\\\\guisa\\\\AppData\\\\Local\\\\Programs\\\\Python\\\\Python312\\\\Lib\\\\site-packages\\\\_pytest\\\\unittest.py\\\", line 429, in pytest_runtest_protocol\\n    res = yield\\n          ^^^^^\\n  File \\\"C:\\\\Users\\\\guisa\\\\AppData\\\\Local\\\\Programs\\\\Python\\\\Python312\\\\Lib\\\\site-packages\\\\pluggy\\\\_callers.py\\\", line 122, in _multicall\\n    teardown.throw(exception)  # type: ignore[union-attr]\\n    ^^^^^^^^^^^^^^^^^^^^^^^^^\\n  File \\\"C:\\\\Users\\\\guisa\\\\AppData\\\\Local\\\\Programs\\\\Python\\\\Python312\\\\Lib\\\\site-packages\\\\_pytest\\\\faulthandler.py\\\", line 88, in pytest_runtest_protocol\\n    return (yield)\\n            ^^^^^\\n  File \\\"C:\\\\Users\\\\guisa\\\\AppData\\\\Local\\\\Programs\\\\Python\\\\Python312\\\\Lib\\\\site-packages\\\\pluggy\\\\_callers.py\\\", line 103, in _multicall\\n    res = hook_impl.function(*args)\\n          ^^^^^^^^^^^^^^^^^^^^^^^^^\\n  File \\\"C:\\\\Users\\\\guisa\\\\AppData\\\\Local\\\\Programs\\\\Python\\\\Python312\\\\Lib\\\\site-packages\\\\_pytest\\\\runner.py\\\", line 113, in pytest_runtest_protocol\\n    runtestprotocol(item, nextitem=nextitem)\\n  File \\\"C:\\\\Users\\\\guisa\\\\AppData\\\\Local\\\\Programs\\\\Python\\\\Python312\\\\Lib\\\\site-packages\\\\_pytest\\\\runner.py\\\", line 132, in runtestprotocol\\n    reports.append(call_and_report(item, \\\"call\\\", log))\\n                   ^^^^^^^^^^^^^^^^^^^^^^^^^^^^^^^^^^\\n  File \\\"C:\\\\Users\\\\guisa\\\\AppData\\\\Local\\\\Programs\\\\Python\\\\Python312\\\\Lib\\\\site-packages\\\\_pytest\\\\runner.py\\\", line 241, in call_and_report\\n    call = CallInfo.from_call(\\n           ^^^^^^^^^^^^^^^^^^^\\n  File \\\"C:\\\\Users\\\\guisa\\\\AppData\\\\Local\\\\Programs\\\\Python\\\\Python312\\\\Lib\\\\site-packages\\\\_pytest\\\\runner.py\\\", line 341, in from_call\\n    result: TResult | None = func()\\n                             ^^^^^^\\n  File \\\"C:\\\\Users\\\\guisa\\\\AppData\\\\Local\\\\Programs\\\\Python\\\\Python312\\\\Lib\\\\site-packages\\\\_pytest\\\\runner.py\\\", line 242, in \\u0026lt;lambda\\u0026gt;\\n    lambda: runtest_hook(item=item, **kwds), when=when, reraise=reraise\\n            ^^^^^^^^^^^^^^^^^^^^^^^^^^^^^^^\\n  File \\\"C:\\\\Users\\\\guisa\\\\AppData\\\\Local\\\\Programs\\\\Python\\\\Python312\\\\Lib\\\\site-packages\\\\pluggy\\\\_hooks.py\\\", line 513, in __call__\\n    return self._hookexec(self.name, self._hookimpls.copy(), kwargs, firstresult)\\n           ^^^^^^^^^^^^^^^^^^^^^^^^^^^^^^^^^^^^^^^^^^^^^^^^^^^^^^^^^^^^^^^^^^^^^^\\n  File \\\"C:\\\\Users\\\\guisa\\\\AppData\\\\Local\\\\Programs\\\\Python\\\\Python312\\\\Lib\\\\site-packages\\\\pluggy\\\\_manager.py\\\", line 120, in _hookexec\\n    return self._inner_hookexec(hook_name, methods, kwargs, firstresult)\\n           ^^^^^^^^^^^^^^^^^^^^^^^^^^^^^^^^^^^^^^^^^^^^^^^^^^^^^^^^^^^^^\\n  File \\\"C:\\\\Users\\\\guisa\\\\AppData\\\\Local\\\\Programs\\\\Python\\\\Python312\\\\Lib\\\\site-packages\\\\pluggy\\\\_callers.py\\\", line 182, in _multicall\\n    return outcome.get_result()\\n           ^^^^^^^^^^^^^^^^^^^^\\n  File \\\"C:\\\\Users\\\\guisa\\\\AppData\\\\Local\\\\Programs\\\\Python\\\\Python312\\\\Lib\\\\site-packages\\\\pluggy\\\\_result.py\\\", line 100, in get_result\\n    raise exc.with_traceback(exc.__traceback__)\\n  File \\\"C:\\\\Users\\\\guisa\\\\AppData\\\\Local\\\\Programs\\\\Python\\\\Python312\\\\Lib\\\\site-packages\\\\pluggy\\\\_callers.py\\\", line 167, in _multicall\\n    teardown.throw(outcome._exception)\\n  File \\\"C:\\\\Users\\\\guisa\\\\AppData\\\\Local\\\\Programs\\\\Python\\\\Python312\\\\Lib\\\\site-packages\\\\_pytest\\\\threadexception.py\\\", line 92, in pytest_runtest_call\\n    yield from thread_exception_runtest_hook()\\n  File \\\"C:\\\\Users\\\\guisa\\\\AppData\\\\Local\\\\Programs\\\\Python\\\\Python312\\\\Lib\\\\site-packages\\\\_pytest\\\\threadexception.py\\\", line 68, in thread_exception_runtest_hook\\n    yield\\n  File \\\"C:\\\\Users\\\\guisa\\\\AppData\\\\Local\\\\Programs\\\\Python\\\\Python312\\\\Lib\\\\site-packages\\\\pluggy\\\\_callers.py\\\", line 167, in _multicall\\n    teardown.throw(outcome._exception)\\n  File \\\"C:\\\\Users\\\\guisa\\\\AppData\\\\Local\\\\Programs\\\\Python\\\\Python312\\\\Lib\\\\site-packages\\\\_pytest\\\\unraisableexception.py\\\", line 95, in pytest_runtest_call\\n    yield from unraisable_exception_runtest_hook()\\n  File \\\"C:\\\\Users\\\\guisa\\\\AppData\\\\Local\\\\Programs\\\\Python\\\\Python312\\\\Lib\\\\site-packages\\\\_pytest\\\\unraisableexception.py\\\", line 70, in unraisable_exception_runtest_hook\\n    yield\\n  File \\\"C:\\\\Users\\\\guisa\\\\AppData\\\\Local\\\\Programs\\\\Python\\\\Python312\\\\Lib\\\\site-packages\\\\pluggy\\\\_callers.py\\\", line 167, in _multicall\\n    teardown.throw(outcome._exception)\\n  File \\\"C:\\\\Users\\\\guisa\\\\AppData\\\\Local\\\\Programs\\\\Python\\\\Python312\\\\Lib\\\\site-packages\\\\_pytest\\\\logging.py\\\", line 846, in pytest_runtest_call\\n    yield from self._runtest_for(item, \\\"call\\\")\\n  File \\\"C:\\\\Users\\\\guisa\\\\AppData\\\\Local\\\\Programs\\\\Python\\\\Python312\\\\Lib\\\\site-packages\\\\_pytest\\\\logging.py\\\", line 829, in _runtest_for\\n    yield\\n  File \\\"C:\\\\Users\\\\guisa\\\\AppData\\\\Local\\\\Programs\\\\Python\\\\Python312\\\\Lib\\\\site-packages\\\\pluggy\\\\_callers.py\\\", line 167, in _multicall\\n    teardown.throw(outcome._exception)\\n  File \\\"C:\\\\Users\\\\guisa\\\\AppData\\\\Local\\\\Programs\\\\Python\\\\Python312\\\\Lib\\\\site-packages\\\\_pytest\\\\capture.py\\\", line 898, in pytest_runtest_call\\n    return (yield)\\n            ^^^^^\\n  File \\\"C:\\\\Users\\\\guisa\\\\AppData\\\\Local\\\\Programs\\\\Python\\\\Python312\\\\Lib\\\\site-packages\\\\pluggy\\\\_callers.py\\\", line 167, in _multicall\\n    teardown.throw(outcome._exception)\\n  File \\\"C:\\\\Users\\\\guisa\\\\AppData\\\\Local\\\\Programs\\\\Python\\\\Python312\\\\Lib\\\\site-packages\\\\_pytest\\\\skipping.py\\\", line 257, in pytest_runtest_call\\n    return (yield)\\n            ^^^^^\\n  File \\\"C:\\\\Users\\\\guisa\\\\AppData\\\\Local\\\\Programs\\\\Python\\\\Python312\\\\Lib\\\\site-packages\\\\pluggy\\\\_callers.py\\\", line 103, in _multicall\\n    res = hook_impl.function(*args)\\n          ^^^^^^^^^^^^^^^^^^^^^^^^^\\n  File \\\"C:\\\\Users\\\\guisa\\\\AppData\\\\Local\\\\Programs\\\\Python\\\\Python312\\\\Lib\\\\site-packages\\\\_pytest\\\\runner.py\\\", line 174, in pytest_runtest_call\\n    item.runtest()\\n  File \\\"C:\\\\Users\\\\guisa\\\\AppData\\\\Local\\\\Programs\\\\Python\\\\Python312\\\\Lib\\\\site-packages\\\\pyfrc\\\\test_support\\\\pytest_dist_plugin.py\\\", line 116, in isolated_runtest\\n    _run_test_in_new_process(\\n  File \\\"C:\\\\Users\\\\guisa\\\\AppData\\\\Local\\\\Programs\\\\Python\\\\Python312\\\\Lib\\\\site-packages\\\\pyfrc\\\\test_support\\\\pytest_dist_plugin.py\\\", line 103, in _run_test_in_new_process\\n    ec = parent.recv()\\n         ^^^^^^^^^^^^^\\n  File \\\"C:\\\\Users\\\\guisa\\\\AppData\\\\Local\\\\Programs\\\\Python\\\\Python312\\\\Lib\\\\multiprocessing\\\\connection.py\\\", line 250, in recv\\n    buf = self._recv_bytes()\\n          ^^^^^^^^^^^^^^^^^^\\n  File \\\"C:\\\\Users\\\\guisa\\\\AppData\\\\Local\\\\Programs\\\\Python\\\\Python312\\\\Lib\\\\multiprocessing\\\\connection.py\\\", line 321, in _recv_bytes\\n    waitres = _winapi.WaitForMultipleObjects(\\n              ^^^^^^^^^^^^^^^^^^^^^^^^^^^^^^^\\nKeyboardInterrupt\\n\\nDuring handling of the above exception, another exception occurred:\\n\\nTraceback (most recent call last):\\n  File \\\"\\u0026lt;frozen runpy\\u0026gt;\\\", line 198, in _run_module_as_main\\n  File \\\"\\u0026lt;frozen runpy\\u0026gt;\\\", line 88, in _run_code\\n  File \\\"C:\\\\Users\\\\guisa\\\\AppData\\\\Local\\\\Programs\\\\Python\\\\Python312\\\\Lib\\\\site-packages\\\\robotpy\\\\__main__.py\\\", line 4, in \\u0026lt;module\\u0026gt;\\n    main()\\n  File \\\"C:\\\\Users\\\\guisa\\\\AppData\\\\Local\\\\Programs\\\\Python\\\\Python312\\\\Lib\\\\site-packages\\\\robotpy\\\\main.py\\\", line 314, in main\\n    retval = subcommand.run(**kwargs)\\n             ^^^^^^^^^^^^^^^^^^^^^^^^\\n  File \\\"C:\\\\Users\\\\guisa\\\\AppData\\\\Local\\\\Programs\\\\Python\\\\Python312\\\\Lib\\\\site-packages\\\\pyfrc\\\\mains\\\\cli_test.py\\\", line 101, in run\\n    return self._run_test(\\n           ^^^^^^^^^^^^^^^\\n  File \\\"C:\\\\Users\\\\guisa\\\\AppData\\\\Local\\\\Programs\\\\Python\\\\Python312\\\\Lib\\\\site-packages\\\\pyfrc\\\\mains\\\\cli_test.py\\\", line 164, in _run_test\\n    retv = pytest.main(\\n           ^^^^^^^^^^^^\\n  File \\\"C:\\\\Users\\\\guisa\\\\AppData\\\\Local\\\\Programs\\\\Python\\\\Python312\\\\Lib\\\\site-packages\\\\_pytest\\\\config\\\\__init__.py\\\", line 175, in main\\n    ret: ExitCode | int = config.hook.pytest_cmdline_main(config=config)\\n                          ^^^^^^^^^^^^^^^^^^^^^^^^^^^^^^^^^^^^^^^^^^^^^^\\n  File \\\"C:\\\\Users\\\\guisa\\\\AppData\\\\Local\\\\Programs\\\\Python\\\\Python312\\\\Lib\\\\site-packages\\\\pluggy\\\\_hooks.py\\\", line 513, in __call__\\n    return self._hookexec(self.name, self._hookimpls.copy(), kwargs, firstresult)\\n           ^^^^^^^^^^^^^^^^^^^^^^^^^^^^^^^^^^^^^^^^^^^^^^^^^^^^^^^^^^^^^^^^^^^^^^\\n  File \\\"C:\\\\Users\\\\guisa\\\\AppData\\\\Local\\\\Programs\\\\Python\\\\Python312\\\\Lib\\\\site-packages\\\\pluggy\\\\_manager.py\\\", line 120, in _hookexec\\n    return self._inner_hookexec(hook_name, methods, kwargs, firstresult)\\n           ^^^^^^^^^^^^^^^^^^^^^^^^^^^^^^^^^^^^^^^^^^^^^^^^^^^^^^^^^^^^^\\n  File \\\"C:\\\\Users\\\\guisa\\\\AppData\\\\Local\\\\Programs\\\\Python\\\\Python312\\\\Lib\\\\site-packages\\\\pluggy\\\\_callers.py\\\", line 139, in _multicall\\n    raise exception.with_traceback(exception.__traceback__)\\n  File \\\"C:\\\\Users\\\\guisa\\\\AppData\\\\Local\\\\Programs\\\\Python\\\\Python312\\\\Lib\\\\site-packages\\\\pluggy\\\\_callers.py\\\", line 103, in _multicall\\n    res = hook_impl.function(*args)\\n          ^^^^^^^^^^^^^^^^^^^^^^^^^\\n  File \\\"C:\\\\Users\\\\guisa\\\\AppData\\\\Local\\\\Programs\\\\Python\\\\Python312\\\\Lib\\\\site-packages\\\\_pytest\\\\main.py\\\", line 330, in pytest_cmdline_main\\n    return wrap_session(config, _main)\\n           ^^^^^^^^^^^^^^^^^^^^^^^^^^^\\n  File \\\"C:\\\\Users\\\\guisa\\\\AppData\\\\Local\\\\Programs\\\\Python\\\\Python312\\\\Lib\\\\site-packages\\\\_pytest\\\\main.py\\\", line 297, in wrap_session\\n    config.hook.pytest_keyboard_interrupt(excinfo=excinfo)\\n  File \\\"C:\\\\Users\\\\guisa\\\\AppData\\\\Local\\\\Programs\\\\Python\\\\Python312\\\\Lib\\\\site-packages\\\\pluggy\\\\_hooks.py\\\", line 513, in __call__\\n    return self._hookexec(self.name, self._hookimpls.copy(), kwargs, firstresult)\\n           ^^^^^^^^^^^^^^^^^^^^^^^^^^^^^^^^^^^^^^^^^^^^^^^^^^^^^^^^^^^^^^^^^^^^^^\\n  File \\\"C:\\\\Users\\\\guisa\\\\AppData\\\\Local\\\\Programs\\\\Python\\\\Python312\\\\Lib\\\\site-packages\\\\pluggy\\\\_manager.py\\\", line 120, in _hookexec\\n    return self._inner_hookexec(hook_name, methods, kwargs, firstresult)\\n           ^^^^^^^^^^^^^^^^^^^^^^^^^^^^^^^^^^^^^^^^^^^^^^^^^^^^^^^^^^^^^\\n  File \\\"C:\\\\Users\\\\guisa\\\\AppData\\\\Local\\\\Programs\\\\Python\\\\Python312\\\\Lib\\\\site-packages\\\\pluggy\\\\_callers.py\\\", line 139, in _multicall\\n    raise exception.with_traceback(exception.__traceback__)\\n  File \\\"C:\\\\Users\\\\guisa\\\\AppData\\\\Local\\\\Programs\\\\Python\\\\Python312\\\\Lib\\\\site-packages\\\\pluggy\\\\_callers.py\\\", line 103, in _multicall\\n    res = hook_impl.function(*args)\\n          ^^^^^^^^^^^^^^^^^^^^^^^^^\\n  File \\\"C:\\\\Users\\\\guisa\\\\AppData\\\\Local\\\\Programs\\\\Python\\\\Python312\\\\Lib\\\\site-packages\\\\_pytest\\\\terminal.py\\\", line 932, in pytest_keyboard_interrupt\\n    self._keyboardinterrupt_memo = excinfo.getrepr(funcargs=True)\\n                                   ^^^^^^^^^^^^^^^^^^^^^^^^^^^^^^\\n  File \\\"C:\\\\Users\\\\guisa\\\\AppData\\\\Local\\\\Programs\\\\Python\\\\Python312\\\\Lib\\\\site-packages\\\\_pytest\\\\_code\\\\code.py\\\", line 690, in getrepr\\n    return fmt.repr_excinfo(self)\\n           ^^^^^^^^^^^^^^^^^^^^^^\\n  File \\\"C:\\\\Users\\\\guisa\\\\AppData\\\\Local\\\\Programs\\\\Python\\\\Python312\\\\Lib\\\\site-packages\\\\_pytest\\\\_code\\\\code.py\\\", line 1058, in repr_excinfo\\n    reprtraceback = self.repr_traceback(excinfo_)\\n                    ^^^^^^^^^^^^^^^^^^^^^^^^^^^^^\\n  File \\\"C:\\\\Users\\\\guisa\\\\AppData\\\\Local\\\\Programs\\\\Python\\\\Python312\\\\Lib\\\\site-packages\\\\_pytest\\\\_code\\\\code.py\\\", line 992, in repr_traceback\\n    self.repr_traceback_entry(entry, excinfo if last == entry else None)\\n  File \\\"C:\\\\Users\\\\guisa\\\\AppData\\\\Local\\\\Programs\\\\Python\\\\Python312\\\\Lib\\\\site-packages\\\\_pytest\\\\_code\\\\code.py\\\", line 945, in repr_traceback_entry\\n    path = self._makepath(entry_path)\\n           ^^^^^^^^^^^^^^^^^^^^^^^^^^\\n  File \\\"C:\\\\Users\\\\guisa\\\\AppData\\\\Local\\\\Programs\\\\Python\\\\Python312\\\\Lib\\\\site-packages\\\\_pytest\\\\_code\\\\code.py\\\", line 961, in _makepath\\n    np = bestrelpath(Path.cwd(), path)\\n         ^^^^^^^^^^^^^^^^^^^^^^^^^^^^^\\n  File \\\"C:\\\\Users\\\\guisa\\\\AppData\\\\Local\\\\Programs\\\\Python\\\\Python312\\\\Lib\\\\site-packages\\\\_pytest\\\\pathlib.py\\\", line 1039, in bestrelpath\\n    reldest = dest.relative_to(base)\\n              ^^^^^^^^^^^^^^^^^^^^^^\\n  File \\\"C:\\\\Users\\\\guisa\\\\AppData\\\\Local\\\\Programs\\\\Python\\\\Python312\\\\Lib\\\\pathlib.py\\\", line 679, in relative_to\\n    if self.is_relative_to(path):\\n       ^^^^^^^^^^^^^^^^^^^^^^^^^\\n  File \\\"C:\\\\Users\\\\guisa\\\\AppData\\\\Local\\\\Programs\\\\Python\\\\Python312\\\\Lib\\\\pathlib.py\\\", line 700, in is_relative_to\\n    return other == self or other in self.parents\\n                            ^^^^^^^^^^^^^^^^^^^^^\\n  File \\\"\\u0026lt;frozen _collections_abc\\u0026gt;\\\", line 1033, in __contains__\\n  File \\\"\\u0026lt;frozen _collections_abc\\u0026gt;\\\", line 1026, in __iter__\\n  File \\\"C:\\\\Users\\\\guisa\\\\AppData\\\\Local\\\\Programs\\\\Python\\\\Python312\\\\Lib\\\\pathlib.py\\\", line 285, in __getitem__\\n    return self._path._from_parsed_parts(self._drv, self._root,\\n           ^^^^^^^^^^^^^^^^^^^^^^^^^^^^^^^^^^^^^^^^^^^^^^^^^^^^\\n  File \\\"C:\\\\Users\\\\guisa\\\\AppData\\\\Local\\\\Programs\\\\Python\\\\Python312\\\\Lib\\\\pathlib.py\\\", line 421, in _from_parsed_parts\\n    path_str = self._format_parsed_parts(drv, root, tail)\\n               ^^^^^^^^^^^^^^^^^^^^^^^^^^^^^^^^^^^^^^^^^^\\n  File \\\"C:\\\\Users\\\\guisa\\\\AppData\\\\Local\\\\Programs\\\\Python\\\\Python312\\\\Lib\\\\pathlib.py\\\", line 432, in _format_parsed_parts\\n    return drv + root + cls._flavour.sep.join(tail)\\n                        ^^^^^^^^^^^^^^^^^^^^^^^^^^^\\nKeyboardInterrupt\\n[phoenix-diagnostics] Server shutdown cleanly. (dur:0)\\n\\n[phoenix] Library shutdown cleanly\\n\\u003c/code\\u003e\\u003c/pre\\u003e\",\"post_number\":3,\"post_type\":1,\"posts_count\":7,\"updated_at\":\"2025-03-06T13:47:34.274Z\",\"reply_count\":1,\"reply_to_post_number\":2,\"quote_count\":0,\"incoming_link_count\":0,\"reads\":33,\"readers_count\":32,\"score\":11.6,\"yours\":false,\"topic_id\":494371,\"topic_slug\":\"tests-are-not-running-in-robotpy\",\"display_username\":\"Guilherme Samuel\",\"primary_group_name\":null,\"flair_name\":null,\"flair_url\":null,\"flair_bg_color\":null,\"flair_color\":null,\"flair_group_id\":null,\"badges_granted\":[],\"version\":2,\"can_edit\":false,\"can_delete\":false,\"can_recover\":false,\"can_see_hidden_post\":true,\"can_wiki\":false,\"read\":true,\"user_title\":\"\",\"reply_to_user\":{\"id\":11063,\"username\":\"virtuald\",\"name\":\"Dustin Spicuzza\",\"avatar_template\":\"/user_avatar/www.chiefdelphi.com/virtuald/{size}/65268_2.png\"},\"bookmarked\":false,\"actions_summary\":[],\"moderator\":false,\"admin\":false,\"staff\":false,\"user_id\":47943,\"hidden\":false,\"trust_level\":2,\"deleted_at\":null,\"user_deleted\":false,\"edit_reason\":null,\"can_view_edit_history\":true,\"wiki\":false,\"user_custom_fields\":{\"user_field_4\":\"\"},\"post_url\":\"/t/tests-are-not-running-in-robotpy/494371/3\",\"reactions\":[],\"current_user_reaction\":null,\"reaction_users_count\":0,\"current_user_used_main_reaction\":false,\"can_accept_answer\":false,\"can_unaccept_answer\":false,\"accepted_answer\":false,\"topic_accepted_answer\":true},{\"id\":3548991,\"name\":\"Dustin Spicuzza\",\"username\":\"virtuald\",\"avatar_template\":\"/user_avatar/www.chiefdelphi.com/virtuald/{size}/65268_2.png\",\"created_at\":\"2025-03-06T04:43:10.859Z\",\"cooked\":\"\\u003cp\\u003eYeah, that’s not very useful.\\u003c/p\\u003e\\n\\u003cp\\u003eIf you don’t run in isolated mode, it should be a more useful output? If you send me a link to your code I can give it a shot too.\\u003c/p\\u003e\",\"post_number\":4,\"post_type\":1,\"posts_count\":7,\"updated_at\":\"2025-03-06T04:43:10.859Z\",\"reply_count\":1,\"reply_to_post_number\":3,\"quote_count\":0,\"incoming_link_count\":0,\"reads\":23,\"readers_count\":22,\"score\":9.6,\"yours\":false,\"topic_id\":494371,\"topic_slug\":\"tests-are-not-running-in-robotpy\",\"display_username\":\"Dustin Spicuzza\",\"primary_group_name\":null,\"flair_name\":null,\"flair_url\":null,\"flair_bg_color\":null,\"flair_color\":null,\"flair_group_id\":null,\"badges_granted\":[],\"version\":1,\"can_edit\":false,\"can_delete\":false,\"can_recover\":false,\"can_see_hidden_post\":true,\"can_wiki\":false,\"read\":true,\"user_title\":\"\",\"reply_to_user\":{\"id\":47943,\"username\":\"megarubber\",\"name\":\"Guilherme Samuel\",\"avatar_template\":\"/user_avatar/www.chiefdelphi.com/megarubber/{size}/172063_2.png\"},\"bookmarked\":false,\"actions_summary\":[],\"moderator\":false,\"admin\":false,\"staff\":false,\"user_id\":11063,\"hidden\":false,\"trust_level\":2,\"deleted_at\":null,\"user_deleted\":false,\"edit_reason\":null,\"can_view_edit_history\":true,\"wiki\":false,\"user_custom_fields\":{\"user_field_4\":\"RobotPy Guy, WPILib Developer\"},\"post_url\":\"/t/tests-are-not-running-in-robotpy/494371/4\",\"reactions\":[],\"current_user_reaction\":null,\"reaction_users_count\":0,\"current_user_used_main_reaction\":false,\"can_accept_answer\":false,\"can_unaccept_answer\":false,\"accepted_answer\":false,\"topic_accepted_answer\":true},{\"id\":3549242,\"name\":\"Guilherme Samuel\",\"username\":\"megarubber\",\"avatar_template\":\"/user_avatar/www.chiefdelphi.com/megarubber/{size}/172063_2.png\",\"created_at\":\"2025-03-06T13:47:00.950Z\",\"cooked\":\"\\u003caside class=\\\"quote no-group\\\" data-username=\\\"virtuald\\\" data-post=\\\"4\\\" data-topic=\\\"494371\\\"\\u003e\\n\\u003cdiv class=\\\"title\\\"\\u003e\\n\\u003cdiv class=\\\"quote-controls\\\"\\u003e\\u003c/div\\u003e\\n\\u003cimg loading=\\\"lazy\\\" alt=\\\"\\\" width=\\\"24\\\" height=\\\"24\\\" src=\\\"https://www.chiefdelphi.com/user_avatar/www.chiefdelphi.com/virtuald/48/65268_2.png\\\" class=\\\"avatar\\\"\\u003e virtuald:\\u003c/div\\u003e\\n\\u003cblockquote\\u003e\\n\\u003cp\\u003eIf you don’t run in isolated mode, it should be a more useful output?\\u003c/p\\u003e\\n\\u003c/blockquote\\u003e\\n\\u003c/aside\\u003e\\n\\u003cp\\u003eNo, it doesn’t. Unfortunately, it’s pretty much the same output shown before. I run \\u003ccode\\u003epy -3 -m robotpy test -- --full-trace\\u003c/code\\u003e for this test.\\u003c/p\\u003e\\n\\u003cp\\u003eThe code is here: \\u003ca href=\\\"https://github.com/TaubatexasRobotics/2025-season-robot-code/tree/feat/photonvision\\\" class=\\\"inline-onebox\\\" rel=\\\"noopener nofollow ugc\\\"\\u003eGitHub - TaubatexasRobotics/2025-season-robot-code at feat/photonvision\\u003c/a\\u003e\\u003c/p\\u003e\\n\\u003cp\\u003eProbably is a issue on my computer when it runs the Python process, because I tested in other machine and they work as expected. But I don’t know which thing is hanging the \\u003ccode\\u003epytest\\u003c/code\\u003e execution.\\u003c/p\\u003e\",\"post_number\":5,\"post_type\":1,\"posts_count\":7,\"updated_at\":\"2025-03-07T04:44:21.744Z\",\"reply_count\":1,\"reply_to_post_number\":4,\"quote_count\":1,\"incoming_link_count\":0,\"reads\":18,\"readers_count\":17,\"score\":8.6,\"yours\":false,\"topic_id\":494371,\"topic_slug\":\"tests-are-not-running-in-robotpy\",\"display_username\":\"Guilherme Samuel\",\"primary_group_name\":null,\"flair_name\":null,\"flair_url\":null,\"flair_bg_color\":null,\"flair_color\":null,\"flair_group_id\":null,\"badges_granted\":[],\"version\":3,\"can_edit\":false,\"can_delete\":false,\"can_recover\":false,\"can_see_hidden_post\":true,\"can_wiki\":false,\"link_counts\":[{\"url\":\"https://github.com/TaubatexasRobotics/2025-season-robot-code/tree/feat/photonvision\",\"internal\":false,\"reflection\":false,\"title\":\"GitHub - TaubatexasRobotics/2025-season-robot-code at feat/photonvision\",\"clicks\":1}],\"read\":true,\"user_title\":\"\",\"bookmarked\":false,\"actions_summary\":[],\"moderator\":false,\"admin\":false,\"staff\":false,\"user_id\":47943,\"hidden\":false,\"trust_level\":2,\"deleted_at\":null,\"user_deleted\":false,\"edit_reason\":null,\"can_view_edit_history\":true,\"wiki\":false,\"user_custom_fields\":{\"user_field_4\":\"\"},\"post_url\":\"/t/tests-are-not-running-in-robotpy/494371/5\",\"reactions\":[],\"current_user_reaction\":null,\"reaction_users_count\":0,\"current_user_used_main_reaction\":false,\"can_accept_answer\":false,\"can_unaccept_answer\":false,\"accepted_answer\":false,\"topic_accepted_answer\":true},{\"id\":3550187,\"name\":\"Dustin Spicuzza\",\"username\":\"virtuald\",\"avatar_template\":\"/user_avatar/www.chiefdelphi.com/virtuald/{size}/65268_2.png\",\"created_at\":\"2025-03-07T04:27:29.430Z\",\"cooked\":\"\\u003cp\\u003eI note that you have rev as a dependency. Since you mentioned that other computers worked, there was a hanging bug in the initial versions of the revlib library this year. Likely the computer that is failing has an older version installed.\\u003c/p\\u003e\\n\\u003cp\\u003eAdd the following to your pyproject.toml and run \\u003ccode\\u003erobotpy sync\\u003c/code\\u003e:\\u003c/p\\u003e\\n\\u003cpre\\u003e\\u003ccode class=\\\"lang-auto\\\"\\u003erequires = [\\n    \\\"robotpy-rev~=2025.0.2\\\",\\n]\\n\\u003c/code\\u003e\\u003c/pre\\u003e\",\"post_number\":6,\"post_type\":1,\"posts_count\":7,\"updated_at\":\"2025-03-07T04:27:29.430Z\",\"reply_count\":1,\"reply_to_post_number\":5,\"quote_count\":0,\"incoming_link_count\":1,\"reads\":10,\"readers_count\":9,\"score\":27.0,\"yours\":false,\"topic_id\":494371,\"topic_slug\":\"tests-are-not-running-in-robotpy\",\"display_username\":\"Dustin Spicuzza\",\"primary_group_name\":null,\"flair_name\":null,\"flair_url\":null,\"flair_bg_color\":null,\"flair_color\":null,\"flair_group_id\":null,\"badges_granted\":[],\"version\":1,\"can_edit\":false,\"can_delete\":false,\"can_recover\":false,\"can_see_hidden_post\":true,\"can_wiki\":false,\"read\":true,\"user_title\":\"\",\"reply_to_user\":{\"id\":47943,\"username\":\"megarubber\",\"name\":\"Guilherme Samuel\",\"avatar_template\":\"/user_avatar/www.chiefdelphi.com/megarubber/{size}/172063_2.png\"},\"bookmarked\":false,\"actions_summary\":[{\"id\":2,\"count\":1}],\"moderator\":false,\"admin\":false,\"staff\":false,\"user_id\":11063,\"hidden\":false,\"trust_level\":2,\"deleted_at\":null,\"user_deleted\":false,\"edit_reason\":null,\"can_view_edit_history\":true,\"wiki\":false,\"user_custom_fields\":{\"user_field_4\":\"RobotPy Guy, WPILib Developer\"},\"post_url\":\"/t/tests-are-not-running-in-robotpy/494371/6\",\"reactions\":[{\"id\":\"heart\",\"type\":\"emoji\",\"count\":1}],\"current_user_reaction\":null,\"reaction_users_count\":1,\"current_user_used_main_reaction\":false,\"can_accept_answer\":false,\"can_unaccept_answer\":false,\"accepted_answer\":true,\"topic_accepted_answer\":true},{\"id\":3550209,\"name\":\"Guilherme Samuel\",\"username\":\"megarubber\",\"avatar_template\":\"/user_avatar/www.chiefdelphi.com/megarubber/{size}/172063_2.png\",\"created_at\":\"2025-03-07T05:09:08.984Z\",\"cooked\":\"\\u003cp\\u003eWow, this is what I needed. I’ll pay more attention when using \\u003ccode\\u003epyproject.toml\\u003c/code\\u003e.\\u003c/p\\u003e\",\"post_number\":7,\"post_type\":1,\"posts_count\":7,\"updated_at\":\"2025-03-07T05:09:08.984Z\",\"reply_count\":0,\"reply_to_post_number\":6,\"quote_count\":0,\"incoming_link_count\":0,\"reads\":9,\"readers_count\":8,\"score\":1.8,\"yours\":false,\"topic_id\":494371,\"topic_slug\":\"tests-are-not-running-in-robotpy\",\"display_username\":\"Guilherme Samuel\",\"primary_group_name\":null,\"flair_name\":null,\"flair_url\":null,\"flair_bg_color\":null,\"flair_color\":null,\"flair_group_id\":null,\"badges_granted\":[],\"version\":1,\"can_edit\":false,\"can_delete\":false,\"can_recover\":false,\"can_see_hidden_post\":true,\"can_wiki\":false,\"read\":true,\"user_title\":\"\",\"reply_to_user\":{\"id\":11063,\"username\":\"virtuald\",\"name\":\"Dustin Spicuzza\",\"avatar_template\":\"/user_avatar/www.chiefdelphi.com/virtuald/{size}/65268_2.png\"},\"bookmarked\":false,\"actions_summary\":[],\"moderator\":false,\"admin\":false,\"staff\":false,\"user_id\":47943,\"hidden\":false,\"trust_level\":2,\"deleted_at\":null,\"user_deleted\":false,\"edit_reason\":null,\"can_view_edit_history\":true,\"wiki\":false,\"user_custom_fields\":{\"user_field_4\":\"\"},\"post_url\":\"/t/tests-are-not-running-in-robotpy/494371/7\",\"reactions\":[],\"current_user_reaction\":null,\"reaction_users_count\":0,\"current_user_used_main_reaction\":false,\"can_accept_answer\":false,\"can_unaccept_answer\":false,\"accepted_answer\":false,\"topic_accepted_answer\":true}],\"stream\":[3548429,3548467,3548599,3548991,3549242,3550187,3550209]},\"timeline_lookup\":[[1,151],[5,150]],\"suggested_topics\":[{\"id\":493034,\"title\":\"Error CAN frame not recieved/too stale\",\"fancy_title\":\"Error CAN frame not recieved/too stale\",\"slug\":\"error-can-frame-not-recieved-too-stale\",\"posts_count\":3,\"reply_count\":1,\"highest_post_number\":3,\"image_url\":\"https://www.chiefdelphi.com/uploads/default/optimized/3X/4/b/4b2d9d3c3c2ecb4ba7d3eb5e0092ad1dc4df3b7b_2_1024x207.png\",\"created_at\":\"2025-02-24T22:20:59.688Z\",\"last_posted_at\":\"2025-02-25T00:53:38.752Z\",\"bumped\":true,\"bumped_at\":\"2025-02-25T00:53:38.752Z\",\"archetype\":\"regular\",\"unseen\":false,\"pinned\":false,\"unpinned\":null,\"excerpt\":\"Are your CANcoders supposed to be on a CANivore named “canivore”? One of those errors say that “CANbus failed to canivore”, which means we can’t find one that is. If they are on a CANivore, m…\",\"visible\":true,\"closed\":false,\"archived\":false,\"bookmarked\":null,\"liked\":null,\"tags\":[],\"tags_descriptions\":{},\"like_count\":1,\"views\":107,\"category_id\":77,\"featured_link\":null,\"has_accepted_answer\":true,\"sidecar_installed\":true,\"include_dominant_colour\":false,\"topic_post_id\":3538813,\"topic_post_liked\":false,\"topic_post_can_like\":false,\"topic_post_can_unlike\":false,\"topic_post_bookmarked\":false,\"topic_post_is_current_users\":null,\"topic_post_number\":2,\"topic_post_user\":{\"id\":48146,\"username\":\"bhall-ctre\",\"name\":\"Benjamin Hall\",\"avatar_template\":\"/user_avatar/www.chiefdelphi.com/bhall-ctre/{size}/198180_2.png\"},\"posters\":[{\"extras\":\"latest\",\"description\":\"Original Poster, Most Recent Poster\",\"user\":{\"id\":66158,\"username\":\"ahuang\",\"name\":\"ahuang\",\"avatar_template\":\"/letter_avatar_proxy/v4/letter/a/13edae/{size}.png\",\"trust_level\":1}},{\"extras\":null,\"description\":\"Frequent Poster, Accepted Answer\",\"user\":{\"id\":48146,\"username\":\"bhall-ctre\",\"name\":\"Benjamin Hall\",\"avatar_template\":\"/user_avatar/www.chiefdelphi.com/bhall-ctre/{size}/198180_2.png\",\"primary_group_name\":\"CTRE\",\"flair_name\":\"CTRE\",\"flair_url\":\"/uploads/default/original/3X/1/b/1bd2b430e1bb6427d1c6504ff6abcd31de851a6d.png\",\"flair_group_id\":57,\"trust_level\":2}}]},{\"id\":494239,\"title\":\"Voltage Limiter to Motors\",\"fancy_title\":\"Voltage Limiter to Motors\",\"slug\":\"voltage-limiter-to-motors\",\"posts_count\":3,\"reply_count\":1,\"highest_post_number\":3,\"image_url\":null,\"created_at\":\"2025-03-04T22:22:05.580Z\",\"last_posted_at\":\"2025-03-04T22:32:52.505Z\",\"bumped\":true,\"bumped_at\":\"2025-03-05T18:03:50.181Z\",\"archetype\":\"regular\",\"unseen\":false,\"pinned\":false,\"unpinned\":null,\"excerpt\":\"Hello, we are looking into some ways on the software side to program a limiter to limit how much voltage the motors draw from the battery, since our robot is prone to burn outs. Does anyone have any …\",\"visible\":true,\"closed\":false,\"archived\":false,\"bookmarked\":null,\"liked\":null,\"tags\":[],\"tags_descriptions\":{},\"like_count\":0,\"views\":118,\"category_id\":77,\"featured_link\":null,\"has_accepted_answer\":false,\"sidecar_installed\":true,\"include_dominant_colour\":false,\"topic_post_id\":3547646,\"topic_post_liked\":false,\"topic_post_can_like\":false,\"topic_post_can_unlike\":false,\"topic_post_bookmarked\":false,\"topic_post_is_current_users\":null,\"topic_post_number\":1,\"topic_post_user\":{\"id\":66158,\"username\":\"ahuang\",\"name\":\"ahuang\",\"avatar_template\":\"/letter_avatar_proxy/v4/letter/a/13edae/{size}.png\"},\"posters\":[{\"extras\":\"latest\",\"description\":\"Original Poster, Most Recent Poster\",\"user\":{\"id\":66158,\"username\":\"ahuang\",\"name\":\"ahuang\",\"avatar_template\":\"/letter_avatar_proxy/v4/letter/a/13edae/{size}.png\",\"trust_level\":1}},{\"extras\":null,\"description\":\"Frequent Poster\",\"user\":{\"id\":40342,\"username\":\"AndrewMcb\",\"name\":\"Andrew McBride\",\"avatar_template\":\"/letter_avatar_proxy/v4/letter/a/ec9cab/{size}.png\",\"trust_level\":2}}]},{\"id\":476872,\"title\":\"RFC: removing robotpy_extras components\",\"fancy_title\":\"RFC: removing robotpy_extras components\",\"slug\":\"rfc-removing-robotpy-extras-components\",\"posts_count\":1,\"reply_count\":0,\"highest_post_number\":1,\"image_url\":null,\"created_at\":\"2024-12-17T16:27:49.689Z\",\"last_posted_at\":\"2024-12-17T16:27:49.754Z\",\"bumped\":true,\"bumped_at\":\"2024-12-17T16:27:49.754Z\",\"archetype\":\"regular\",\"unseen\":false,\"pinned\":false,\"unpinned\":null,\"excerpt\":\"Currently, you can do this to bring in [tool.robotpy] robotpy_version = \\\"2024.x.x.x\\\" robotpy_extras = [ # \\\"all\\\" # \\\"apriltag\\\" # \\\"commands2\\\" # \\\"cscore\\\" # \\\"navx\\\" # \\\"path…\",\"visible\":true,\"closed\":false,\"archived\":false,\"bookmarked\":null,\"liked\":null,\"tags\":[],\"tags_descriptions\":{},\"like_count\":3,\"views\":113,\"category_id\":77,\"featured_link\":null,\"has_accepted_answer\":false,\"sidecar_installed\":true,\"include_dominant_colour\":false,\"topic_post_id\":3460343,\"topic_post_liked\":false,\"topic_post_like_count\":3,\"topic_post_can_like\":false,\"topic_post_can_unlike\":false,\"topic_post_bookmarked\":false,\"topic_post_is_current_users\":null,\"topic_post_number\":1,\"topic_post_user\":{\"id\":11063,\"username\":\"virtuald\",\"name\":\"Dustin Spicuzza\",\"avatar_template\":\"/user_avatar/www.chiefdelphi.com/virtuald/{size}/65268_2.png\"},\"posters\":[{\"extras\":\"latest single\",\"description\":\"Original Poster, Most Recent Poster\",\"user\":{\"id\":11063,\"username\":\"virtuald\",\"name\":\"Dustin Spicuzza\",\"avatar_template\":\"/user_avatar/www.chiefdelphi.com/virtuald/{size}/65268_2.png\",\"trust_level\":2}}]},{\"id\":492626,\"title\":\"Code fails when starting simulator\",\"fancy_title\":\"Code fails when starting simulator\",\"slug\":\"code-fails-when-starting-simulator\",\"posts_count\":7,\"reply_count\":1,\"highest_post_number\":7,\"image_url\":null,\"created_at\":\"2025-02-21T21:42:10.570Z\",\"last_posted_at\":\"2025-02-24T13:59:50.933Z\",\"bumped\":true,\"bumped_at\":\"2025-02-24T13:59:50.933Z\",\"archetype\":\"regular\",\"unseen\":false,\"pinned\":false,\"unpinned\":null,\"excerpt\":\"How do you fix the following so that it works when starting the simulator? File “\\\\Users\\\\tom\\\\Desktop\\\\FRC2025\\\\robot_container.py”, line 50, in configure_button_bindings self.driver_controller.rightT…\",\"visible\":true,\"closed\":false,\"archived\":false,\"bookmarked\":null,\"liked\":null,\"tags\":[],\"tags_descriptions\":{},\"like_count\":1,\"views\":145,\"category_id\":77,\"featured_link\":null,\"has_accepted_answer\":false,\"sidecar_installed\":true,\"include_dominant_colour\":false,\"topic_post_id\":3535778,\"topic_post_liked\":false,\"topic_post_can_like\":false,\"topic_post_can_unlike\":false,\"topic_post_bookmarked\":false,\"topic_post_is_current_users\":null,\"topic_post_number\":1,\"topic_post_user\":{\"id\":36398,\"username\":\"tcorrigan5878\",\"name\":\"Tom Corrigan\",\"avatar_template\":\"/letter_avatar_proxy/v4/letter/t/779978/{size}.png\"},\"posters\":[{\"extras\":\"latest\",\"description\":\"Original Poster, Most Recent Poster\",\"user\":{\"id\":36398,\"username\":\"tcorrigan5878\",\"name\":\"Tom Corrigan\",\"avatar_template\":\"/letter_avatar_proxy/v4/letter/t/779978/{size}.png\",\"trust_level\":1}},{\"extras\":null,\"description\":\"Frequent Poster\",\"user\":{\"id\":27727,\"username\":\"Cr1spyBacon8r\",\"name\":\"Cr1spyBacon8r\",\"avatar_template\":\"/user_avatar/www.chiefdelphi.com/cr1spybacon8r/{size}/139984_2.png\",\"trust_level\":2}},{\"extras\":null,\"description\":\"Frequent Poster\",\"user\":{\"id\":52898,\"username\":\"mbardoe\",\"name\":\"Matthew Bardoe\",\"avatar_template\":\"/user_avatar/www.chiefdelphi.com/mbardoe/{size}/170899_2.png\",\"trust_level\":2}},{\"extras\":null,\"description\":\"Frequent Poster\",\"user\":{\"id\":31229,\"username\":\"auscompgeek\",\"name\":\"Davo\",\"avatar_template\":\"/user_avatar/www.chiefdelphi.com/auscompgeek/{size}/9867_2.png\",\"trust_level\":2}},{\"extras\":null,\"description\":\"Frequent Poster\",\"user\":{\"id\":24678,\"username\":\"Justin_Buist\",\"name\":\"Justin Buist\",\"avatar_template\":\"/letter_avatar_proxy/v4/letter/j/c77e96/{size}.png\",\"trust_level\":2}}]},{\"id\":503284,\"title\":\"Magicbot Feedback feature causes loop overruns\",\"fancy_title\":\"Magicbot Feedback feature causes loop overruns\",\"slug\":\"magicbot-feedback-feature-causes-loop-overruns\",\"posts_count\":9,\"reply_count\":5,\"highest_post_number\":9,\"image_url\":null,\"created_at\":\"2025-06-17T04:01:07.707Z\",\"last_posted_at\":\"2025-06-18T14:47:36.022Z\",\"bumped\":true,\"bumped_at\":\"2025-06-18T14:47:36.022Z\",\"archetype\":\"regular\",\"unseen\":false,\"pinned\":false,\"unpinned\":null,\"excerpt\":\"I was reviewing some log files from earlier in the season today and started to notice a weird pattern. When disabled, our logged values would update every 20ms, like expected. (We used the feedback de…\",\"visible\":true,\"closed\":false,\"archived\":false,\"bookmarked\":null,\"liked\":null,\"tags\":[],\"tags_descriptions\":{},\"like_count\":9,\"views\":246,\"category_id\":77,\"featured_link\":null,\"has_accepted_answer\":false,\"sidecar_installed\":true,\"include_dominant_colour\":false,\"topic_post_id\":3656223,\"topic_post_liked\":false,\"topic_post_like_count\":1,\"topic_post_can_like\":false,\"topic_post_can_unlike\":false,\"topic_post_bookmarked\":false,\"topic_post_is_current_users\":null,\"topic_post_number\":1,\"topic_post_user\":{\"id\":62698,\"username\":\"CakeDeer6\",\"name\":\"Ethan Grieshop\",\"avatar_template\":\"/user_avatar/www.chiefdelphi.com/cakedeer6/{size}/264680_2.png\"},\"posters\":[{\"extras\":\"latest\",\"description\":\"Original Poster, Most Recent Poster\",\"user\":{\"id\":62698,\"username\":\"CakeDeer6\",\"name\":\"Ethan Grieshop\",\"avatar_template\":\"/user_avatar/www.chiefdelphi.com/cakedeer6/{size}/264680_2.png\",\"trust_level\":2}},{\"extras\":null,\"description\":\"Frequent Poster\",\"user\":{\"id\":11063,\"username\":\"virtuald\",\"name\":\"Dustin Spicuzza\",\"avatar_template\":\"/user_avatar/www.chiefdelphi.com/virtuald/{size}/65268_2.png\",\"trust_level\":2}},{\"extras\":null,\"description\":\"Frequent Poster\",\"user\":{\"id\":31229,\"username\":\"auscompgeek\",\"name\":\"Davo\",\"avatar_template\":\"/user_avatar/www.chiefdelphi.com/auscompgeek/{size}/9867_2.png\",\"trust_level\":2}}]}],\"tags\":[\"robot\",\"python\",\"test\"],\"tags_descriptions\":{},\"id\":494371,\"title\":\"Tests are not running in RobotPy\",\"fancy_title\":\"Tests are not running in RobotPy\",\"posts_count\":7,\"created_at\":\"2025-03-05T18:10:45.375Z\",\"views\":111,\"reply_count\":5,\"like_count\":1,\"last_posted_at\":\"2025-03-07T05:09:08.984Z\",\"visible\":true,\"closed\":false,\"archived\":false,\"has_summary\":false,\"archetype\":\"regular\",\"slug\":\"tests-are-not-running-in-robotpy\",\"category_id\":77,\"word_count\":2259,\"deleted_at\":null,\"user_id\":47943,\"featured_link\":null,\"pinned_globally\":false,\"pinned_at\":null,\"pinned_until\":null,\"image_url\":\"https://www.chiefdelphi.com/uploads/default/optimized/3X/6/e/6e623a5c0e49316b4cbe9992c7e342e0b9cff78b_2_1024x418.png\",\"slow_mode_seconds\":0,\"draft\":null,\"draft_key\":\"topic_494371\",\"draft_sequence\":null,\"unpinned\":null,\"pinned\":false,\"current_post_number\":1,\"highest_post_number\":7,\"deleted_by\":null,\"actions_summary\":[{\"id\":4,\"count\":0,\"hidden\":false,\"can_act\":false},{\"id\":8,\"count\":0,\"hidden\":false,\"can_act\":false},{\"id\":10,\"count\":0,\"hidden\":false,\"can_act\":false},{\"id\":7,\"count\":0,\"hidden\":false,\"can_act\":false}],\"chunk_size\":20,\"bookmarked\":false,\"topic_timer\":{\"id\":45064,\"execute_at\":\"2026-03-07T05:09:08.984Z\",\"duration_minutes\":525600,\"based_on_last_post\":true,\"status_type\":\"close\",\"category_id\":null},\"message_bus_last_id\":0,\"participant_count\":2,\"show_read_indicator\":false,\"thumbnails\":[{\"max_width\":null,\"max_height\":null,\"width\":1913,\"height\":782,\"url\":\"https://www.chiefdelphi.com/uploads/default/original/3X/6/e/6e623a5c0e49316b4cbe9992c7e342e0b9cff78b.png\"},{\"max_width\":1024,\"max_height\":1024,\"width\":1024,\"height\":418,\"url\":\"https://www.chiefdelphi.com/uploads/default/optimized/3X/6/e/6e623a5c0e49316b4cbe9992c7e342e0b9cff78b_2_1024x418.png\"}],\"slow_mode_enabled_until\":null,\"valid_reactions\":[\"heart\",\"laughing\",\"point_up\",\"+1\",\"-1\",\"100\",\"open_mouth\",\"cry\",\"question\",\"thinking\",\"call_me_hand\",\"hugs\",\"angry\"],\"accepted_answer\":{\"post_number\":6,\"username\":\"virtuald\",\"name\":null,\"excerpt\":\"I note that you have rev as a dependency. Since you mentioned that other computers worked, there was a hanging bug in the initial versions of the revlib library this year. Likely the computer that is failing has an older version installed. \\nAdd the following to your pyproject.toml and run robotpy sy\\u0026hellip;\",\"accepter_name\":null},\"user_chosen_thumbnail_url\":null,\"sidecar_installed\":true,\"details\":{\"can_edit\":false,\"notification_level\":1,\"participants\":[{\"id\":47943,\"username\":\"megarubber\",\"name\":\"Guilherme Samuel\",\"avatar_template\":\"/user_avatar/www.chiefdelphi.com/megarubber/{size}/172063_2.png\",\"post_count\":4,\"primary_group_name\":null,\"flair_name\":null,\"flair_url\":null,\"flair_color\":null,\"flair_bg_color\":null,\"flair_group_id\":null,\"trust_level\":2},{\"id\":11063,\"username\":\"virtuald\",\"name\":\"Dustin Spicuzza\",\"avatar_template\":\"/user_avatar/www.chiefdelphi.com/virtuald/{size}/65268_2.png\",\"post_count\":3,\"primary_group_name\":null,\"flair_name\":null,\"flair_url\":null,\"flair_color\":null,\"flair_bg_color\":null,\"flair_group_id\":null,\"trust_level\":2}],\"created_by\":{\"id\":47943,\"username\":\"megarubber\",\"name\":\"Guilherme Samuel\",\"avatar_template\":\"/user_avatar/www.chiefdelphi.com/megarubber/{size}/172063_2.png\"},\"last_poster\":{\"id\":47943,\"username\":\"megarubber\",\"name\":\"Guilherme Samuel\",\"avatar_template\":\"/user_avatar/www.chiefdelphi.com/megarubber/{size}/172063_2.png\"},\"links\":[{\"url\":\"https://github.com/TaubatexasRobotics/2025-season-robot-code/tree/feat/photonvision\",\"title\":\"GitHub - TaubatexasRobotics/2025-season-robot-code at feat/photonvision\",\"internal\":false,\"attachment\":false,\"reflection\":false,\"clicks\":1,\"user_id\":47943,\"domain\":\"github.com\",\"root_domain\":\"github.com\"}]},\"bookmarks\":[]}"}
